{"/Users/admin/Documents/projeto-livraria/frontend/src/App.jsx": {"path":"/Users/admin/Documents/projeto-livraria/frontend/src/App.jsx","statementMap":{"0":{"start":{"line":15,"column":12},"end":{"line":45,"column":1}},"1":{"start":{"line":16,"column":2},"end":{"line":44,"column":3}}},"fnMap":{"0":{"name":"(anonymous_0)","decl":{"start":{"line":15,"column":12},"end":{"line":15,"column":13}},"loc":{"start":{"line":15,"column":18},"end":{"line":45,"column":1}},"line":15}},"branchMap":{},"s":{"0":2,"1":2},"f":{"0":2},"b":{},"_coverageSchema":"1a1c01bbd47fc00a2c39e90264f33305004495a9","hash":"4f00a50b8f93038de6b59b4f86387925a0a6dd8c"}
,"/Users/admin/Documents/projeto-livraria/frontend/src/assets/data.jsx": {"path":"/Users/admin/Documents/projeto-livraria/frontend/src/assets/data.jsx","statementMap":{"0":{"start":{"line":48,"column":26},"end":{"line":73,"column":1}},"1":{"start":{"line":75,"column":21},"end":{"line":446,"column":1}},"2":{"start":{"line":448,"column":28},"end":{"line":468,"column":1}},"3":{"start":{"line":470,"column":35},"end":{"line":476,"column":1}},"4":{"start":{"line":478,"column":23},"end":{"line":487,"column":1}}},"fnMap":{},"branchMap":{},"s":{"0":6,"1":6,"2":6,"3":6,"4":6},"f":{},"b":{},"_coverageSchema":"1a1c01bbd47fc00a2c39e90264f33305004495a9","hash":"33625a324c7fd8009aa009f5b91a624ea0dabd1e"}
,"/Users/admin/Documents/projeto-livraria/frontend/src/components/About.jsx": {"path":"/Users/admin/Documents/projeto-livraria/frontend/src/components/About.jsx","statementMap":{"0":{"start":{"line":6,"column":14},"end":{"line":64,"column":1}},"1":{"start":{"line":7,"column":2},"end":{"line":63,"column":3}}},"fnMap":{"0":{"name":"(anonymous_0)","decl":{"start":{"line":6,"column":14},"end":{"line":6,"column":15}},"loc":{"start":{"line":6,"column":20},"end":{"line":64,"column":1}},"line":6}},"branchMap":{},"s":{"0":3,"1":6},"f":{"0":6},"b":{},"_coverageSchema":"1a1c01bbd47fc00a2c39e90264f33305004495a9","hash":"5a9d693c48e4a0d099514fe2412fe40837d72c68"}
,"/Users/admin/Documents/projeto-livraria/frontend/src/components/CartTotal.jsx": {"path":"/Users/admin/Documents/projeto-livraria/frontend/src/components/CartTotal.jsx","statementMap":{"0":{"start":{"line":5,"column":18},"end":{"line":32,"column":1}},"1":{"start":{"line":7,"column":58},"end":{"line":7,"column":81}},"2":{"start":{"line":9,"column":4},"end":{"line":31,"column":5}}},"fnMap":{"0":{"name":"(anonymous_0)","decl":{"start":{"line":5,"column":18},"end":{"line":5,"column":19}},"loc":{"start":{"line":5,"column":24},"end":{"line":32,"column":1}},"line":5}},"branchMap":{"0":{"loc":{"start":{"line":22,"column":63},"end":{"line":22,"column":131}},"type":"cond-expr","locations":[{"start":{"line":22,"column":87},"end":{"line":22,"column":93}},{"start":{"line":22,"column":96},"end":{"line":22,"column":131}}],"line":22},"1":{"loc":{"start":{"line":27,"column":71},"end":{"line":27,"column":138}},"type":"cond-expr","locations":[{"start":{"line":27,"column":95},"end":{"line":27,"column":101}},{"start":{"line":27,"column":104},"end":{"line":27,"column":138}}],"line":27}},"s":{"0":4,"1":12,"2":12},"f":{"0":12},"b":{"0":[2,10],"1":[2,10]},"_coverageSchema":"1a1c01bbd47fc00a2c39e90264f33305004495a9","hash":"66477e4269b3ec43d1baa86ff4e4cf0820eeb0a2"}
,"/Users/admin/Documents/projeto-livraria/frontend/src/components/Features.jsx": {"path":"/Users/admin/Documents/projeto-livraria/frontend/src/components/Features.jsx","statementMap":{"0":{"start":{"line":7,"column":17},"end":{"line":63,"column":1}},"1":{"start":{"line":8,"column":2},"end":{"line":62,"column":3}}},"fnMap":{"0":{"name":"(anonymous_0)","decl":{"start":{"line":7,"column":17},"end":{"line":7,"column":18}},"loc":{"start":{"line":7,"column":23},"end":{"line":63,"column":1}},"line":7}},"branchMap":{},"s":{"0":3,"1":13},"f":{"0":13},"b":{},"_coverageSchema":"1a1c01bbd47fc00a2c39e90264f33305004495a9","hash":"f4aa7bd41deb0d4715731e96973803e5bc0be62f"}
,"/Users/admin/Documents/projeto-livraria/frontend/src/components/Footer.jsx": {"path":"/Users/admin/Documents/projeto-livraria/frontend/src/components/Footer.jsx","statementMap":{"0":{"start":{"line":6,"column":15},"end":{"line":110,"column":1}},"1":{"start":{"line":7,"column":2},"end":{"line":109,"column":3}},"2":{"start":{"line":63,"column":14},"end":{"line":69,"column":29}},"3":{"start":{"line":66,"column":20},"end":{"line":66,"column":151}},"4":{"start":{"line":75,"column":18},"end":{"line":78,"column":25}},"5":{"start":{"line":87,"column":20},"end":{"line":89,"column":27}},"6":{"start":{"line":114,"column":21},"end":{"line":121,"column":1}},"7":{"start":{"line":115,"column":2},"end":{"line":120,"column":3}}},"fnMap":{"0":{"name":"(anonymous_0)","decl":{"start":{"line":6,"column":15},"end":{"line":6,"column":16}},"loc":{"start":{"line":6,"column":21},"end":{"line":110,"column":1}},"line":6},"1":{"name":"(anonymous_1)","decl":{"start":{"line":62,"column":30},"end":{"line":62,"column":31}},"loc":{"start":{"line":63,"column":14},"end":{"line":69,"column":29}},"line":63},"2":{"name":"(anonymous_2)","decl":{"start":{"line":65,"column":33},"end":{"line":65,"column":34}},"loc":{"start":{"line":66,"column":20},"end":{"line":66,"column":151}},"line":66},"3":{"name":"(anonymous_3)","decl":{"start":{"line":74,"column":47},"end":{"line":74,"column":48}},"loc":{"start":{"line":75,"column":18},"end":{"line":78,"column":25}},"line":75},"4":{"name":"(anonymous_4)","decl":{"start":{"line":86,"column":37},"end":{"line":86,"column":38}},"loc":{"start":{"line":87,"column":20},"end":{"line":89,"column":27}},"line":87},"5":{"name":"(anonymous_5)","decl":{"start":{"line":114,"column":21},"end":{"line":114,"column":22}},"loc":{"start":{"line":114,"column":46},"end":{"line":121,"column":1}},"line":114}},"branchMap":{},"s":{"0":7,"1":47,"2":92,"3":409,"4":94,"5":229,"6":7,"7":186},"f":{"0":47,"1":92,"2":409,"3":94,"4":229,"5":186},"b":{},"_coverageSchema":"1a1c01bbd47fc00a2c39e90264f33305004495a9","hash":"88dd6b40c043c6692ab1fc9102b95e676c25cec4"}
,"/Users/admin/Documents/projeto-livraria/frontend/src/components/Header.jsx": {"path":"/Users/admin/Documents/projeto-livraria/frontend/src/components/Header.jsx","statementMap":{"0":{"start":{"line":11,"column":15},"end":{"line":85,"column":1}},"1":{"start":{"line":13,"column":70},"end":{"line":13,"column":93}},"2":{"start":{"line":14,"column":32},"end":{"line":14,"column":47}},"3":{"start":{"line":15,"column":40},"end":{"line":15,"column":55}},"4":{"start":{"line":17,"column":23},"end":{"line":19,"column":5}},"5":{"start":{"line":18,"column":8},"end":{"line":18,"column":38}},"6":{"start":{"line":18,"column":32},"end":{"line":18,"column":37}},"7":{"start":{"line":21,"column":19},"end":{"line":26,"column":5}},"8":{"start":{"line":22,"column":8},"end":{"line":22,"column":26}},"9":{"start":{"line":23,"column":8},"end":{"line":23,"column":40}},"10":{"start":{"line":24,"column":8},"end":{"line":24,"column":20}},"11":{"start":{"line":25,"column":8},"end":{"line":25,"column":24}},"12":{"start":{"line":28,"column":4},"end":{"line":44,"column":20}},"13":{"start":{"line":29,"column":29},"end":{"line":38,"column":9}},"14":{"start":{"line":30,"column":12},"end":{"line":35,"column":13}},"15":{"start":{"line":32,"column":16},"end":{"line":34,"column":17}},"16":{"start":{"line":33,"column":20},"end":{"line":33,"column":40}},"17":{"start":{"line":37,"column":12},"end":{"line":37,"column":42}},"18":{"start":{"line":39,"column":8},"end":{"line":39,"column":55}},"19":{"start":{"line":41,"column":8},"end":{"line":43,"column":9}},"20":{"start":{"line":42,"column":12},"end":{"line":42,"column":62}},"21":{"start":{"line":46,"column":4},"end":{"line":84,"column":5}},"22":{"start":{"line":71,"column":54},"end":{"line":71,"column":72}},"23":{"start":{"line":76,"column":50},"end":{"line":76,"column":69}}},"fnMap":{"0":{"name":"(anonymous_0)","decl":{"start":{"line":11,"column":15},"end":{"line":11,"column":16}},"loc":{"start":{"line":11,"column":21},"end":{"line":85,"column":1}},"line":11},"1":{"name":"(anonymous_1)","decl":{"start":{"line":17,"column":23},"end":{"line":17,"column":24}},"loc":{"start":{"line":17,"column":29},"end":{"line":19,"column":5}},"line":17},"2":{"name":"(anonymous_2)","decl":{"start":{"line":18,"column":22},"end":{"line":18,"column":23}},"loc":{"start":{"line":18,"column":32},"end":{"line":18,"column":37}},"line":18},"3":{"name":"(anonymous_3)","decl":{"start":{"line":21,"column":19},"end":{"line":21,"column":20}},"loc":{"start":{"line":21,"column":23},"end":{"line":26,"column":5}},"line":21},"4":{"name":"(anonymous_4)","decl":{"start":{"line":28,"column":14},"end":{"line":28,"column":15}},"loc":{"start":{"line":28,"column":20},"end":{"line":44,"column":5}},"line":28},"5":{"name":"(anonymous_5)","decl":{"start":{"line":29,"column":29},"end":{"line":29,"column":30}},"loc":{"start":{"line":29,"column":35},"end":{"line":38,"column":9}},"line":29},"6":{"name":"(anonymous_6)","decl":{"start":{"line":41,"column":15},"end":{"line":41,"column":16}},"loc":{"start":{"line":41,"column":21},"end":{"line":43,"column":9}},"line":41},"7":{"name":"(anonymous_7)","decl":{"start":{"line":71,"column":49},"end":{"line":71,"column":50}},"loc":{"start":{"line":71,"column":54},"end":{"line":71,"column":72}},"line":71},"8":{"name":"(anonymous_8)","decl":{"start":{"line":76,"column":45},"end":{"line":76,"column":46}},"loc":{"start":{"line":76,"column":50},"end":{"line":76,"column":69}},"line":76}},"branchMap":{"0":{"loc":{"start":{"line":30,"column":12},"end":{"line":35,"column":13}},"type":"if","locations":[{"start":{"line":30,"column":12},"end":{"line":35,"column":13}},{"start":{},"end":{}}],"line":30},"1":{"loc":{"start":{"line":32,"column":16},"end":{"line":34,"column":17}},"type":"if","locations":[{"start":{"line":32,"column":16},"end":{"line":34,"column":17}},{"start":{},"end":{}}],"line":32},"2":{"loc":{"start":{"line":48,"column":31},"end":{"line":48,"column":125}},"type":"cond-expr","locations":[{"start":{"line":48,"column":40},"end":{"line":48,"column":85}},{"start":{"line":48,"column":88},"end":{"line":48,"column":125}}],"line":48},"3":{"loc":{"start":{"line":57,"column":96},"end":{"line":57,"column":283}},"type":"cond-expr","locations":[{"start":{"line":57,"column":109},"end":{"line":57,"column":209}},{"start":{"line":57,"column":212},"end":{"line":57,"column":283}}],"line":57},"4":{"loc":{"start":{"line":68,"column":29},"end":{"line":72,"column":29}},"type":"cond-expr","locations":[{"start":{"line":69,"column":32},"end":{"line":69,"column":160}},{"start":{"line":71,"column":32},"end":{"line":71,"column":162}}],"line":68},"5":{"loc":{"start":{"line":74,"column":25},"end":{"line":79,"column":27}},"type":"binary-expr","locations":[{"start":{"line":74,"column":25},"end":{"line":74,"column":30}},{"start":{"line":74,"column":34},"end":{"line":79,"column":27}}],"line":74}},"s":{"0":5,"1":11,"2":11,"3":11,"4":11,"5":0,"6":0,"7":11,"8":0,"9":0,"10":0,"11":0,"12":11,"13":10,"14":0,"15":0,"16":0,"17":0,"18":10,"19":10,"20":10,"21":11,"22":1,"23":0},"f":{"0":11,"1":0,"2":0,"3":0,"4":10,"5":0,"6":10,"7":1,"8":0},"b":{"0":[0,0],"1":[0,0],"2":[0,11],"3":[0,11],"4":[3,8],"5":[11,3]},"_coverageSchema":"1a1c01bbd47fc00a2c39e90264f33305004495a9","hash":"7b416ef19ebeef115ff2e273be2320564b402a68"}
,"/Users/admin/Documents/projeto-livraria/frontend/src/components/Hero.jsx": {"path":"/Users/admin/Documents/projeto-livraria/frontend/src/components/Hero.jsx","statementMap":{"0":{"start":{"line":6,"column":13},"end":{"line":72,"column":1}},"1":{"start":{"line":7,"column":4},"end":{"line":71,"column":5}}},"fnMap":{"0":{"name":"(anonymous_0)","decl":{"start":{"line":6,"column":13},"end":{"line":6,"column":14}},"loc":{"start":{"line":6,"column":19},"end":{"line":72,"column":1}},"line":6}},"branchMap":{},"s":{"0":3,"1":2},"f":{"0":2},"b":{},"_coverageSchema":"1a1c01bbd47fc00a2c39e90264f33305004495a9","hash":"2d3824d63198a28843803ccba97aa0b7db3145d4"}
,"/Users/admin/Documents/projeto-livraria/frontend/src/components/Item.jsx": {"path":"/Users/admin/Documents/projeto-livraria/frontend/src/components/Item.jsx","statementMap":{"0":{"start":{"line":5,"column":13},"end":{"line":49,"column":1}},"1":{"start":{"line":7,"column":34},"end":{"line":7,"column":57}},"2":{"start":{"line":9,"column":2},"end":{"line":48,"column":3}},"3":{"start":{"line":17,"column":36},"end":{"line":17,"column":55}},"4":{"start":{"line":42,"column":20},"end":{"line":42,"column":72}}},"fnMap":{"0":{"name":"(anonymous_0)","decl":{"start":{"line":5,"column":13},"end":{"line":5,"column":14}},"loc":{"start":{"line":5,"column":25},"end":{"line":49,"column":1}},"line":5},"1":{"name":"(anonymous_1)","decl":{"start":{"line":17,"column":31},"end":{"line":17,"column":32}},"loc":{"start":{"line":17,"column":36},"end":{"line":17,"column":55}},"line":17},"2":{"name":"(anonymous_2)","decl":{"start":{"line":41,"column":35},"end":{"line":41,"column":36}},"loc":{"start":{"line":42,"column":20},"end":{"line":42,"column":72}},"line":42}},"branchMap":{},"s":{"0":8,"1":126,"2":126,"3":3,"4":630},"f":{"0":126,"1":3,"2":630},"b":{},"_coverageSchema":"1a1c01bbd47fc00a2c39e90264f33305004495a9","hash":"df0c1eeaf809e2600dc68468ae60bf5496e7ad4c"}
,"/Users/admin/Documents/projeto-livraria/frontend/src/components/Navbar.jsx": {"path":"/Users/admin/Documents/projeto-livraria/frontend/src/components/Navbar.jsx","statementMap":{"0":{"start":{"line":7,"column":15},"end":{"line":48,"column":1}},"1":{"start":{"line":8,"column":21},"end":{"line":12,"column":5}},"2":{"start":{"line":14,"column":4},"end":{"line":47,"column":5}},"3":{"start":{"line":27,"column":16},"end":{"line":44,"column":22}},"4":{"start":{"line":36,"column":28},"end":{"line":38,"column":153}}},"fnMap":{"0":{"name":"(anonymous_0)","decl":{"start":{"line":7,"column":15},"end":{"line":7,"column":16}},"loc":{"start":{"line":7,"column":64},"end":{"line":48,"column":1}},"line":7},"1":{"name":"(anonymous_1)","decl":{"start":{"line":26,"column":26},"end":{"line":26,"column":27}},"loc":{"start":{"line":27,"column":16},"end":{"line":44,"column":22}},"line":27},"2":{"name":"(anonymous_2)","decl":{"start":{"line":35,"column":52},"end":{"line":35,"column":53}},"loc":{"start":{"line":36,"column":28},"end":{"line":38,"column":153}},"line":36}},"branchMap":{"0":{"loc":{"start":{"line":17,"column":13},"end":{"line":25,"column":13}},"type":"binary-expr","locations":[{"start":{"line":17,"column":13},"end":{"line":17,"column":23}},{"start":{"line":18,"column":16},"end":{"line":24,"column":19}}],"line":17},"1":{"loc":{"start":{"line":29,"column":21},"end":{"line":42,"column":35}},"type":"cond-expr","locations":[{"start":{"line":30,"column":24},"end":{"line":33,"column":28}},{"start":{"line":35,"column":24},"end":{"line":42,"column":34}}],"line":29},"2":{"loc":{"start":{"line":30,"column":36},"end":{"line":30,"column":71}},"type":"cond-expr","locations":[{"start":{"line":30,"column":49},"end":{"line":30,"column":59}},{"start":{"line":30,"column":62},"end":{"line":30,"column":71}}],"line":30},"3":{"loc":{"start":{"line":36,"column":28},"end":{"line":38,"column":153}},"type":"cond-expr","locations":[{"start":{"line":37,"column":34},"end":{"line":37,"column":121}},{"start":{"line":38,"column":34},"end":{"line":38,"column":153}}],"line":36}},"s":{"0":6,"1":24,"2":24,"3":72,"4":48},"f":{"0":24,"1":72,"2":48},"b":{"0":[24,4],"1":[24,48],"2":[4,20],"3":[0,48]},"_coverageSchema":"1a1c01bbd47fc00a2c39e90264f33305004495a9","hash":"255d796f7049b4fb683b618a2d40ee223aee45be"}
,"/Users/admin/Documents/projeto-livraria/frontend/src/components/NewArrivals.jsx": {"path":"/Users/admin/Documents/projeto-livraria/frontend/src/components/NewArrivals.jsx","statementMap":{"0":{"start":{"line":12,"column":20},"end":{"line":79,"column":1}},"1":{"start":{"line":14,"column":20},"end":{"line":14,"column":43}},"2":{"start":{"line":15,"column":42},"end":{"line":15,"column":54}},"3":{"start":{"line":18,"column":4},"end":{"line":21,"column":15}},"4":{"start":{"line":19,"column":21},"end":{"line":19,"column":38}},"5":{"start":{"line":20,"column":8},"end":{"line":20,"column":38}},"6":{"start":{"line":23,"column":4},"end":{"line":78,"column":5}},"7":{"start":{"line":64,"column":28},"end":{"line":68,"column":42}}},"fnMap":{"0":{"name":"(anonymous_0)","decl":{"start":{"line":12,"column":20},"end":{"line":12,"column":21}},"loc":{"start":{"line":12,"column":26},"end":{"line":79,"column":1}},"line":12},"1":{"name":"(anonymous_1)","decl":{"start":{"line":18,"column":14},"end":{"line":18,"column":15}},"loc":{"start":{"line":18,"column":18},"end":{"line":21,"column":5}},"line":18},"2":{"name":"(anonymous_2)","decl":{"start":{"line":63,"column":41},"end":{"line":63,"column":42}},"loc":{"start":{"line":64,"column":28},"end":{"line":68,"column":42}},"line":64}},"branchMap":{},"s":{"0":3,"1":16,"2":16,"3":16,"4":8,"5":8,"6":16,"7":48},"f":{"0":16,"1":8,"2":48},"b":{},"_coverageSchema":"1a1c01bbd47fc00a2c39e90264f33305004495a9","hash":"44c1f2a034b4abb20d9781030865f0baea2c0760"}
,"/Users/admin/Documents/projeto-livraria/frontend/src/components/PopularBooks.jsx": {"path":"/Users/admin/Documents/projeto-livraria/frontend/src/components/PopularBooks.jsx","statementMap":{"0":{"start":{"line":6,"column":21},"end":{"line":40,"column":1}},"1":{"start":{"line":8,"column":18},"end":{"line":8,"column":41}},"2":{"start":{"line":9,"column":42},"end":{"line":9,"column":54}},"3":{"start":{"line":11,"column":2},"end":{"line":14,"column":13}},"4":{"start":{"line":12,"column":17},"end":{"line":12,"column":51}},"5":{"start":{"line":12,"column":38},"end":{"line":12,"column":50}},"6":{"start":{"line":13,"column":4},"end":{"line":13,"column":37}},"7":{"start":{"line":16,"column":2},"end":{"line":39,"column":3}},"8":{"start":{"line":26,"column":12},"end":{"line":30,"column":18}}},"fnMap":{"0":{"name":"(anonymous_0)","decl":{"start":{"line":6,"column":21},"end":{"line":6,"column":22}},"loc":{"start":{"line":6,"column":27},"end":{"line":40,"column":1}},"line":6},"1":{"name":"(anonymous_1)","decl":{"start":{"line":11,"column":12},"end":{"line":11,"column":13}},"loc":{"start":{"line":11,"column":16},"end":{"line":14,"column":3}},"line":11},"2":{"name":"(anonymous_2)","decl":{"start":{"line":12,"column":30},"end":{"line":12,"column":31}},"loc":{"start":{"line":12,"column":38},"end":{"line":12,"column":50}},"line":12},"3":{"name":"(anonymous_3)","decl":{"start":{"line":25,"column":28},"end":{"line":25,"column":29}},"loc":{"start":{"line":26,"column":12},"end":{"line":30,"column":18}},"line":26}},"branchMap":{},"s":{"0":3,"1":4,"2":4,"3":4,"4":2,"5":8,"6":2,"7":4,"8":6},"f":{"0":4,"1":2,"2":8,"3":6},"b":{},"_coverageSchema":"1a1c01bbd47fc00a2c39e90264f33305004495a9","hash":"a24da678522d462dbb3ed55eace48b6094d3867e"}
,"/Users/admin/Documents/projeto-livraria/frontend/src/components/Title.jsx": {"path":"/Users/admin/Documents/projeto-livraria/frontend/src/components/Title.jsx","statementMap":{"0":{"start":{"line":3,"column":14},"end":{"line":17,"column":1}},"1":{"start":{"line":4,"column":2},"end":{"line":16,"column":3}}},"fnMap":{"0":{"name":"(anonymous_0)","decl":{"start":{"line":3,"column":14},"end":{"line":3,"column":15}},"loc":{"start":{"line":3,"column":75},"end":{"line":17,"column":1}},"line":3}},"branchMap":{},"s":{"0":14,"1":164},"f":{"0":164},"b":{},"_coverageSchema":"1a1c01bbd47fc00a2c39e90264f33305004495a9","hash":"13e4667f6d1a704f4a1282abba819c8acde7a2aa"}
,"/Users/admin/Documents/projeto-livraria/frontend/src/context/ShopContext.jsx": {"path":"/Users/admin/Documents/projeto-livraria/frontend/src/context/ShopContext.jsx","statementMap":{"0":{"start":{"line":6,"column":27},"end":{"line":6,"column":42}},"1":{"start":{"line":11,"column":4},"end":{"line":13,"column":5}},"2":{"start":{"line":12,"column":8},"end":{"line":12,"column":39}},"3":{"start":{"line":16,"column":4},"end":{"line":21,"column":5}},"4":{"start":{"line":17,"column":8},"end":{"line":17,"column":75}},"5":{"start":{"line":20,"column":8},"end":{"line":20,"column":39}},"6":{"start":{"line":24,"column":28},"end":{"line":151,"column":1}},"7":{"start":{"line":26,"column":21},"end":{"line":26,"column":24}},"8":{"start":{"line":27,"column":29},"end":{"line":27,"column":30}},"9":{"start":{"line":28,"column":23},"end":{"line":28,"column":38}},"10":{"start":{"line":29,"column":21},"end":{"line":29,"column":34}},"11":{"start":{"line":30,"column":30},"end":{"line":30,"column":42}},"12":{"start":{"line":31,"column":30},"end":{"line":31,"column":42}},"13":{"start":{"line":32,"column":38},"end":{"line":32,"column":50}},"14":{"start":{"line":35,"column":22},"end":{"line":54,"column":5}},"15":{"start":{"line":36,"column":25},"end":{"line":36,"column":41}},"16":{"start":{"line":38,"column":8},"end":{"line":42,"column":9}},"17":{"start":{"line":39,"column":12},"end":{"line":39,"column":33}},"18":{"start":{"line":41,"column":12},"end":{"line":41,"column":32}},"19":{"start":{"line":43,"column":8},"end":{"line":43,"column":30}},"20":{"start":{"line":45,"column":8},"end":{"line":53,"column":9}},"21":{"start":{"line":46,"column":12},"end":{"line":52,"column":13}},"22":{"start":{"line":47,"column":16},"end":{"line":47,"column":98}},"23":{"start":{"line":50,"column":16},"end":{"line":50,"column":34}},"24":{"start":{"line":51,"column":16},"end":{"line":51,"column":42}},"25":{"start":{"line":58,"column":25},"end":{"line":70,"column":5}},"26":{"start":{"line":59,"column":25},"end":{"line":59,"column":26}},"27":{"start":{"line":60,"column":8},"end":{"line":68,"column":9}},"28":{"start":{"line":61,"column":12},"end":{"line":67,"column":13}},"29":{"start":{"line":62,"column":16},"end":{"line":64,"column":17}},"30":{"start":{"line":63,"column":20},"end":{"line":63,"column":49}},"31":{"start":{"line":66,"column":16},"end":{"line":66,"column":34}},"32":{"start":{"line":69,"column":8},"end":{"line":69,"column":26}},"33":{"start":{"line":74,"column":26},"end":{"line":85,"column":5}},"34":{"start":{"line":75,"column":26},"end":{"line":75,"column":27}},"35":{"start":{"line":76,"column":8},"end":{"line":83,"column":9}},"36":{"start":{"line":77,"column":12},"end":{"line":82,"column":13}},"37":{"start":{"line":78,"column":31},"end":{"line":78,"column":70}},"38":{"start":{"line":78,"column":52},"end":{"line":78,"column":69}},"39":{"start":{"line":79,"column":16},"end":{"line":81,"column":17}},"40":{"start":{"line":80,"column":20},"end":{"line":80,"column":67}},"41":{"start":{"line":84,"column":8},"end":{"line":84,"column":26}},"42":{"start":{"line":89,"column":27},"end":{"line":102,"column":5}},"43":{"start":{"line":90,"column":25},"end":{"line":90,"column":41}},"44":{"start":{"line":91,"column":8},"end":{"line":91,"column":35}},"45":{"start":{"line":92,"column":8},"end":{"line":92,"column":30}},"46":{"start":{"line":94,"column":8},"end":{"line":101,"column":9}},"47":{"start":{"line":95,"column":12},"end":{"line":100,"column":13}},"48":{"start":{"line":96,"column":16},"end":{"line":96,"column":111}},"49":{"start":{"line":98,"column":16},"end":{"line":98,"column":34}},"50":{"start":{"line":99,"column":16},"end":{"line":99,"column":42}},"51":{"start":{"line":106,"column":28},"end":{"line":118,"column":5}},"52":{"start":{"line":107,"column":8},"end":{"line":117,"column":9}},"53":{"start":{"line":108,"column":29},"end":{"line":108,"column":78}},"54":{"start":{"line":109,"column":12},"end":{"line":113,"column":13}},"55":{"start":{"line":110,"column":16},"end":{"line":110,"column":48}},"56":{"start":{"line":112,"column":16},"end":{"line":112,"column":50}},"57":{"start":{"line":115,"column":12},"end":{"line":115,"column":30}},"58":{"start":{"line":116,"column":12},"end":{"line":116,"column":38}},"59":{"start":{"line":121,"column":24},"end":{"line":131,"column":5}},"60":{"start":{"line":122,"column":8},"end":{"line":130,"column":9}},"61":{"start":{"line":123,"column":29},"end":{"line":123,"column":103}},"62":{"start":{"line":124,"column":12},"end":{"line":126,"column":13}},"63":{"start":{"line":125,"column":16},"end":{"line":125,"column":52}},"64":{"start":{"line":128,"column":12},"end":{"line":128,"column":30}},"65":{"start":{"line":129,"column":12},"end":{"line":129,"column":38}},"66":{"start":{"line":134,"column":4},"end":{"line":141,"column":10}},"67":{"start":{"line":135,"column":8},"end":{"line":139,"column":9}},"68":{"start":{"line":136,"column":12},"end":{"line":136,"column":51}},"69":{"start":{"line":137,"column":12},"end":{"line":137,"column":54}},"70":{"start":{"line":140,"column":8},"end":{"line":140,"column":25}},"71":{"start":{"line":144,"column":25},"end":{"line":144,"column":182}},"72":{"start":{"line":146,"column":4},"end":{"line":150,"column":5}}},"fnMap":{"0":{"name":"getBackendUrl","decl":{"start":{"line":9,"column":9},"end":{"line":9,"column":22}},"loc":{"start":{"line":9,"column":25},"end":{"line":22,"column":1}},"line":9},"1":{"name":"(anonymous_1)","decl":{"start":{"line":24,"column":28},"end":{"line":24,"column":29}},"loc":{"start":{"line":24,"column":39},"end":{"line":151,"column":1}},"line":24},"2":{"name":"(anonymous_2)","decl":{"start":{"line":35,"column":22},"end":{"line":35,"column":23}},"loc":{"start":{"line":35,"column":40},"end":{"line":54,"column":5}},"line":35},"3":{"name":"(anonymous_3)","decl":{"start":{"line":58,"column":25},"end":{"line":58,"column":26}},"loc":{"start":{"line":58,"column":31},"end":{"line":70,"column":5}},"line":58},"4":{"name":"(anonymous_4)","decl":{"start":{"line":74,"column":26},"end":{"line":74,"column":27}},"loc":{"start":{"line":74,"column":32},"end":{"line":85,"column":5}},"line":74},"5":{"name":"(anonymous_5)","decl":{"start":{"line":78,"column":42},"end":{"line":78,"column":43}},"loc":{"start":{"line":78,"column":52},"end":{"line":78,"column":69}},"line":78},"6":{"name":"(anonymous_6)","decl":{"start":{"line":89,"column":27},"end":{"line":89,"column":28}},"loc":{"start":{"line":89,"column":55},"end":{"line":102,"column":5}},"line":89},"7":{"name":"(anonymous_7)","decl":{"start":{"line":106,"column":28},"end":{"line":106,"column":29}},"loc":{"start":{"line":106,"column":40},"end":{"line":118,"column":5}},"line":106},"8":{"name":"(anonymous_8)","decl":{"start":{"line":121,"column":24},"end":{"line":121,"column":25}},"loc":{"start":{"line":121,"column":41},"end":{"line":131,"column":5}},"line":121},"9":{"name":"(anonymous_9)","decl":{"start":{"line":134,"column":14},"end":{"line":134,"column":15}},"loc":{"start":{"line":134,"column":20},"end":{"line":141,"column":5}},"line":134}},"branchMap":{"0":{"loc":{"start":{"line":11,"column":4},"end":{"line":13,"column":5}},"type":"if","locations":[{"start":{"line":11,"column":4},"end":{"line":13,"column":5}},{"start":{},"end":{}}],"line":11},"1":{"loc":{"start":{"line":11,"column":8},"end":{"line":11,"column":73}},"type":"binary-expr","locations":[{"start":{"line":11,"column":8},"end":{"line":11,"column":38}},{"start":{"line":11,"column":42},"end":{"line":11,"column":73}}],"line":11},"2":{"loc":{"start":{"line":17,"column":15},"end":{"line":17,"column":74}},"type":"binary-expr","locations":[{"start":{"line":17,"column":15},"end":{"line":17,"column":47}},{"start":{"line":17,"column":51},"end":{"line":17,"column":74}}],"line":17},"3":{"loc":{"start":{"line":38,"column":8},"end":{"line":42,"column":9}},"type":"if","locations":[{"start":{"line":38,"column":8},"end":{"line":42,"column":9}},{"start":{"line":40,"column":15},"end":{"line":42,"column":9}}],"line":38},"4":{"loc":{"start":{"line":45,"column":8},"end":{"line":53,"column":9}},"type":"if","locations":[{"start":{"line":45,"column":8},"end":{"line":53,"column":9}},{"start":{},"end":{}}],"line":45},"5":{"loc":{"start":{"line":62,"column":16},"end":{"line":64,"column":17}},"type":"if","locations":[{"start":{"line":62,"column":16},"end":{"line":64,"column":17}},{"start":{},"end":{}}],"line":62},"6":{"loc":{"start":{"line":77,"column":12},"end":{"line":82,"column":13}},"type":"if","locations":[{"start":{"line":77,"column":12},"end":{"line":82,"column":13}},{"start":{},"end":{}}],"line":77},"7":{"loc":{"start":{"line":79,"column":16},"end":{"line":81,"column":17}},"type":"if","locations":[{"start":{"line":79,"column":16},"end":{"line":81,"column":17}},{"start":{},"end":{}}],"line":79},"8":{"loc":{"start":{"line":94,"column":8},"end":{"line":101,"column":9}},"type":"if","locations":[{"start":{"line":94,"column":8},"end":{"line":101,"column":9}},{"start":{},"end":{}}],"line":94},"9":{"loc":{"start":{"line":109,"column":12},"end":{"line":113,"column":13}},"type":"if","locations":[{"start":{"line":109,"column":12},"end":{"line":113,"column":13}},{"start":{"line":111,"column":19},"end":{"line":113,"column":13}}],"line":109},"10":{"loc":{"start":{"line":124,"column":12},"end":{"line":126,"column":13}},"type":"if","locations":[{"start":{"line":124,"column":12},"end":{"line":126,"column":13}},{"start":{},"end":{}}],"line":124},"11":{"loc":{"start":{"line":135,"column":8},"end":{"line":139,"column":9}},"type":"if","locations":[{"start":{"line":135,"column":8},"end":{"line":139,"column":9}},{"start":{},"end":{}}],"line":135},"12":{"loc":{"start":{"line":135,"column":12},"end":{"line":135,"column":51}},"type":"binary-expr","locations":[{"start":{"line":135,"column":12},"end":{"line":135,"column":18}},{"start":{"line":135,"column":22},"end":{"line":135,"column":51}}],"line":135}},"s":{"0":17,"1":48,"2":48,"3":0,"4":0,"5":0,"6":17,"7":48,"8":48,"9":48,"10":48,"11":48,"12":48,"13":48,"14":48,"15":4,"16":4,"17":2,"18":2,"19":4,"20":4,"21":3,"22":3,"23":1,"24":1,"25":48,"26":11,"27":11,"28":9,"29":9,"30":8,"31":0,"32":11,"33":48,"34":12,"35":12,"36":9,"37":9,"38":13,"39":9,"40":8,"41":12,"42":48,"43":3,"44":3,"45":3,"46":3,"47":3,"48":3,"49":1,"50":1,"51":48,"52":16,"53":16,"54":15,"55":14,"56":1,"57":1,"58":1,"59":48,"60":3,"61":3,"62":3,"63":3,"64":0,"65":0,"66":48,"67":16,"68":3,"69":3,"70":16,"71":48,"72":48},"f":{"0":48,"1":48,"2":4,"3":11,"4":12,"5":13,"6":3,"7":16,"8":3,"9":16},"b":{"0":[48,0],"1":[48,48],"2":[0,0],"3":[2,2],"4":[3,1],"5":[8,1],"6":[9,0],"7":[8,1],"8":[3,0],"9":[14,1],"10":[3,0],"11":[3,13],"12":[16,16]},"_coverageSchema":"1a1c01bbd47fc00a2c39e90264f33305004495a9","hash":"50fa239404d55b3d556f3207cbb073be462ab7d5"}
,"/Users/admin/Documents/projeto-livraria/frontend/src/pages/Cart.jsx": {"path":"/Users/admin/Documents/projeto-livraria/frontend/src/pages/Cart.jsx","statementMap":{"0":{"start":{"line":9,"column":13},"end":{"line":95,"column":1}},"1":{"start":{"line":11,"column":84},"end":{"line":11,"column":107}},"2":{"start":{"line":13,"column":4},"end":{"line":94,"column":5}},"3":{"start":{"line":22,"column":24},"end":{"line":58,"column":25}},"4":{"start":{"line":23,"column":28},"end":{"line":57,"column":29}},"5":{"start":{"line":38,"column":79},"end":{"line":38,"column":128}},"6":{"start":{"line":42,"column":79},"end":{"line":42,"column":128}},"7":{"start":{"line":49,"column":75},"end":{"line":49,"column":102}},"8":{"start":{"line":59,"column":24},"end":{"line":59,"column":36}},"9":{"start":{"line":71,"column":55},"end":{"line":71,"column":72}},"10":{"start":{"line":84,"column":51},"end":{"line":84,"column":75}}},"fnMap":{"0":{"name":"(anonymous_0)","decl":{"start":{"line":9,"column":13},"end":{"line":9,"column":14}},"loc":{"start":{"line":9,"column":19},"end":{"line":95,"column":1}},"line":9},"1":{"name":"(anonymous_1)","decl":{"start":{"line":21,"column":31},"end":{"line":21,"column":32}},"loc":{"start":{"line":21,"column":41},"end":{"line":60,"column":21}},"line":21},"2":{"name":"(anonymous_2)","decl":{"start":{"line":38,"column":73},"end":{"line":38,"column":74}},"loc":{"start":{"line":38,"column":79},"end":{"line":38,"column":128}},"line":38},"3":{"name":"(anonymous_3)","decl":{"start":{"line":42,"column":73},"end":{"line":42,"column":74}},"loc":{"start":{"line":42,"column":79},"end":{"line":42,"column":128}},"line":42},"4":{"name":"(anonymous_4)","decl":{"start":{"line":49,"column":69},"end":{"line":49,"column":70}},"loc":{"start":{"line":49,"column":75},"end":{"line":49,"column":102}},"line":49},"5":{"name":"(anonymous_5)","decl":{"start":{"line":71,"column":49},"end":{"line":71,"column":50}},"loc":{"start":{"line":71,"column":55},"end":{"line":71,"column":72}},"line":71},"6":{"name":"(anonymous_6)","decl":{"start":{"line":84,"column":45},"end":{"line":84,"column":46}},"loc":{"start":{"line":84,"column":51},"end":{"line":84,"column":75}},"line":84}},"branchMap":{"0":{"loc":{"start":{"line":22,"column":24},"end":{"line":58,"column":25}},"type":"if","locations":[{"start":{"line":22,"column":24},"end":{"line":58,"column":25}},{"start":{},"end":{}}],"line":22},"1":{"loc":{"start":{"line":63,"column":21},"end":{"line":76,"column":21}},"type":"binary-expr","locations":[{"start":{"line":63,"column":21},"end":{"line":63,"column":42}},{"start":{"line":64,"column":24},"end":{"line":75,"column":30}}],"line":63},"2":{"loc":{"start":{"line":80,"column":17},"end":{"line":89,"column":17}},"type":"binary-expr","locations":[{"start":{"line":80,"column":17},"end":{"line":80,"column":36}},{"start":{"line":81,"column":20},"end":{"line":88,"column":26}}],"line":80}},"s":{"0":4,"1":18,"2":18,"3":37,"4":28,"5":0,"6":0,"7":1,"8":9,"9":1,"10":1},"f":{"0":18,"1":37,"2":0,"3":0,"4":1,"5":1,"6":1},"b":{"0":[28,9],"1":[18,3],"2":[18,15]},"_coverageSchema":"1a1c01bbd47fc00a2c39e90264f33305004495a9","hash":"a54f08c409f00c5e57b2bf76af4235a717fb3a35"}
,"/Users/admin/Documents/projeto-livraria/frontend/src/pages/Contact.jsx": {"path":"/Users/admin/Documents/projeto-livraria/frontend/src/pages/Contact.jsx","statementMap":{"0":{"start":{"line":7,"column":16},"end":{"line":172,"column":1}},"1":{"start":{"line":8,"column":34},"end":{"line":13,"column":4}},"2":{"start":{"line":15,"column":23},"end":{"line":20,"column":3}},"3":{"start":{"line":16,"column":4},"end":{"line":19,"column":6}},"4":{"start":{"line":22,"column":23},"end":{"line":33,"column":3}},"5":{"start":{"line":23,"column":4},"end":{"line":23,"column":22}},"6":{"start":{"line":25,"column":4},"end":{"line":25,"column":44}},"7":{"start":{"line":27,"column":4},"end":{"line":32,"column":6}},"8":{"start":{"line":35,"column":2},"end":{"line":171,"column":3}},"9":{"start":{"line":94,"column":18},"end":{"line":96,"column":27}}},"fnMap":{"0":{"name":"(anonymous_0)","decl":{"start":{"line":7,"column":16},"end":{"line":7,"column":17}},"loc":{"start":{"line":7,"column":22},"end":{"line":172,"column":1}},"line":7},"1":{"name":"(anonymous_1)","decl":{"start":{"line":15,"column":23},"end":{"line":15,"column":24}},"loc":{"start":{"line":15,"column":30},"end":{"line":20,"column":3}},"line":15},"2":{"name":"(anonymous_2)","decl":{"start":{"line":22,"column":23},"end":{"line":22,"column":24}},"loc":{"start":{"line":22,"column":30},"end":{"line":33,"column":3}},"line":22},"3":{"name":"(anonymous_3)","decl":{"start":{"line":93,"column":22},"end":{"line":93,"column":23}},"loc":{"start":{"line":94,"column":18},"end":{"line":96,"column":27}},"line":94}},"branchMap":{},"s":{"0":3,"1":4,"2":4,"3":0,"4":4,"5":0,"6":0,"7":0,"8":4,"9":16},"f":{"0":4,"1":0,"2":0,"3":16},"b":{},"_coverageSchema":"1a1c01bbd47fc00a2c39e90264f33305004495a9","hash":"1f2a86104001c0671568c2e035811fb53418e104"}
,"/Users/admin/Documents/projeto-livraria/frontend/src/pages/Home.jsx": {"path":"/Users/admin/Documents/projeto-livraria/frontend/src/pages/Home.jsx","statementMap":{"0":{"start":{"line":9,"column":13},"end":{"line":40,"column":1}},"1":{"start":{"line":10,"column":2},"end":{"line":39,"column":3}}},"fnMap":{"0":{"name":"(anonymous_0)","decl":{"start":{"line":9,"column":13},"end":{"line":9,"column":14}},"loc":{"start":{"line":9,"column":19},"end":{"line":40,"column":1}},"line":9}},"branchMap":{},"s":{"0":3,"1":3},"f":{"0":3},"b":{},"_coverageSchema":"1a1c01bbd47fc00a2c39e90264f33305004495a9","hash":"bf6adf09e74c58829554a33d1f4580aa5fb7b936"}
,"/Users/admin/Documents/projeto-livraria/frontend/src/pages/Login.jsx": {"path":"/Users/admin/Documents/projeto-livraria/frontend/src/pages/Login.jsx","statementMap":{"0":{"start":{"line":7,"column":14},"end":{"line":148,"column":1}},"1":{"start":{"line":9,"column":52},"end":{"line":9,"column":75}},"2":{"start":{"line":10,"column":36},"end":{"line":10,"column":53}},"3":{"start":{"line":11,"column":26},"end":{"line":11,"column":38}},"4":{"start":{"line":12,"column":28},"end":{"line":12,"column":40}},"5":{"start":{"line":13,"column":34},"end":{"line":13,"column":46}},"6":{"start":{"line":15,"column":26},"end":{"line":40,"column":3}},"7":{"start":{"line":16,"column":4},"end":{"line":16,"column":22}},"8":{"start":{"line":17,"column":4},"end":{"line":39,"column":5}},"9":{"start":{"line":18,"column":6},"end":{"line":35,"column":7}},"10":{"start":{"line":19,"column":25},"end":{"line":19,"column":103}},"11":{"start":{"line":20,"column":8},"end":{"line":25,"column":9}},"12":{"start":{"line":21,"column":10},"end":{"line":21,"column":39}},"13":{"start":{"line":22,"column":10},"end":{"line":22,"column":60}},"14":{"start":{"line":24,"column":10},"end":{"line":24,"column":44}},"15":{"start":{"line":28,"column":25},"end":{"line":28,"column":94}},"16":{"start":{"line":29,"column":8},"end":{"line":34,"column":9}},"17":{"start":{"line":30,"column":10},"end":{"line":30,"column":39}},"18":{"start":{"line":31,"column":10},"end":{"line":31,"column":60}},"19":{"start":{"line":33,"column":10},"end":{"line":33,"column":44}},"20":{"start":{"line":37,"column":6},"end":{"line":37,"column":24}},"21":{"start":{"line":38,"column":6},"end":{"line":38,"column":32}},"22":{"start":{"line":42,"column":2},"end":{"line":46,"column":12}},"23":{"start":{"line":43,"column":4},"end":{"line":45,"column":5}},"24":{"start":{"line":44,"column":6},"end":{"line":44,"column":19}},"25":{"start":{"line":48,"column":2},"end":{"line":147,"column":3}},"26":{"start":{"line":86,"column":37},"end":{"line":86,"column":60}},"27":{"start":{"line":101,"column":35},"end":{"line":101,"column":59}},"28":{"start":{"line":115,"column":35},"end":{"line":115,"column":62}},"29":{"start":{"line":134,"column":60},"end":{"line":134,"column":83}},"30":{"start":{"line":138,"column":59},"end":{"line":138,"column":80}}},"fnMap":{"0":{"name":"(anonymous_0)","decl":{"start":{"line":7,"column":14},"end":{"line":7,"column":15}},"loc":{"start":{"line":7,"column":20},"end":{"line":148,"column":1}},"line":7},"1":{"name":"(anonymous_1)","decl":{"start":{"line":15,"column":26},"end":{"line":15,"column":27}},"loc":{"start":{"line":15,"column":39},"end":{"line":40,"column":3}},"line":15},"2":{"name":"(anonymous_2)","decl":{"start":{"line":42,"column":12},"end":{"line":42,"column":13}},"loc":{"start":{"line":42,"column":16},"end":{"line":46,"column":3}},"line":42},"3":{"name":"(anonymous_3)","decl":{"start":{"line":86,"column":30},"end":{"line":86,"column":31}},"loc":{"start":{"line":86,"column":37},"end":{"line":86,"column":60}},"line":86},"4":{"name":"(anonymous_4)","decl":{"start":{"line":101,"column":28},"end":{"line":101,"column":29}},"loc":{"start":{"line":101,"column":35},"end":{"line":101,"column":59}},"line":101},"5":{"name":"(anonymous_5)","decl":{"start":{"line":115,"column":28},"end":{"line":115,"column":29}},"loc":{"start":{"line":115,"column":35},"end":{"line":115,"column":62}},"line":115},"6":{"name":"(anonymous_6)","decl":{"start":{"line":134,"column":54},"end":{"line":134,"column":55}},"loc":{"start":{"line":134,"column":60},"end":{"line":134,"column":83}},"line":134},"7":{"name":"(anonymous_7)","decl":{"start":{"line":138,"column":53},"end":{"line":138,"column":54}},"loc":{"start":{"line":138,"column":59},"end":{"line":138,"column":80}},"line":138}},"branchMap":{"0":{"loc":{"start":{"line":18,"column":6},"end":{"line":35,"column":7}},"type":"if","locations":[{"start":{"line":18,"column":6},"end":{"line":35,"column":7}},{"start":{"line":27,"column":11},"end":{"line":35,"column":7}}],"line":18},"1":{"loc":{"start":{"line":20,"column":8},"end":{"line":25,"column":9}},"type":"if","locations":[{"start":{"line":20,"column":8},"end":{"line":25,"column":9}},{"start":{"line":23,"column":15},"end":{"line":25,"column":9}}],"line":20},"2":{"loc":{"start":{"line":29,"column":8},"end":{"line":34,"column":9}},"type":"if","locations":[{"start":{"line":29,"column":8},"end":{"line":34,"column":9}},{"start":{"line":32,"column":15},"end":{"line":34,"column":9}}],"line":29},"3":{"loc":{"start":{"line":43,"column":4},"end":{"line":45,"column":5}},"type":"if","locations":[{"start":{"line":43,"column":4},"end":{"line":45,"column":5}},{"start":{},"end":{}}],"line":43},"4":{"loc":{"start":{"line":70,"column":19},"end":{"line":70,"column":66}},"type":"cond-expr","locations":[{"start":{"line":70,"column":45},"end":{"line":70,"column":55}},{"start":{"line":70,"column":58},"end":{"line":70,"column":66}}],"line":70},"5":{"loc":{"start":{"line":73,"column":19},"end":{"line":75,"column":57}},"type":"cond-expr","locations":[{"start":{"line":74,"column":22},"end":{"line":74,"column":63}},{"start":{"line":75,"column":22},"end":{"line":75,"column":57}}],"line":73},"6":{"loc":{"start":{"line":80,"column":15},"end":{"line":94,"column":15}},"type":"binary-expr","locations":[{"start":{"line":80,"column":15},"end":{"line":80,"column":38}},{"start":{"line":81,"column":16},"end":{"line":93,"column":22}}],"line":80},"7":{"loc":{"start":{"line":125,"column":17},"end":{"line":125,"column":65}},"type":"cond-expr","locations":[{"start":{"line":125,"column":43},"end":{"line":125,"column":54}},{"start":{"line":125,"column":57},"end":{"line":125,"column":65}}],"line":125},"8":{"loc":{"start":{"line":132,"column":17},"end":{"line":140,"column":17}},"type":"cond-expr","locations":[{"start":{"line":133,"column":18},"end":{"line":135,"column":24}},{"start":{"line":137,"column":18},"end":{"line":139,"column":24}}],"line":132}},"s":{"0":3,"1":34,"2":34,"3":34,"4":34,"5":34,"6":34,"7":3,"8":3,"9":3,"10":0,"11":0,"12":0,"13":0,"14":0,"15":3,"16":2,"17":2,"18":2,"19":0,"20":1,"21":1,"22":34,"23":3,"24":0,"25":34,"26":0,"27":18,"28":13,"29":0,"30":0},"f":{"0":34,"1":3,"2":3,"3":0,"4":18,"5":13,"6":0,"7":0},"b":{"0":[0,3],"1":[0,0],"2":[2,0],"3":[0,3],"4":[0,34],"5":[0,34],"6":[34,0],"7":[0,34],"8":[34,0]},"_coverageSchema":"1a1c01bbd47fc00a2c39e90264f33305004495a9","hash":"41a8041677c6a4dbfb0d336802220cecc05de524"}
,"/Users/admin/Documents/projeto-livraria/frontend/src/pages/Orders.jsx": {"path":"/Users/admin/Documents/projeto-livraria/frontend/src/pages/Orders.jsx","statementMap":{"0":{"start":{"line":7,"column":15},"end":{"line":129,"column":1}},"1":{"start":{"line":9,"column":42},"end":{"line":9,"column":65}},"2":{"start":{"line":10,"column":36},"end":{"line":10,"column":48}},"3":{"start":{"line":12,"column":24},"end":{"line":34,"column":3}},"4":{"start":{"line":13,"column":4},"end":{"line":33,"column":5}},"5":{"start":{"line":14,"column":6},"end":{"line":16,"column":7}},"6":{"start":{"line":15,"column":8},"end":{"line":15,"column":19}},"7":{"start":{"line":17,"column":23},"end":{"line":17,"column":105}},"8":{"start":{"line":18,"column":6},"end":{"line":30,"column":7}},"9":{"start":{"line":19,"column":28},"end":{"line":19,"column":30}},"10":{"start":{"line":20,"column":8},"end":{"line":28,"column":10}},"11":{"start":{"line":21,"column":10},"end":{"line":27,"column":12}},"12":{"start":{"line":22,"column":12},"end":{"line":22,"column":41}},"13":{"start":{"line":23,"column":12},"end":{"line":23,"column":43}},"14":{"start":{"line":24,"column":12},"end":{"line":24,"column":55}},"15":{"start":{"line":25,"column":12},"end":{"line":25,"column":37}},"16":{"start":{"line":26,"column":12},"end":{"line":26,"column":36}},"17":{"start":{"line":29,"column":8},"end":{"line":29,"column":45}},"18":{"start":{"line":32,"column":6},"end":{"line":32,"column":24}},"19":{"start":{"line":36,"column":2},"end":{"line":38,"column":13}},"20":{"start":{"line":37,"column":4},"end":{"line":37,"column":19}},"21":{"start":{"line":39,"column":2},"end":{"line":128,"column":3}},"22":{"start":{"line":49,"column":14},"end":{"line":107,"column":20}},"23":{"start":{"line":117,"column":39},"end":{"line":117,"column":69}}},"fnMap":{"0":{"name":"(anonymous_0)","decl":{"start":{"line":7,"column":15},"end":{"line":7,"column":16}},"loc":{"start":{"line":7,"column":21},"end":{"line":129,"column":1}},"line":7},"1":{"name":"(anonymous_1)","decl":{"start":{"line":12,"column":24},"end":{"line":12,"column":25}},"loc":{"start":{"line":12,"column":36},"end":{"line":34,"column":3}},"line":12},"2":{"name":"(anonymous_2)","decl":{"start":{"line":20,"column":33},"end":{"line":20,"column":34}},"loc":{"start":{"line":20,"column":44},"end":{"line":28,"column":9}},"line":20},"3":{"name":"(anonymous_3)","decl":{"start":{"line":21,"column":26},"end":{"line":21,"column":27}},"loc":{"start":{"line":21,"column":36},"end":{"line":27,"column":11}},"line":21},"4":{"name":"(anonymous_4)","decl":{"start":{"line":36,"column":12},"end":{"line":36,"column":13}},"loc":{"start":{"line":36,"column":18},"end":{"line":38,"column":3}},"line":36},"5":{"name":"(anonymous_5)","decl":{"start":{"line":48,"column":26},"end":{"line":48,"column":27}},"loc":{"start":{"line":49,"column":14},"end":{"line":107,"column":20}},"line":49},"6":{"name":"(anonymous_6)","decl":{"start":{"line":117,"column":33},"end":{"line":117,"column":34}},"loc":{"start":{"line":117,"column":39},"end":{"line":117,"column":69}},"line":117}},"branchMap":{"0":{"loc":{"start":{"line":14,"column":6},"end":{"line":16,"column":7}},"type":"if","locations":[{"start":{"line":14,"column":6},"end":{"line":16,"column":7}},{"start":{},"end":{}}],"line":14},"1":{"loc":{"start":{"line":18,"column":6},"end":{"line":30,"column":7}},"type":"if","locations":[{"start":{"line":18,"column":6},"end":{"line":30,"column":7}},{"start":{},"end":{}}],"line":18},"2":{"loc":{"start":{"line":47,"column":11},"end":{"line":122,"column":11}},"type":"cond-expr","locations":[{"start":{"line":48,"column":12},"end":{"line":108,"column":14}},{"start":{"line":110,"column":12},"end":{"line":121,"column":18}}],"line":47},"3":{"loc":{"start":{"line":92,"column":24},"end":{"line":95,"column":84}},"type":"cond-expr","locations":[{"start":{"line":92,"column":53},"end":{"line":92,"column":68}},{"start":{"line":93,"column":24},"end":{"line":95,"column":84}}],"line":92},"4":{"loc":{"start":{"line":93,"column":24},"end":{"line":95,"column":84}},"type":"cond-expr","locations":[{"start":{"line":93,"column":56},"end":{"line":93,"column":69}},{"start":{"line":94,"column":24},"end":{"line":95,"column":84}}],"line":93},"5":{"loc":{"start":{"line":94,"column":24},"end":{"line":95,"column":84}},"type":"cond-expr","locations":[{"start":{"line":94,"column":52},"end":{"line":94,"column":67}},{"start":{"line":95,"column":24},"end":{"line":95,"column":84}}],"line":94},"6":{"loc":{"start":{"line":95,"column":24},"end":{"line":95,"column":84}},"type":"cond-expr","locations":[{"start":{"line":95,"column":53},"end":{"line":95,"column":67}},{"start":{"line":95,"column":70},"end":{"line":95,"column":84}}],"line":95}},"s":{"0":2,"1":0,"2":0,"3":0,"4":0,"5":0,"6":0,"7":0,"8":0,"9":0,"10":0,"11":0,"12":0,"13":0,"14":0,"15":0,"16":0,"17":0,"18":0,"19":0,"20":0,"21":0,"22":0,"23":0},"f":{"0":0,"1":0,"2":0,"3":0,"4":0,"5":0,"6":0},"b":{"0":[0,0],"1":[0,0],"2":[0,0],"3":[0,0],"4":[0,0],"5":[0,0],"6":[0,0]},"_coverageSchema":"1a1c01bbd47fc00a2c39e90264f33305004495a9","hash":"8585a190b3cf9a682863e6e92ef82b848c39f046"}
,"/Users/admin/Documents/projeto-livraria/frontend/src/pages/PlaceOrder.jsx": {"path":"/Users/admin/Documents/projeto-livraria/frontend/src/pages/PlaceOrder.jsx","statementMap":{"0":{"start":{"line":9,"column":19},"end":{"line":284,"column":1}},"1":{"start":{"line":11,"column":107},"end":{"line":11,"column":130}},"2":{"start":{"line":12,"column":30},"end":{"line":12,"column":45}},"3":{"start":{"line":13,"column":34},"end":{"line":23,"column":4}},"4":{"start":{"line":25,"column":26},"end":{"line":30,"column":3}},"5":{"start":{"line":26,"column":17},"end":{"line":26,"column":30}},"6":{"start":{"line":27,"column":18},"end":{"line":27,"column":32}},"7":{"start":{"line":29,"column":4},"end":{"line":29,"column":53}},"8":{"start":{"line":29,"column":25},"end":{"line":29,"column":51}},"9":{"start":{"line":32,"column":26},"end":{"line":85,"column":3}},"10":{"start":{"line":33,"column":4},"end":{"line":33,"column":26}},"11":{"start":{"line":34,"column":4},"end":{"line":84,"column":5}},"12":{"start":{"line":35,"column":23},"end":{"line":35,"column":25}},"13":{"start":{"line":37,"column":6},"end":{"line":47,"column":7}},"14":{"start":{"line":38,"column":8},"end":{"line":46,"column":9}},"15":{"start":{"line":39,"column":27},"end":{"line":39,"column":68}},"16":{"start":{"line":39,"column":48},"end":{"line":39,"column":67}},"17":{"start":{"line":40,"column":10},"end":{"line":45,"column":11}},"18":{"start":{"line":41,"column":12},"end":{"line":44,"column":14}},"19":{"start":{"line":48,"column":22},"end":{"line":52,"column":7}},"20":{"start":{"line":54,"column":6},"end":{"line":79,"column":7}},"21":{"start":{"line":57,"column":27},"end":{"line":57,"column":111}},"22":{"start":{"line":58,"column":10},"end":{"line":58,"column":36}},"23":{"start":{"line":59,"column":10},"end":{"line":64,"column":11}},"24":{"start":{"line":60,"column":12},"end":{"line":60,"column":28}},"25":{"start":{"line":61,"column":12},"end":{"line":61,"column":31}},"26":{"start":{"line":63,"column":12},"end":{"line":63,"column":46}},"27":{"start":{"line":65,"column":10},"end":{"line":65,"column":16}},"28":{"start":{"line":69,"column":33},"end":{"line":69,"column":118}},"29":{"start":{"line":70,"column":10},"end":{"line":75,"column":11}},"30":{"start":{"line":71,"column":36},"end":{"line":71,"column":55}},"31":{"start":{"line":72,"column":12},"end":{"line":72,"column":48}},"32":{"start":{"line":74,"column":12},"end":{"line":74,"column":52}},"33":{"start":{"line":76,"column":10},"end":{"line":76,"column":15}},"34":{"start":{"line":78,"column":10},"end":{"line":78,"column":16}},"35":{"start":{"line":82,"column":6},"end":{"line":82,"column":24}},"36":{"start":{"line":83,"column":6},"end":{"line":83,"column":32}},"37":{"start":{"line":87,"column":2},"end":{"line":283,"column":3}},"38":{"start":{"line":228,"column":33},"end":{"line":228,"column":52}},"39":{"start":{"line":249,"column":33},"end":{"line":249,"column":49}}},"fnMap":{"0":{"name":"(anonymous_0)","decl":{"start":{"line":9,"column":19},"end":{"line":9,"column":20}},"loc":{"start":{"line":9,"column":25},"end":{"line":284,"column":1}},"line":9},"1":{"name":"(anonymous_1)","decl":{"start":{"line":25,"column":26},"end":{"line":25,"column":27}},"loc":{"start":{"line":25,"column":33},"end":{"line":30,"column":3}},"line":25},"2":{"name":"(anonymous_2)","decl":{"start":{"line":29,"column":16},"end":{"line":29,"column":17}},"loc":{"start":{"line":29,"column":25},"end":{"line":29,"column":51}},"line":29},"3":{"name":"(anonymous_3)","decl":{"start":{"line":32,"column":26},"end":{"line":32,"column":27}},"loc":{"start":{"line":32,"column":43},"end":{"line":85,"column":3}},"line":32},"4":{"name":"(anonymous_4)","decl":{"start":{"line":39,"column":38},"end":{"line":39,"column":39}},"loc":{"start":{"line":39,"column":48},"end":{"line":39,"column":67}},"line":39},"5":{"name":"(anonymous_5)","decl":{"start":{"line":228,"column":27},"end":{"line":228,"column":28}},"loc":{"start":{"line":228,"column":33},"end":{"line":228,"column":52}},"line":228},"6":{"name":"(anonymous_6)","decl":{"start":{"line":249,"column":27},"end":{"line":249,"column":28}},"loc":{"start":{"line":249,"column":33},"end":{"line":249,"column":49}},"line":249}},"branchMap":{"0":{"loc":{"start":{"line":38,"column":8},"end":{"line":46,"column":9}},"type":"if","locations":[{"start":{"line":38,"column":8},"end":{"line":46,"column":9}},{"start":{},"end":{}}],"line":38},"1":{"loc":{"start":{"line":40,"column":10},"end":{"line":45,"column":11}},"type":"if","locations":[{"start":{"line":40,"column":10},"end":{"line":45,"column":11}},{"start":{},"end":{}}],"line":40},"2":{"loc":{"start":{"line":54,"column":6},"end":{"line":79,"column":7}},"type":"switch","locations":[{"start":{"line":56,"column":8},"end":{"line":65,"column":16}},{"start":{"line":68,"column":8},"end":{"line":76,"column":15}},{"start":{"line":77,"column":8},"end":{"line":78,"column":16}}],"line":54},"3":{"loc":{"start":{"line":59,"column":10},"end":{"line":64,"column":11}},"type":"if","locations":[{"start":{"line":59,"column":10},"end":{"line":64,"column":11}},{"start":{"line":62,"column":17},"end":{"line":64,"column":11}}],"line":59},"4":{"loc":{"start":{"line":70,"column":10},"end":{"line":75,"column":11}},"type":"if","locations":[{"start":{"line":70,"column":10},"end":{"line":75,"column":11}},{"start":{"line":73,"column":17},"end":{"line":75,"column":11}}],"line":70},"5":{"loc":{"start":{"line":230,"column":20},"end":{"line":232,"column":103}},"type":"cond-expr","locations":[{"start":{"line":231,"column":24},"end":{"line":231,"column":102}},{"start":{"line":232,"column":24},"end":{"line":232,"column":103}}],"line":230},"6":{"loc":{"start":{"line":237,"column":22},"end":{"line":237,"column":95}},"type":"cond-expr","locations":[{"start":{"line":237,"column":44},"end":{"line":237,"column":75}},{"start":{"line":237,"column":78},"end":{"line":237,"column":95}}],"line":237},"7":{"loc":{"start":{"line":239,"column":23},"end":{"line":239,"column":114}},"type":"binary-expr","locations":[{"start":{"line":239,"column":23},"end":{"line":239,"column":42}},{"start":{"line":239,"column":46},"end":{"line":239,"column":114}}],"line":239},"8":{"loc":{"start":{"line":242,"column":22},"end":{"line":242,"column":78}},"type":"cond-expr","locations":[{"start":{"line":242,"column":44},"end":{"line":242,"column":60}},{"start":{"line":242,"column":63},"end":{"line":242,"column":78}}],"line":242},"9":{"loc":{"start":{"line":251,"column":20},"end":{"line":253,"column":103}},"type":"cond-expr","locations":[{"start":{"line":252,"column":24},"end":{"line":252,"column":102}},{"start":{"line":253,"column":24},"end":{"line":253,"column":103}}],"line":251},"10":{"loc":{"start":{"line":258,"column":22},"end":{"line":258,"column":92}},"type":"cond-expr","locations":[{"start":{"line":258,"column":41},"end":{"line":258,"column":72}},{"start":{"line":258,"column":75},"end":{"line":258,"column":92}}],"line":258},"11":{"loc":{"start":{"line":260,"column":23},"end":{"line":260,"column":111}},"type":"binary-expr","locations":[{"start":{"line":260,"column":23},"end":{"line":260,"column":39}},{"start":{"line":260,"column":43},"end":{"line":260,"column":111}}],"line":260},"12":{"loc":{"start":{"line":263,"column":22},"end":{"line":263,"column":75}},"type":"cond-expr","locations":[{"start":{"line":263,"column":41},"end":{"line":263,"column":57}},{"start":{"line":263,"column":60},"end":{"line":263,"column":75}}],"line":263}},"s":{"0":2,"1":0,"2":0,"3":0,"4":0,"5":0,"6":0,"7":0,"8":0,"9":0,"10":0,"11":0,"12":0,"13":0,"14":0,"15":0,"16":0,"17":0,"18":0,"19":0,"20":0,"21":0,"22":0,"23":0,"24":0,"25":0,"26":0,"27":0,"28":0,"29":0,"30":0,"31":0,"32":0,"33":0,"34":0,"35":0,"36":0,"37":0,"38":0,"39":0},"f":{"0":0,"1":0,"2":0,"3":0,"4":0,"5":0,"6":0},"b":{"0":[0,0],"1":[0,0],"2":[0,0,0],"3":[0,0],"4":[0,0],"5":[0,0],"6":[0,0],"7":[0,0],"8":[0,0],"9":[0,0],"10":[0,0],"11":[0,0],"12":[0,0]},"_coverageSchema":"1a1c01bbd47fc00a2c39e90264f33305004495a9","hash":"c17f61636e14cff58223d193b1ff86a0da74d3d6"}
,"/Users/admin/Documents/projeto-livraria/frontend/src/pages/Shop.jsx": {"path":"/Users/admin/Documents/projeto-livraria/frontend/src/pages/Shop.jsx","statementMap":{"0":{"start":{"line":10,"column":13},"end":{"line":165,"column":1}},"1":{"start":{"line":12,"column":20},"end":{"line":12,"column":43}},"2":{"start":{"line":13,"column":34},"end":{"line":13,"column":46}},"3":{"start":{"line":14,"column":34},"end":{"line":14,"column":54}},"4":{"start":{"line":15,"column":44},"end":{"line":15,"column":56}},"5":{"start":{"line":16,"column":30},"end":{"line":16,"column":42}},"6":{"start":{"line":17,"column":40},"end":{"line":17,"column":51}},"7":{"start":{"line":18,"column":23},"end":{"line":18,"column":25}},"8":{"start":{"line":20,"column":23},"end":{"line":22,"column":3}},"9":{"start":{"line":21,"column":4},"end":{"line":21,"column":103}},"10":{"start":{"line":21,"column":23},"end":{"line":21,"column":102}},"11":{"start":{"line":21,"column":68},"end":{"line":21,"column":82}},"12":{"start":{"line":24,"column":23},"end":{"line":34,"column":3}},"13":{"start":{"line":25,"column":19},"end":{"line":25,"column":29}},"14":{"start":{"line":27,"column":4},"end":{"line":29,"column":5}},"15":{"start":{"line":28,"column":6},"end":{"line":28,"column":98}},"16":{"start":{"line":28,"column":43},"end":{"line":28,"column":97}},"17":{"start":{"line":30,"column":4},"end":{"line":32,"column":5}},"18":{"start":{"line":31,"column":6},"end":{"line":31,"column":76}},"19":{"start":{"line":31,"column":43},"end":{"line":31,"column":75}},"20":{"start":{"line":33,"column":4},"end":{"line":33,"column":19}},"21":{"start":{"line":36,"column":23},"end":{"line":45,"column":3}},"22":{"start":{"line":37,"column":4},"end":{"line":44,"column":5}},"23":{"start":{"line":39,"column":8},"end":{"line":39,"column":58}},"24":{"start":{"line":39,"column":40},"end":{"line":39,"column":57}},"25":{"start":{"line":41,"column":8},"end":{"line":41,"column":58}},"26":{"start":{"line":41,"column":40},"end":{"line":41,"column":57}},"27":{"start":{"line":43,"column":8},"end":{"line":43,"column":24}},"28":{"start":{"line":47,"column":2},"end":{"line":52,"column":41}},"29":{"start":{"line":48,"column":19},"end":{"line":48,"column":33}},"30":{"start":{"line":49,"column":17},"end":{"line":49,"column":39}},"31":{"start":{"line":50,"column":4},"end":{"line":50,"column":28}},"32":{"start":{"line":51,"column":4},"end":{"line":51,"column":21}},"33":{"start":{"line":55,"column":28},"end":{"line":59,"column":3}},"34":{"start":{"line":56,"column":23},"end":{"line":56,"column":55}},"35":{"start":{"line":57,"column":21},"end":{"line":57,"column":46}},"36":{"start":{"line":58,"column":4},"end":{"line":58,"column":52}},"37":{"start":{"line":62,"column":21},"end":{"line":62,"column":67}},"38":{"start":{"line":63,"column":2},"end":{"line":164,"column":3}},"39":{"start":{"line":70,"column":36},"end":{"line":70,"column":61}},"40":{"start":{"line":80,"column":14},"end":{"line":88,"column":22}},"41":{"start":{"line":81,"column":57},"end":{"line":81,"column":98}},"42":{"start":{"line":100,"column":39},"end":{"line":100,"column":66}},"43":{"start":{"line":112,"column":16},"end":{"line":114,"column":22}},"44":{"start":{"line":122,"column":40},"end":{"line":122,"column":56}},"45":{"start":{"line":122,"column":57},"end":{"line":122,"column":70}},"46":{"start":{"line":133,"column":27},"end":{"line":133,"column":61}},"47":{"start":{"line":133,"column":52},"end":{"line":133,"column":60}},"48":{"start":{"line":141,"column":16},"end":{"line":148,"column":25}},"49":{"start":{"line":141,"column":53},"end":{"line":141,"column":78}},"50":{"start":{"line":154,"column":27},"end":{"line":154,"column":61}},"51":{"start":{"line":154,"column":52},"end":{"line":154,"column":60}}},"fnMap":{"0":{"name":"(anonymous_0)","decl":{"start":{"line":10,"column":13},"end":{"line":10,"column":14}},"loc":{"start":{"line":10,"column":19},"end":{"line":165,"column":1}},"line":10},"1":{"name":"(anonymous_1)","decl":{"start":{"line":20,"column":23},"end":{"line":20,"column":24}},"loc":{"start":{"line":20,"column":44},"end":{"line":22,"column":3}},"line":20},"2":{"name":"(anonymous_2)","decl":{"start":{"line":21,"column":13},"end":{"line":21,"column":14}},"loc":{"start":{"line":21,"column":23},"end":{"line":21,"column":102}},"line":21},"3":{"name":"(anonymous_3)","decl":{"start":{"line":21,"column":58},"end":{"line":21,"column":59}},"loc":{"start":{"line":21,"column":68},"end":{"line":21,"column":82}},"line":21},"4":{"name":"(anonymous_4)","decl":{"start":{"line":24,"column":23},"end":{"line":24,"column":24}},"loc":{"start":{"line":24,"column":29},"end":{"line":34,"column":3}},"line":24},"5":{"name":"(anonymous_5)","decl":{"start":{"line":28,"column":33},"end":{"line":28,"column":34}},"loc":{"start":{"line":28,"column":43},"end":{"line":28,"column":97}},"line":28},"6":{"name":"(anonymous_6)","decl":{"start":{"line":31,"column":33},"end":{"line":31,"column":34}},"loc":{"start":{"line":31,"column":43},"end":{"line":31,"column":75}},"line":31},"7":{"name":"(anonymous_7)","decl":{"start":{"line":36,"column":23},"end":{"line":36,"column":24}},"loc":{"start":{"line":36,"column":38},"end":{"line":45,"column":3}},"line":36},"8":{"name":"(anonymous_8)","decl":{"start":{"line":39,"column":30},"end":{"line":39,"column":31}},"loc":{"start":{"line":39,"column":40},"end":{"line":39,"column":57}},"line":39},"9":{"name":"(anonymous_9)","decl":{"start":{"line":41,"column":30},"end":{"line":41,"column":31}},"loc":{"start":{"line":41,"column":40},"end":{"line":41,"column":57}},"line":41},"10":{"name":"(anonymous_10)","decl":{"start":{"line":47,"column":12},"end":{"line":47,"column":13}},"loc":{"start":{"line":47,"column":18},"end":{"line":52,"column":3}},"line":47},"11":{"name":"(anonymous_11)","decl":{"start":{"line":55,"column":28},"end":{"line":55,"column":29}},"loc":{"start":{"line":55,"column":34},"end":{"line":59,"column":3}},"line":55},"12":{"name":"(anonymous_12)","decl":{"start":{"line":70,"column":29},"end":{"line":70,"column":30}},"loc":{"start":{"line":70,"column":36},"end":{"line":70,"column":61}},"line":70},"13":{"name":"(anonymous_13)","decl":{"start":{"line":79,"column":28},"end":{"line":79,"column":29}},"loc":{"start":{"line":80,"column":14},"end":{"line":88,"column":22}},"line":80},"14":{"name":"(anonymous_14)","decl":{"start":{"line":81,"column":50},"end":{"line":81,"column":51}},"loc":{"start":{"line":81,"column":57},"end":{"line":81,"column":98}},"line":81},"15":{"name":"(anonymous_15)","decl":{"start":{"line":100,"column":32},"end":{"line":100,"column":33}},"loc":{"start":{"line":100,"column":39},"end":{"line":100,"column":66}},"line":100},"16":{"name":"(anonymous_16)","decl":{"start":{"line":111,"column":38},"end":{"line":111,"column":39}},"loc":{"start":{"line":112,"column":16},"end":{"line":114,"column":22}},"line":112},"17":{"name":"(anonymous_17)","decl":{"start":{"line":122,"column":33},"end":{"line":122,"column":34}},"loc":{"start":{"line":122,"column":39},"end":{"line":122,"column":71}},"line":122},"18":{"name":"(anonymous_18)","decl":{"start":{"line":133,"column":21},"end":{"line":133,"column":22}},"loc":{"start":{"line":133,"column":27},"end":{"line":133,"column":61}},"line":133},"19":{"name":"(anonymous_19)","decl":{"start":{"line":133,"column":42},"end":{"line":133,"column":43}},"loc":{"start":{"line":133,"column":52},"end":{"line":133,"column":60}},"line":133},"20":{"name":"(anonymous_20)","decl":{"start":{"line":140,"column":50},"end":{"line":140,"column":51}},"loc":{"start":{"line":141,"column":16},"end":{"line":148,"column":25}},"line":141},"21":{"name":"(anonymous_21)","decl":{"start":{"line":141,"column":49},"end":{"line":141,"column":50}},"loc":{"start":{"line":141,"column":53},"end":{"line":141,"column":78}},"line":141},"22":{"name":"(anonymous_22)","decl":{"start":{"line":154,"column":21},"end":{"line":154,"column":22}},"loc":{"start":{"line":154,"column":27},"end":{"line":154,"column":61}},"line":154},"23":{"name":"(anonymous_23)","decl":{"start":{"line":154,"column":42},"end":{"line":154,"column":43}},"loc":{"start":{"line":154,"column":52},"end":{"line":154,"column":60}},"line":154}},"branchMap":{"0":{"loc":{"start":{"line":21,"column":23},"end":{"line":21,"column":102}},"type":"cond-expr","locations":[{"start":{"line":21,"column":46},"end":{"line":21,"column":83}},{"start":{"line":21,"column":86},"end":{"line":21,"column":102}}],"line":21},"1":{"loc":{"start":{"line":27,"column":4},"end":{"line":29,"column":5}},"type":"if","locations":[{"start":{"line":27,"column":4},"end":{"line":29,"column":5}},{"start":{},"end":{}}],"line":27},"2":{"loc":{"start":{"line":30,"column":4},"end":{"line":32,"column":5}},"type":"if","locations":[{"start":{"line":30,"column":4},"end":{"line":32,"column":5}},{"start":{},"end":{}}],"line":30},"3":{"loc":{"start":{"line":37,"column":4},"end":{"line":44,"column":5}},"type":"switch","locations":[{"start":{"line":38,"column":6},"end":{"line":39,"column":58}},{"start":{"line":40,"column":6},"end":{"line":41,"column":58}},{"start":{"line":42,"column":6},"end":{"line":43,"column":24}}],"line":37},"4":{"loc":{"start":{"line":110,"column":13},"end":{"line":124,"column":13}},"type":"cond-expr","locations":[{"start":{"line":111,"column":14},"end":{"line":115,"column":16}},{"start":{"line":117,"column":14},"end":{"line":123,"column":20}}],"line":110},"5":{"loc":{"start":{"line":129,"column":9},"end":{"line":159,"column":9}},"type":"binary-expr","locations":[{"start":{"line":129,"column":9},"end":{"line":129,"column":23}},{"start":{"line":130,"column":10},"end":{"line":158,"column":16}}],"line":129},"6":{"loc":{"start":{"line":134,"column":206},"end":{"line":134,"column":296}},"type":"binary-expr","locations":[{"start":{"line":134,"column":206},"end":{"line":134,"column":223}},{"start":{"line":134,"column":227},"end":{"line":134,"column":296}}],"line":134},"7":{"loc":{"start":{"line":143,"column":18},"end":{"line":145,"column":112}},"type":"cond-expr","locations":[{"start":{"line":144,"column":22},"end":{"line":144,"column":79}},{"start":{"line":145,"column":22},"end":{"line":145,"column":112}}],"line":143},"8":{"loc":{"start":{"line":155,"column":206},"end":{"line":155,"column":305}},"type":"binary-expr","locations":[{"start":{"line":155,"column":206},"end":{"line":155,"column":232}},{"start":{"line":155,"column":236},"end":{"line":155,"column":305}}],"line":155}},"s":{"0":7,"1":98,"2":98,"3":98,"4":98,"5":98,"6":98,"7":98,"8":98,"9":5,"10":5,"11":1,"12":98,"13":49,"14":49,"15":14,"16":56,"17":49,"18":5,"19":16,"20":49,"21":98,"22":49,"23":3,"24":16,"25":2,"26":13,"27":44,"28":98,"29":49,"30":49,"31":49,"32":49,"33":98,"34":172,"35":172,"36":172,"37":98,"38":98,"39":17,"40":426,"41":5,"42":5,"43":230,"44":0,"45":0,"46":0,"47":0,"48":0,"49":0,"50":0,"51":0},"f":{"0":98,"1":5,"2":5,"3":1,"4":49,"5":56,"6":16,"7":49,"8":16,"9":13,"10":49,"11":172,"12":17,"13":426,"14":5,"15":5,"16":230,"17":0,"18":0,"19":0,"20":0,"21":0,"22":0,"23":0},"b":{"0":[1,4],"1":[14,35],"2":[5,44],"3":[3,2,44],"4":[74,24],"5":[98,0],"6":[0,0],"7":[0,0],"8":[0,0]},"_coverageSchema":"1a1c01bbd47fc00a2c39e90264f33305004495a9","hash":"f6dd8d8a28d5e0a4a9c09f2fe0a2900550795245"}
,"/Users/admin/Documents/projeto-livraria/frontend/src/pages/Verify.jsx": {"path":"/Users/admin/Documents/projeto-livraria/frontend/src/pages/Verify.jsx","statementMap":{"0":{"start":{"line":7,"column":15},"end":{"line":105,"column":1}},"1":{"start":{"line":9,"column":56},"end":{"line":9,"column":79}},"2":{"start":{"line":10,"column":42},"end":{"line":10,"column":59}},"3":{"start":{"line":11,"column":40},"end":{"line":11,"column":54}},"4":{"start":{"line":12,"column":54},"end":{"line":12,"column":76}},"5":{"start":{"line":14,"column":18},"end":{"line":14,"column":45}},"6":{"start":{"line":15,"column":18},"end":{"line":15,"column":45}},"7":{"start":{"line":18,"column":24},"end":{"line":50,"column":3}},"8":{"start":{"line":19,"column":4},"end":{"line":49,"column":5}},"9":{"start":{"line":20,"column":6},"end":{"line":24,"column":7}},"10":{"start":{"line":21,"column":8},"end":{"line":21,"column":38}},"11":{"start":{"line":22,"column":8},"end":{"line":22,"column":29}},"12":{"start":{"line":23,"column":8},"end":{"line":23,"column":19}},"13":{"start":{"line":26,"column":23},"end":{"line":26,"column":125}},"14":{"start":{"line":28,"column":6},"end":{"line":39,"column":7}},"15":{"start":{"line":29,"column":8},"end":{"line":29,"column":40}},"16":{"start":{"line":30,"column":8},"end":{"line":30,"column":24}},"17":{"start":{"line":31,"column":8},"end":{"line":33,"column":16}},"18":{"start":{"line":32,"column":10},"end":{"line":32,"column":29}},"19":{"start":{"line":35,"column":8},"end":{"line":35,"column":38}},"20":{"start":{"line":36,"column":8},"end":{"line":38,"column":16}},"21":{"start":{"line":37,"column":10},"end":{"line":37,"column":23}},"22":{"start":{"line":41,"column":6},"end":{"line":41,"column":24}},"23":{"start":{"line":42,"column":6},"end":{"line":42,"column":36}},"24":{"start":{"line":43,"column":6},"end":{"line":43,"column":32}},"25":{"start":{"line":44,"column":6},"end":{"line":46,"column":14}},"26":{"start":{"line":45,"column":8},"end":{"line":45,"column":21}},"27":{"start":{"line":48,"column":6},"end":{"line":48,"column":27}},"28":{"start":{"line":52,"column":2},"end":{"line":54,"column":13}},"29":{"start":{"line":53,"column":4},"end":{"line":53,"column":19}},"30":{"start":{"line":56,"column":2},"end":{"line":104,"column":3}}},"fnMap":{"0":{"name":"(anonymous_0)","decl":{"start":{"line":7,"column":15},"end":{"line":7,"column":16}},"loc":{"start":{"line":7,"column":21},"end":{"line":105,"column":1}},"line":7},"1":{"name":"(anonymous_1)","decl":{"start":{"line":18,"column":24},"end":{"line":18,"column":25}},"loc":{"start":{"line":18,"column":36},"end":{"line":50,"column":3}},"line":18},"2":{"name":"(anonymous_2)","decl":{"start":{"line":31,"column":19},"end":{"line":31,"column":20}},"loc":{"start":{"line":31,"column":25},"end":{"line":33,"column":9}},"line":31},"3":{"name":"(anonymous_3)","decl":{"start":{"line":36,"column":19},"end":{"line":36,"column":20}},"loc":{"start":{"line":36,"column":25},"end":{"line":38,"column":9}},"line":36},"4":{"name":"(anonymous_4)","decl":{"start":{"line":44,"column":17},"end":{"line":44,"column":18}},"loc":{"start":{"line":44,"column":23},"end":{"line":46,"column":7}},"line":44},"5":{"name":"(anonymous_5)","decl":{"start":{"line":52,"column":12},"end":{"line":52,"column":13}},"loc":{"start":{"line":52,"column":16},"end":{"line":54,"column":3}},"line":52}},"branchMap":{"0":{"loc":{"start":{"line":20,"column":6},"end":{"line":24,"column":7}},"type":"if","locations":[{"start":{"line":20,"column":6},"end":{"line":24,"column":7}},{"start":{},"end":{}}],"line":20},"1":{"loc":{"start":{"line":28,"column":6},"end":{"line":39,"column":7}},"type":"if","locations":[{"start":{"line":28,"column":6},"end":{"line":39,"column":7}},{"start":{"line":34,"column":13},"end":{"line":39,"column":7}}],"line":28},"2":{"loc":{"start":{"line":60,"column":11},"end":{"line":100,"column":11}},"type":"cond-expr","locations":[{"start":{"line":61,"column":12},"end":{"line":69,"column":15}},{"start":{"line":70,"column":14},"end":{"line":100,"column":11}}],"line":60},"3":{"loc":{"start":{"line":60,"column":11},"end":{"line":60,"column":61}},"type":"binary-expr","locations":[{"start":{"line":60,"column":11},"end":{"line":60,"column":22}},{"start":{"line":60,"column":26},"end":{"line":60,"column":61}}],"line":60},"4":{"loc":{"start":{"line":70,"column":14},"end":{"line":100,"column":11}},"type":"cond-expr","locations":[{"start":{"line":71,"column":12},"end":{"line":84,"column":15}},{"start":{"line":86,"column":12},"end":{"line":99,"column":15}}],"line":70}},"s":{"0":2,"1":0,"2":0,"3":0,"4":0,"5":0,"6":0,"7":0,"8":0,"9":0,"10":0,"11":0,"12":0,"13":0,"14":0,"15":0,"16":0,"17":0,"18":0,"19":0,"20":0,"21":0,"22":0,"23":0,"24":0,"25":0,"26":0,"27":0,"28":0,"29":0,"30":0},"f":{"0":0,"1":0,"2":0,"3":0,"4":0,"5":0},"b":{"0":[0,0],"1":[0,0],"2":[0,0],"3":[0,0],"4":[0,0]},"_coverageSchema":"1a1c01bbd47fc00a2c39e90264f33305004495a9","hash":"a3617f57a1b1568319ae1fa7bcedd0fe548e53e2"}
,"/Users/admin/Documents/projeto-livraria/frontend/src/utils/testUtils.js": {"path":"/Users/admin/Documents/projeto-livraria/frontend/src/utils/testUtils.js","statementMap":{"0":{"start":{"line":7,"column":25},"end":{"line":32,"column":1}},"1":{"start":{"line":34,"column":24},"end":{"line":38,"column":1}},"2":{"start":{"line":41,"column":35},"end":{"line":57,"column":1}},"3":{"start":{"line":47,"column":31},"end":{"line":47,"column":32}},"4":{"start":{"line":48,"column":30},"end":{"line":48,"column":31}},"5":{"start":{"line":60,"column":35},"end":{"line":77,"column":1}},"6":{"start":{"line":68,"column":18},"end":{"line":74,"column":3}},"7":{"start":{"line":69,"column":4},"end":{"line":73,"column":19}},"8":{"start":{"line":76,"column":2},"end":{"line":76,"column":67}},"9":{"start":{"line":80,"column":37},"end":{"line":90,"column":2}},"10":{"start":{"line":80,"column":58},"end":{"line":90,"column":1}},"11":{"start":{"line":84,"column":18},"end":{"line":87,"column":9}},"12":{"start":{"line":85,"column":19},"end":{"line":85,"column":52}},"13":{"start":{"line":85,"column":39},"end":{"line":85,"column":51}},"14":{"start":{"line":86,"column":6},"end":{"line":86,"column":54}},"15":{"start":{"line":88,"column":4},"end":{"line":88,"column":17}},"16":{"start":{"line":93,"column":37},"end":{"line":97,"column":2}},"17":{"start":{"line":93,"column":85},"end":{"line":97,"column":1}},"18":{"start":{"line":100,"column":29},"end":{"line":107,"column":1}},"19":{"start":{"line":110,"column":26},"end":{"line":116,"column":1}},"20":{"start":{"line":111,"column":2},"end":{"line":115,"column":5}},"21":{"start":{"line":112,"column":4},"end":{"line":114,"column":5}},"22":{"start":{"line":113,"column":6},"end":{"line":113,"column":23}},"23":{"start":{"line":119,"column":24},"end":{"line":125,"column":1}}},"fnMap":{"0":{"name":"(anonymous_0)","decl":{"start":{"line":47,"column":25},"end":{"line":47,"column":26}},"loc":{"start":{"line":47,"column":31},"end":{"line":47,"column":32}},"line":47},"1":{"name":"(anonymous_1)","decl":{"start":{"line":48,"column":24},"end":{"line":48,"column":25}},"loc":{"start":{"line":48,"column":30},"end":{"line":48,"column":31}},"line":48},"2":{"name":"(anonymous_2)","decl":{"start":{"line":60,"column":35},"end":{"line":60,"column":36}},"loc":{"start":{"line":67,"column":5},"end":{"line":77,"column":1}},"line":67},"3":{"name":"(anonymous_3)","decl":{"start":{"line":68,"column":18},"end":{"line":68,"column":19}},"loc":{"start":{"line":69,"column":4},"end":{"line":73,"column":19}},"line":69},"4":{"name":"(anonymous_4)","decl":{"start":{"line":80,"column":37},"end":{"line":80,"column":38}},"loc":{"start":{"line":80,"column":58},"end":{"line":90,"column":1}},"line":80},"5":{"name":"(anonymous_5)","decl":{"start":{"line":83,"column":25},"end":{"line":83,"column":26}},"loc":{"start":{"line":83,"column":31},"end":{"line":89,"column":3}},"line":83},"6":{"name":"(anonymous_6)","decl":{"start":{"line":84,"column":51},"end":{"line":84,"column":52}},"loc":{"start":{"line":84,"column":76},"end":{"line":87,"column":5}},"line":84},"7":{"name":"(anonymous_7)","decl":{"start":{"line":85,"column":34},"end":{"line":85,"column":35}},"loc":{"start":{"line":85,"column":39},"end":{"line":85,"column":51}},"line":85},"8":{"name":"(anonymous_8)","decl":{"start":{"line":93,"column":37},"end":{"line":93,"column":38}},"loc":{"start":{"line":93,"column":85},"end":{"line":97,"column":1}},"line":93},"9":{"name":"(anonymous_9)","decl":{"start":{"line":110,"column":26},"end":{"line":110,"column":27}},"loc":{"start":{"line":110,"column":32},"end":{"line":116,"column":1}},"line":110},"10":{"name":"(anonymous_10)","decl":{"start":{"line":111,"column":39},"end":{"line":111,"column":40}},"loc":{"start":{"line":111,"column":47},"end":{"line":115,"column":3}},"line":111}},"branchMap":{"0":{"loc":{"start":{"line":62,"column":2},"end":{"line":66,"column":8}},"type":"default-arg","locations":[{"start":{"line":66,"column":6},"end":{"line":66,"column":8}}],"line":62},"1":{"loc":{"start":{"line":63,"column":4},"end":{"line":63,"column":38}},"type":"default-arg","locations":[{"start":{"line":63,"column":19},"end":{"line":63,"column":38}}],"line":63},"2":{"loc":{"start":{"line":64,"column":4},"end":{"line":64,"column":26}},"type":"default-arg","locations":[{"start":{"line":64,"column":21},"end":{"line":64,"column":26}}],"line":64},"3":{"loc":{"start":{"line":80,"column":38},"end":{"line":80,"column":52}},"type":"default-arg","locations":[{"start":{"line":80,"column":50},"end":{"line":80,"column":52}}],"line":80},"4":{"loc":{"start":{"line":86,"column":20},"end":{"line":86,"column":52}},"type":"cond-expr","locations":[{"start":{"line":86,"column":27},"end":{"line":86,"column":48}},{"start":{"line":86,"column":51},"end":{"line":86,"column":52}}],"line":86},"5":{"loc":{"start":{"line":93,"column":38},"end":{"line":93,"column":58}},"type":"default-arg","locations":[{"start":{"line":93,"column":46},"end":{"line":93,"column":58}}],"line":93},"6":{"loc":{"start":{"line":93,"column":60},"end":{"line":93,"column":79}},"type":"default-arg","locations":[{"start":{"line":93,"column":71},"end":{"line":93,"column":79}}],"line":93},"7":{"loc":{"start":{"line":112,"column":4},"end":{"line":114,"column":5}},"type":"if","locations":[{"start":{"line":112,"column":4},"end":{"line":114,"column":5}},{"start":{},"end":{}}],"line":112}},"s":{"0":3,"1":3,"2":3,"3":0,"4":4,"5":3,"6":7,"7":7,"8":7,"9":3,"10":0,"11":0,"12":0,"13":0,"14":0,"15":0,"16":3,"17":0,"18":3,"19":3,"20":0,"21":0,"22":0,"23":3},"f":{"0":0,"1":4,"2":7,"3":7,"4":0,"5":0,"6":0,"7":0,"8":0,"9":0,"10":0},"b":{"0":[0],"1":[0],"2":[5],"3":[0],"4":[0,0],"5":[0],"6":[0],"7":[0,0]},"_coverageSchema":"1a1c01bbd47fc00a2c39e90264f33305004495a9","hash":"c84e6c3c201548b332eacc049907ce1a88fabf93"}
}
