{"C:\\Users\\consenso\\Downloads\\Coisa\\projeto-livraria\\frontend\\src\\App.jsx": {"path":"C:\\Users\\consenso\\Downloads\\Coisa\\projeto-livraria\\frontend\\src\\App.jsx","statementMap":{"0":{"start":{"line":15,"column":12},"end":{"line":45,"column":1}},"1":{"start":{"line":16,"column":2},"end":{"line":44,"column":3}}},"fnMap":{"0":{"name":"(anonymous_0)","decl":{"start":{"line":15,"column":12},"end":{"line":15,"column":13}},"loc":{"start":{"line":15,"column":18},"end":{"line":45,"column":1}},"line":15}},"branchMap":{},"s":{"0":3,"1":4},"f":{"0":4},"b":{},"_coverageSchema":"1a1c01bbd47fc00a2c39e90264f33305004495a9","hash":"cdf57b4abbf0e3d5f00c25d60d8628489f3d8c33"}
,"C:\\Users\\consenso\\Downloads\\Coisa\\projeto-livraria\\frontend\\src\\assets\\data.jsx": {"path":"C:\\Users\\consenso\\Downloads\\Coisa\\projeto-livraria\\frontend\\src\\assets\\data.jsx","statementMap":{"0":{"start":{"line":48,"column":26},"end":{"line":73,"column":1}},"1":{"start":{"line":75,"column":21},"end":{"line":446,"column":1}},"2":{"start":{"line":448,"column":28},"end":{"line":468,"column":1}},"3":{"start":{"line":470,"column":35},"end":{"line":476,"column":1}},"4":{"start":{"line":478,"column":23},"end":{"line":487,"column":1}}},"fnMap":{},"branchMap":{},"s":{"0":8,"1":8,"2":8,"3":8,"4":8},"f":{},"b":{},"_coverageSchema":"1a1c01bbd47fc00a2c39e90264f33305004495a9","hash":"aedb646c24c70aa99c90fb081f085c2046bd8f80"}
,"C:\\Users\\consenso\\Downloads\\Coisa\\projeto-livraria\\frontend\\src\\components\\About.jsx": {"path":"C:\\Users\\consenso\\Downloads\\Coisa\\projeto-livraria\\frontend\\src\\components\\About.jsx","statementMap":{"0":{"start":{"line":6,"column":14},"end":{"line":64,"column":1}},"1":{"start":{"line":7,"column":2},"end":{"line":63,"column":3}}},"fnMap":{"0":{"name":"(anonymous_0)","decl":{"start":{"line":6,"column":14},"end":{"line":6,"column":15}},"loc":{"start":{"line":6,"column":20},"end":{"line":64,"column":1}},"line":6}},"branchMap":{},"s":{"0":3,"1":0},"f":{"0":0},"b":{},"_coverageSchema":"1a1c01bbd47fc00a2c39e90264f33305004495a9","hash":"0d63868111abf848380b849f8cc32950bc266080"}
,"C:\\Users\\consenso\\Downloads\\Coisa\\projeto-livraria\\frontend\\src\\components\\CartTotal.jsx": {"path":"C:\\Users\\consenso\\Downloads\\Coisa\\projeto-livraria\\frontend\\src\\components\\CartTotal.jsx","statementMap":{"0":{"start":{"line":5,"column":18},"end":{"line":32,"column":1}},"1":{"start":{"line":7,"column":58},"end":{"line":7,"column":81}},"2":{"start":{"line":9,"column":4},"end":{"line":31,"column":5}}},"fnMap":{"0":{"name":"(anonymous_0)","decl":{"start":{"line":5,"column":18},"end":{"line":5,"column":19}},"loc":{"start":{"line":5,"column":24},"end":{"line":32,"column":1}},"line":5}},"branchMap":{"0":{"loc":{"start":{"line":22,"column":63},"end":{"line":22,"column":131}},"type":"cond-expr","locations":[{"start":{"line":22,"column":87},"end":{"line":22,"column":93}},{"start":{"line":22,"column":96},"end":{"line":22,"column":131}}],"line":22},"1":{"loc":{"start":{"line":27,"column":71},"end":{"line":27,"column":138}},"type":"cond-expr","locations":[{"start":{"line":27,"column":95},"end":{"line":27,"column":101}},{"start":{"line":27,"column":104},"end":{"line":27,"column":138}}],"line":27}},"s":{"0":5,"1":12,"2":12},"f":{"0":12},"b":{"0":[2,10],"1":[2,10]},"_coverageSchema":"1a1c01bbd47fc00a2c39e90264f33305004495a9","hash":"f95aedfc58be31a571f6ccd4d4b34e57c4050aa8"}
,"C:\\Users\\consenso\\Downloads\\Coisa\\projeto-livraria\\frontend\\src\\components\\Features.jsx": {"path":"C:\\Users\\consenso\\Downloads\\Coisa\\projeto-livraria\\frontend\\src\\components\\Features.jsx","statementMap":{"0":{"start":{"line":7,"column":17},"end":{"line":63,"column":1}},"1":{"start":{"line":8,"column":2},"end":{"line":62,"column":3}}},"fnMap":{"0":{"name":"(anonymous_0)","decl":{"start":{"line":7,"column":17},"end":{"line":7,"column":18}},"loc":{"start":{"line":7,"column":23},"end":{"line":63,"column":1}},"line":7}},"branchMap":{},"s":{"0":4,"1":13},"f":{"0":13},"b":{},"_coverageSchema":"1a1c01bbd47fc00a2c39e90264f33305004495a9","hash":"43538f4e9234e7705832e11c5e0301fafba09b72"}
,"C:\\Users\\consenso\\Downloads\\Coisa\\projeto-livraria\\frontend\\src\\components\\Footer.jsx": {"path":"C:\\Users\\consenso\\Downloads\\Coisa\\projeto-livraria\\frontend\\src\\components\\Footer.jsx","statementMap":{"0":{"start":{"line":6,"column":15},"end":{"line":110,"column":1}},"1":{"start":{"line":7,"column":2},"end":{"line":109,"column":3}},"2":{"start":{"line":63,"column":14},"end":{"line":69,"column":29}},"3":{"start":{"line":66,"column":20},"end":{"line":66,"column":151}},"4":{"start":{"line":75,"column":18},"end":{"line":78,"column":25}},"5":{"start":{"line":87,"column":20},"end":{"line":89,"column":27}},"6":{"start":{"line":114,"column":21},"end":{"line":121,"column":1}},"7":{"start":{"line":115,"column":2},"end":{"line":120,"column":3}}},"fnMap":{"0":{"name":"(anonymous_0)","decl":{"start":{"line":6,"column":15},"end":{"line":6,"column":16}},"loc":{"start":{"line":6,"column":21},"end":{"line":110,"column":1}},"line":6},"1":{"name":"(anonymous_1)","decl":{"start":{"line":62,"column":30},"end":{"line":62,"column":31}},"loc":{"start":{"line":63,"column":14},"end":{"line":69,"column":29}},"line":63},"2":{"name":"(anonymous_2)","decl":{"start":{"line":65,"column":33},"end":{"line":65,"column":34}},"loc":{"start":{"line":66,"column":20},"end":{"line":66,"column":151}},"line":66},"3":{"name":"(anonymous_3)","decl":{"start":{"line":74,"column":47},"end":{"line":74,"column":48}},"loc":{"start":{"line":75,"column":18},"end":{"line":78,"column":25}},"line":75},"4":{"name":"(anonymous_4)","decl":{"start":{"line":86,"column":37},"end":{"line":86,"column":38}},"loc":{"start":{"line":87,"column":20},"end":{"line":89,"column":27}},"line":87},"5":{"name":"(anonymous_5)","decl":{"start":{"line":114,"column":21},"end":{"line":114,"column":22}},"loc":{"start":{"line":114,"column":46},"end":{"line":121,"column":1}},"line":114}},"branchMap":{},"s":{"0":8,"1":171,"2":342,"3":1539,"4":342,"5":855,"6":8,"7":684},"f":{"0":171,"1":342,"2":1539,"3":342,"4":855,"5":684},"b":{},"_coverageSchema":"1a1c01bbd47fc00a2c39e90264f33305004495a9","hash":"1430eb128c177cfce2821c3fe572bbd9ef6cee9a"}
,"C:\\Users\\consenso\\Downloads\\Coisa\\projeto-livraria\\frontend\\src\\components\\Header.jsx": {"path":"C:\\Users\\consenso\\Downloads\\Coisa\\projeto-livraria\\frontend\\src\\components\\Header.jsx","statementMap":{"0":{"start":{"line":11,"column":15},"end":{"line":85,"column":1}},"1":{"start":{"line":13,"column":70},"end":{"line":13,"column":93}},"2":{"start":{"line":14,"column":32},"end":{"line":14,"column":47}},"3":{"start":{"line":15,"column":40},"end":{"line":15,"column":55}},"4":{"start":{"line":17,"column":23},"end":{"line":19,"column":5}},"5":{"start":{"line":18,"column":8},"end":{"line":18,"column":38}},"6":{"start":{"line":18,"column":32},"end":{"line":18,"column":37}},"7":{"start":{"line":21,"column":19},"end":{"line":26,"column":5}},"8":{"start":{"line":22,"column":8},"end":{"line":22,"column":26}},"9":{"start":{"line":23,"column":8},"end":{"line":23,"column":40}},"10":{"start":{"line":24,"column":8},"end":{"line":24,"column":20}},"11":{"start":{"line":25,"column":8},"end":{"line":25,"column":24}},"12":{"start":{"line":28,"column":4},"end":{"line":44,"column":20}},"13":{"start":{"line":29,"column":29},"end":{"line":38,"column":9}},"14":{"start":{"line":30,"column":12},"end":{"line":35,"column":13}},"15":{"start":{"line":32,"column":16},"end":{"line":34,"column":17}},"16":{"start":{"line":33,"column":20},"end":{"line":33,"column":40}},"17":{"start":{"line":37,"column":12},"end":{"line":37,"column":42}},"18":{"start":{"line":39,"column":8},"end":{"line":39,"column":55}},"19":{"start":{"line":41,"column":8},"end":{"line":43,"column":9}},"20":{"start":{"line":42,"column":12},"end":{"line":42,"column":62}},"21":{"start":{"line":46,"column":4},"end":{"line":84,"column":5}},"22":{"start":{"line":71,"column":54},"end":{"line":71,"column":72}},"23":{"start":{"line":76,"column":50},"end":{"line":76,"column":69}}},"fnMap":{"0":{"name":"(anonymous_0)","decl":{"start":{"line":11,"column":15},"end":{"line":11,"column":16}},"loc":{"start":{"line":11,"column":21},"end":{"line":85,"column":1}},"line":11},"1":{"name":"(anonymous_1)","decl":{"start":{"line":17,"column":23},"end":{"line":17,"column":24}},"loc":{"start":{"line":17,"column":29},"end":{"line":19,"column":5}},"line":17},"2":{"name":"(anonymous_2)","decl":{"start":{"line":18,"column":22},"end":{"line":18,"column":23}},"loc":{"start":{"line":18,"column":32},"end":{"line":18,"column":37}},"line":18},"3":{"name":"(anonymous_3)","decl":{"start":{"line":21,"column":19},"end":{"line":21,"column":20}},"loc":{"start":{"line":21,"column":23},"end":{"line":26,"column":5}},"line":21},"4":{"name":"(anonymous_4)","decl":{"start":{"line":28,"column":14},"end":{"line":28,"column":15}},"loc":{"start":{"line":28,"column":20},"end":{"line":44,"column":5}},"line":28},"5":{"name":"(anonymous_5)","decl":{"start":{"line":29,"column":29},"end":{"line":29,"column":30}},"loc":{"start":{"line":29,"column":35},"end":{"line":38,"column":9}},"line":29},"6":{"name":"(anonymous_6)","decl":{"start":{"line":41,"column":15},"end":{"line":41,"column":16}},"loc":{"start":{"line":41,"column":21},"end":{"line":43,"column":9}},"line":41},"7":{"name":"(anonymous_7)","decl":{"start":{"line":71,"column":49},"end":{"line":71,"column":50}},"loc":{"start":{"line":71,"column":54},"end":{"line":71,"column":72}},"line":71},"8":{"name":"(anonymous_8)","decl":{"start":{"line":76,"column":45},"end":{"line":76,"column":46}},"loc":{"start":{"line":76,"column":50},"end":{"line":76,"column":69}},"line":76}},"branchMap":{"0":{"loc":{"start":{"line":30,"column":12},"end":{"line":35,"column":13}},"type":"if","locations":[{"start":{"line":30,"column":12},"end":{"line":35,"column":13}},{"start":{},"end":{}}],"line":30},"1":{"loc":{"start":{"line":32,"column":16},"end":{"line":34,"column":17}},"type":"if","locations":[{"start":{"line":32,"column":16},"end":{"line":34,"column":17}},{"start":{},"end":{}}],"line":32},"2":{"loc":{"start":{"line":48,"column":31},"end":{"line":48,"column":125}},"type":"cond-expr","locations":[{"start":{"line":48,"column":40},"end":{"line":48,"column":85}},{"start":{"line":48,"column":88},"end":{"line":48,"column":125}}],"line":48},"3":{"loc":{"start":{"line":57,"column":96},"end":{"line":57,"column":283}},"type":"cond-expr","locations":[{"start":{"line":57,"column":109},"end":{"line":57,"column":209}},{"start":{"line":57,"column":212},"end":{"line":57,"column":283}}],"line":57},"4":{"loc":{"start":{"line":68,"column":29},"end":{"line":72,"column":29}},"type":"cond-expr","locations":[{"start":{"line":69,"column":32},"end":{"line":69,"column":160}},{"start":{"line":71,"column":32},"end":{"line":71,"column":162}}],"line":68},"5":{"loc":{"start":{"line":74,"column":25},"end":{"line":79,"column":27}},"type":"binary-expr","locations":[{"start":{"line":74,"column":25},"end":{"line":74,"column":30}},{"start":{"line":74,"column":34},"end":{"line":79,"column":27}}],"line":74}},"s":{"0":5,"1":11,"2":11,"3":11,"4":11,"5":0,"6":0,"7":11,"8":0,"9":0,"10":0,"11":0,"12":11,"13":10,"14":0,"15":0,"16":0,"17":0,"18":10,"19":10,"20":10,"21":11,"22":1,"23":0},"f":{"0":11,"1":0,"2":0,"3":0,"4":10,"5":0,"6":10,"7":1,"8":0},"b":{"0":[0,0],"1":[0,0],"2":[0,11],"3":[0,11],"4":[1,10],"5":[11,1]},"_coverageSchema":"1a1c01bbd47fc00a2c39e90264f33305004495a9","hash":"8ec1b6f24427f345b8950ac11bb34d6e2d20e79f"}
,"C:\\Users\\consenso\\Downloads\\Coisa\\projeto-livraria\\frontend\\src\\components\\Hero.jsx": {"path":"C:\\Users\\consenso\\Downloads\\Coisa\\projeto-livraria\\frontend\\src\\components\\Hero.jsx","statementMap":{"0":{"start":{"line":6,"column":13},"end":{"line":72,"column":1}},"1":{"start":{"line":7,"column":4},"end":{"line":71,"column":5}}},"fnMap":{"0":{"name":"(anonymous_0)","decl":{"start":{"line":6,"column":13},"end":{"line":6,"column":14}},"loc":{"start":{"line":6,"column":19},"end":{"line":72,"column":1}},"line":6}},"branchMap":{},"s":{"0":3,"1":0},"f":{"0":0},"b":{},"_coverageSchema":"1a1c01bbd47fc00a2c39e90264f33305004495a9","hash":"c4deacb661f0c890ad8d70714ac54ebfcc69ff79"}
,"C:\\Users\\consenso\\Downloads\\Coisa\\projeto-livraria\\frontend\\src\\components\\Item.jsx": {"path":"C:\\Users\\consenso\\Downloads\\Coisa\\projeto-livraria\\frontend\\src\\components\\Item.jsx","statementMap":{"0":{"start":{"line":5,"column":13},"end":{"line":49,"column":1}},"1":{"start":{"line":7,"column":34},"end":{"line":7,"column":57}},"2":{"start":{"line":9,"column":2},"end":{"line":48,"column":3}},"3":{"start":{"line":17,"column":36},"end":{"line":17,"column":55}},"4":{"start":{"line":42,"column":20},"end":{"line":42,"column":72}}},"fnMap":{"0":{"name":"(anonymous_0)","decl":{"start":{"line":5,"column":13},"end":{"line":5,"column":14}},"loc":{"start":{"line":5,"column":25},"end":{"line":49,"column":1}},"line":5},"1":{"name":"(anonymous_1)","decl":{"start":{"line":17,"column":31},"end":{"line":17,"column":32}},"loc":{"start":{"line":17,"column":36},"end":{"line":17,"column":55}},"line":17},"2":{"name":"(anonymous_2)","decl":{"start":{"line":41,"column":35},"end":{"line":41,"column":36}},"loc":{"start":{"line":42,"column":20},"end":{"line":42,"column":72}},"line":42}},"branchMap":{},"s":{"0":8,"1":116,"2":116,"3":3,"4":580},"f":{"0":116,"1":3,"2":580},"b":{},"_coverageSchema":"1a1c01bbd47fc00a2c39e90264f33305004495a9","hash":"cc2a0a4247572d3b2d0a9ca493bbf7228a113562"}
,"C:\\Users\\consenso\\Downloads\\Coisa\\projeto-livraria\\frontend\\src\\components\\Navbar.jsx": {"path":"C:\\Users\\consenso\\Downloads\\Coisa\\projeto-livraria\\frontend\\src\\components\\Navbar.jsx","statementMap":{"0":{"start":{"line":7,"column":15},"end":{"line":48,"column":1}},"1":{"start":{"line":8,"column":21},"end":{"line":12,"column":5}},"2":{"start":{"line":14,"column":4},"end":{"line":47,"column":5}},"3":{"start":{"line":27,"column":16},"end":{"line":44,"column":22}},"4":{"start":{"line":36,"column":28},"end":{"line":38,"column":153}}},"fnMap":{"0":{"name":"(anonymous_0)","decl":{"start":{"line":7,"column":15},"end":{"line":7,"column":16}},"loc":{"start":{"line":7,"column":64},"end":{"line":48,"column":1}},"line":7},"1":{"name":"(anonymous_1)","decl":{"start":{"line":26,"column":26},"end":{"line":26,"column":27}},"loc":{"start":{"line":27,"column":16},"end":{"line":44,"column":22}},"line":27},"2":{"name":"(anonymous_2)","decl":{"start":{"line":35,"column":52},"end":{"line":35,"column":53}},"loc":{"start":{"line":36,"column":28},"end":{"line":38,"column":153}},"line":36}},"branchMap":{"0":{"loc":{"start":{"line":17,"column":13},"end":{"line":25,"column":13}},"type":"binary-expr","locations":[{"start":{"line":17,"column":13},"end":{"line":17,"column":23}},{"start":{"line":18,"column":16},"end":{"line":24,"column":19}}],"line":17},"1":{"loc":{"start":{"line":29,"column":21},"end":{"line":42,"column":35}},"type":"cond-expr","locations":[{"start":{"line":30,"column":24},"end":{"line":33,"column":28}},{"start":{"line":35,"column":24},"end":{"line":42,"column":34}}],"line":29},"2":{"loc":{"start":{"line":30,"column":36},"end":{"line":30,"column":71}},"type":"cond-expr","locations":[{"start":{"line":30,"column":49},"end":{"line":30,"column":59}},{"start":{"line":30,"column":62},"end":{"line":30,"column":71}}],"line":30},"3":{"loc":{"start":{"line":36,"column":28},"end":{"line":38,"column":153}},"type":"cond-expr","locations":[{"start":{"line":37,"column":34},"end":{"line":37,"column":121}},{"start":{"line":38,"column":34},"end":{"line":38,"column":153}}],"line":36}},"s":{"0":6,"1":24,"2":24,"3":72,"4":48},"f":{"0":24,"1":72,"2":48},"b":{"0":[24,4],"1":[24,48],"2":[4,20],"3":[0,48]},"_coverageSchema":"1a1c01bbd47fc00a2c39e90264f33305004495a9","hash":"6cde126139d7990c30133165fe1cc61b4fd85530"}
,"C:\\Users\\consenso\\Downloads\\Coisa\\projeto-livraria\\frontend\\src\\components\\NewArrivals.jsx": {"path":"C:\\Users\\consenso\\Downloads\\Coisa\\projeto-livraria\\frontend\\src\\components\\NewArrivals.jsx","statementMap":{"0":{"start":{"line":12,"column":20},"end":{"line":79,"column":1}},"1":{"start":{"line":14,"column":20},"end":{"line":14,"column":43}},"2":{"start":{"line":15,"column":42},"end":{"line":15,"column":54}},"3":{"start":{"line":18,"column":4},"end":{"line":21,"column":15}},"4":{"start":{"line":19,"column":21},"end":{"line":19,"column":38}},"5":{"start":{"line":20,"column":8},"end":{"line":20,"column":38}},"6":{"start":{"line":23,"column":4},"end":{"line":78,"column":5}},"7":{"start":{"line":64,"column":28},"end":{"line":68,"column":42}}},"fnMap":{"0":{"name":"(anonymous_0)","decl":{"start":{"line":12,"column":20},"end":{"line":12,"column":21}},"loc":{"start":{"line":12,"column":26},"end":{"line":79,"column":1}},"line":12},"1":{"name":"(anonymous_1)","decl":{"start":{"line":18,"column":14},"end":{"line":18,"column":15}},"loc":{"start":{"line":18,"column":18},"end":{"line":21,"column":5}},"line":18},"2":{"name":"(anonymous_2)","decl":{"start":{"line":63,"column":41},"end":{"line":63,"column":42}},"loc":{"start":{"line":64,"column":28},"end":{"line":68,"column":42}},"line":64}},"branchMap":{},"s":{"0":3,"1":0,"2":0,"3":0,"4":0,"5":0,"6":0,"7":0},"f":{"0":0,"1":0,"2":0},"b":{},"_coverageSchema":"1a1c01bbd47fc00a2c39e90264f33305004495a9","hash":"b603f20543ca2b6e90670462b725330cfc3c20ab"}
,"C:\\Users\\consenso\\Downloads\\Coisa\\projeto-livraria\\frontend\\src\\components\\PopularBooks.jsx": {"path":"C:\\Users\\consenso\\Downloads\\Coisa\\projeto-livraria\\frontend\\src\\components\\PopularBooks.jsx","statementMap":{"0":{"start":{"line":6,"column":21},"end":{"line":40,"column":1}},"1":{"start":{"line":8,"column":18},"end":{"line":8,"column":41}},"2":{"start":{"line":9,"column":42},"end":{"line":9,"column":54}},"3":{"start":{"line":11,"column":2},"end":{"line":14,"column":13}},"4":{"start":{"line":12,"column":17},"end":{"line":12,"column":51}},"5":{"start":{"line":12,"column":38},"end":{"line":12,"column":50}},"6":{"start":{"line":13,"column":4},"end":{"line":13,"column":37}},"7":{"start":{"line":16,"column":2},"end":{"line":39,"column":3}},"8":{"start":{"line":26,"column":12},"end":{"line":30,"column":18}}},"fnMap":{"0":{"name":"(anonymous_0)","decl":{"start":{"line":6,"column":21},"end":{"line":6,"column":22}},"loc":{"start":{"line":6,"column":27},"end":{"line":40,"column":1}},"line":6},"1":{"name":"(anonymous_1)","decl":{"start":{"line":11,"column":12},"end":{"line":11,"column":13}},"loc":{"start":{"line":11,"column":16},"end":{"line":14,"column":3}},"line":11},"2":{"name":"(anonymous_2)","decl":{"start":{"line":12,"column":30},"end":{"line":12,"column":31}},"loc":{"start":{"line":12,"column":38},"end":{"line":12,"column":50}},"line":12},"3":{"name":"(anonymous_3)","decl":{"start":{"line":25,"column":28},"end":{"line":25,"column":29}},"loc":{"start":{"line":26,"column":12},"end":{"line":30,"column":18}},"line":26}},"branchMap":{},"s":{"0":3,"1":0,"2":0,"3":0,"4":0,"5":0,"6":0,"7":0,"8":0},"f":{"0":0,"1":0,"2":0,"3":0},"b":{},"_coverageSchema":"1a1c01bbd47fc00a2c39e90264f33305004495a9","hash":"0fb9754bb213a501906ac31bf791b84546a7bab5"}
,"C:\\Users\\consenso\\Downloads\\Coisa\\projeto-livraria\\frontend\\src\\components\\Title.jsx": {"path":"C:\\Users\\consenso\\Downloads\\Coisa\\projeto-livraria\\frontend\\src\\components\\Title.jsx","statementMap":{"0":{"start":{"line":3,"column":14},"end":{"line":17,"column":1}},"1":{"start":{"line":4,"column":2},"end":{"line":16,"column":3}}},"fnMap":{"0":{"name":"(anonymous_0)","decl":{"start":{"line":3,"column":14},"end":{"line":3,"column":15}},"loc":{"start":{"line":3,"column":75},"end":{"line":17,"column":1}},"line":3}},"branchMap":{},"s":{"0":13,"1":263},"f":{"0":263},"b":{},"_coverageSchema":"1a1c01bbd47fc00a2c39e90264f33305004495a9","hash":"45a2db0e0ac1cbc1c5eb1cd7f7a27418f07f6640"}
,"C:\\Users\\consenso\\Downloads\\Coisa\\projeto-livraria\\frontend\\src\\context\\ShopContext.jsx": {"path":"C:\\Users\\consenso\\Downloads\\Coisa\\projeto-livraria\\frontend\\src\\context\\ShopContext.jsx","statementMap":{"0":{"start":{"line":7,"column":27},"end":{"line":7,"column":42}},"1":{"start":{"line":9,"column":28},"end":{"line":136,"column":1}},"2":{"start":{"line":11,"column":21},"end":{"line":11,"column":24}},"3":{"start":{"line":12,"column":29},"end":{"line":12,"column":30}},"4":{"start":{"line":13,"column":23},"end":{"line":13,"column":55}},"5":{"start":{"line":14,"column":21},"end":{"line":14,"column":34}},"6":{"start":{"line":15,"column":30},"end":{"line":15,"column":42}},"7":{"start":{"line":16,"column":30},"end":{"line":16,"column":42}},"8":{"start":{"line":17,"column":38},"end":{"line":17,"column":50}},"9":{"start":{"line":20,"column":22},"end":{"line":39,"column":5}},"10":{"start":{"line":21,"column":25},"end":{"line":21,"column":41}},"11":{"start":{"line":23,"column":8},"end":{"line":27,"column":9}},"12":{"start":{"line":24,"column":12},"end":{"line":24,"column":33}},"13":{"start":{"line":26,"column":12},"end":{"line":26,"column":32}},"14":{"start":{"line":28,"column":8},"end":{"line":28,"column":30}},"15":{"start":{"line":30,"column":8},"end":{"line":38,"column":9}},"16":{"start":{"line":31,"column":12},"end":{"line":37,"column":13}},"17":{"start":{"line":32,"column":16},"end":{"line":32,"column":98}},"18":{"start":{"line":35,"column":16},"end":{"line":35,"column":34}},"19":{"start":{"line":36,"column":16},"end":{"line":36,"column":42}},"20":{"start":{"line":43,"column":25},"end":{"line":55,"column":5}},"21":{"start":{"line":44,"column":25},"end":{"line":44,"column":26}},"22":{"start":{"line":45,"column":8},"end":{"line":53,"column":9}},"23":{"start":{"line":46,"column":12},"end":{"line":52,"column":13}},"24":{"start":{"line":47,"column":16},"end":{"line":49,"column":17}},"25":{"start":{"line":48,"column":20},"end":{"line":48,"column":49}},"26":{"start":{"line":51,"column":16},"end":{"line":51,"column":34}},"27":{"start":{"line":54,"column":8},"end":{"line":54,"column":26}},"28":{"start":{"line":59,"column":26},"end":{"line":70,"column":5}},"29":{"start":{"line":60,"column":26},"end":{"line":60,"column":27}},"30":{"start":{"line":61,"column":8},"end":{"line":68,"column":9}},"31":{"start":{"line":62,"column":12},"end":{"line":67,"column":13}},"32":{"start":{"line":63,"column":31},"end":{"line":63,"column":70}},"33":{"start":{"line":63,"column":52},"end":{"line":63,"column":69}},"34":{"start":{"line":64,"column":16},"end":{"line":66,"column":17}},"35":{"start":{"line":65,"column":20},"end":{"line":65,"column":67}},"36":{"start":{"line":69,"column":8},"end":{"line":69,"column":26}},"37":{"start":{"line":74,"column":27},"end":{"line":87,"column":5}},"38":{"start":{"line":75,"column":25},"end":{"line":75,"column":41}},"39":{"start":{"line":76,"column":8},"end":{"line":76,"column":35}},"40":{"start":{"line":77,"column":8},"end":{"line":77,"column":30}},"41":{"start":{"line":79,"column":8},"end":{"line":86,"column":9}},"42":{"start":{"line":80,"column":12},"end":{"line":85,"column":13}},"43":{"start":{"line":81,"column":16},"end":{"line":81,"column":111}},"44":{"start":{"line":83,"column":16},"end":{"line":83,"column":34}},"45":{"start":{"line":84,"column":16},"end":{"line":84,"column":42}},"46":{"start":{"line":91,"column":28},"end":{"line":103,"column":5}},"47":{"start":{"line":92,"column":8},"end":{"line":102,"column":9}},"48":{"start":{"line":93,"column":29},"end":{"line":93,"column":78}},"49":{"start":{"line":94,"column":12},"end":{"line":98,"column":13}},"50":{"start":{"line":95,"column":16},"end":{"line":95,"column":48}},"51":{"start":{"line":97,"column":16},"end":{"line":97,"column":50}},"52":{"start":{"line":100,"column":12},"end":{"line":100,"column":30}},"53":{"start":{"line":101,"column":12},"end":{"line":101,"column":38}},"54":{"start":{"line":106,"column":24},"end":{"line":116,"column":5}},"55":{"start":{"line":107,"column":8},"end":{"line":115,"column":9}},"56":{"start":{"line":108,"column":29},"end":{"line":108,"column":103}},"57":{"start":{"line":109,"column":12},"end":{"line":111,"column":13}},"58":{"start":{"line":110,"column":16},"end":{"line":110,"column":52}},"59":{"start":{"line":113,"column":12},"end":{"line":113,"column":30}},"60":{"start":{"line":114,"column":12},"end":{"line":114,"column":38}},"61":{"start":{"line":119,"column":4},"end":{"line":126,"column":10}},"62":{"start":{"line":120,"column":8},"end":{"line":124,"column":9}},"63":{"start":{"line":121,"column":12},"end":{"line":121,"column":51}},"64":{"start":{"line":122,"column":12},"end":{"line":122,"column":54}},"65":{"start":{"line":125,"column":8},"end":{"line":125,"column":25}},"66":{"start":{"line":129,"column":25},"end":{"line":129,"column":182}},"67":{"start":{"line":131,"column":4},"end":{"line":135,"column":5}}},"fnMap":{"0":{"name":"(anonymous_0)","decl":{"start":{"line":9,"column":28},"end":{"line":9,"column":29}},"loc":{"start":{"line":9,"column":39},"end":{"line":136,"column":1}},"line":9},"1":{"name":"(anonymous_1)","decl":{"start":{"line":20,"column":22},"end":{"line":20,"column":23}},"loc":{"start":{"line":20,"column":40},"end":{"line":39,"column":5}},"line":20},"2":{"name":"(anonymous_2)","decl":{"start":{"line":43,"column":25},"end":{"line":43,"column":26}},"loc":{"start":{"line":43,"column":31},"end":{"line":55,"column":5}},"line":43},"3":{"name":"(anonymous_3)","decl":{"start":{"line":59,"column":26},"end":{"line":59,"column":27}},"loc":{"start":{"line":59,"column":32},"end":{"line":70,"column":5}},"line":59},"4":{"name":"(anonymous_4)","decl":{"start":{"line":63,"column":42},"end":{"line":63,"column":43}},"loc":{"start":{"line":63,"column":52},"end":{"line":63,"column":69}},"line":63},"5":{"name":"(anonymous_5)","decl":{"start":{"line":74,"column":27},"end":{"line":74,"column":28}},"loc":{"start":{"line":74,"column":55},"end":{"line":87,"column":5}},"line":74},"6":{"name":"(anonymous_6)","decl":{"start":{"line":91,"column":28},"end":{"line":91,"column":29}},"loc":{"start":{"line":91,"column":40},"end":{"line":103,"column":5}},"line":91},"7":{"name":"(anonymous_7)","decl":{"start":{"line":106,"column":24},"end":{"line":106,"column":25}},"loc":{"start":{"line":106,"column":41},"end":{"line":116,"column":5}},"line":106},"8":{"name":"(anonymous_8)","decl":{"start":{"line":119,"column":14},"end":{"line":119,"column":15}},"loc":{"start":{"line":119,"column":20},"end":{"line":126,"column":5}},"line":119}},"branchMap":{"0":{"loc":{"start":{"line":23,"column":8},"end":{"line":27,"column":9}},"type":"if","locations":[{"start":{"line":23,"column":8},"end":{"line":27,"column":9}},{"start":{"line":25,"column":15},"end":{"line":27,"column":9}}],"line":23},"1":{"loc":{"start":{"line":30,"column":8},"end":{"line":38,"column":9}},"type":"if","locations":[{"start":{"line":30,"column":8},"end":{"line":38,"column":9}},{"start":{},"end":{}}],"line":30},"2":{"loc":{"start":{"line":47,"column":16},"end":{"line":49,"column":17}},"type":"if","locations":[{"start":{"line":47,"column":16},"end":{"line":49,"column":17}},{"start":{},"end":{}}],"line":47},"3":{"loc":{"start":{"line":62,"column":12},"end":{"line":67,"column":13}},"type":"if","locations":[{"start":{"line":62,"column":12},"end":{"line":67,"column":13}},{"start":{},"end":{}}],"line":62},"4":{"loc":{"start":{"line":64,"column":16},"end":{"line":66,"column":17}},"type":"if","locations":[{"start":{"line":64,"column":16},"end":{"line":66,"column":17}},{"start":{},"end":{}}],"line":64},"5":{"loc":{"start":{"line":79,"column":8},"end":{"line":86,"column":9}},"type":"if","locations":[{"start":{"line":79,"column":8},"end":{"line":86,"column":9}},{"start":{},"end":{}}],"line":79},"6":{"loc":{"start":{"line":94,"column":12},"end":{"line":98,"column":13}},"type":"if","locations":[{"start":{"line":94,"column":12},"end":{"line":98,"column":13}},{"start":{"line":96,"column":19},"end":{"line":98,"column":13}}],"line":94},"7":{"loc":{"start":{"line":109,"column":12},"end":{"line":111,"column":13}},"type":"if","locations":[{"start":{"line":109,"column":12},"end":{"line":111,"column":13}},{"start":{},"end":{}}],"line":109},"8":{"loc":{"start":{"line":120,"column":8},"end":{"line":124,"column":9}},"type":"if","locations":[{"start":{"line":120,"column":8},"end":{"line":124,"column":9}},{"start":{},"end":{}}],"line":120},"9":{"loc":{"start":{"line":120,"column":12},"end":{"line":120,"column":51}},"type":"binary-expr","locations":[{"start":{"line":120,"column":12},"end":{"line":120,"column":18}},{"start":{"line":120,"column":22},"end":{"line":120,"column":51}}],"line":120}},"s":{"0":14,"1":14,"2":0,"3":0,"4":0,"5":0,"6":0,"7":0,"8":0,"9":0,"10":0,"11":0,"12":0,"13":0,"14":0,"15":0,"16":0,"17":0,"18":0,"19":0,"20":0,"21":0,"22":0,"23":0,"24":0,"25":0,"26":0,"27":0,"28":0,"29":0,"30":0,"31":0,"32":0,"33":0,"34":0,"35":0,"36":0,"37":0,"38":0,"39":0,"40":0,"41":0,"42":0,"43":0,"44":0,"45":0,"46":0,"47":0,"48":0,"49":0,"50":0,"51":0,"52":0,"53":0,"54":0,"55":0,"56":0,"57":0,"58":0,"59":0,"60":0,"61":0,"62":0,"63":0,"64":0,"65":0,"66":0,"67":0},"f":{"0":0,"1":0,"2":0,"3":0,"4":0,"5":0,"6":0,"7":0,"8":0},"b":{"0":[0,0],"1":[0,0],"2":[0,0],"3":[0,0],"4":[0,0],"5":[0,0],"6":[0,0],"7":[0,0],"8":[0,0],"9":[0,0]},"_coverageSchema":"1a1c01bbd47fc00a2c39e90264f33305004495a9","hash":"11f4b85586fcd83f2396c3322149e35410001360"}
,"C:\\Users\\consenso\\Downloads\\Coisa\\projeto-livraria\\frontend\\src\\pages\\Cart.jsx": {"path":"C:\\Users\\consenso\\Downloads\\Coisa\\projeto-livraria\\frontend\\src\\pages\\Cart.jsx","statementMap":{"0":{"start":{"line":9,"column":13},"end":{"line":95,"column":1}},"1":{"start":{"line":11,"column":84},"end":{"line":11,"column":107}},"2":{"start":{"line":13,"column":4},"end":{"line":94,"column":5}},"3":{"start":{"line":22,"column":24},"end":{"line":58,"column":25}},"4":{"start":{"line":23,"column":28},"end":{"line":57,"column":29}},"5":{"start":{"line":38,"column":79},"end":{"line":38,"column":128}},"6":{"start":{"line":42,"column":79},"end":{"line":42,"column":128}},"7":{"start":{"line":49,"column":75},"end":{"line":49,"column":102}},"8":{"start":{"line":59,"column":24},"end":{"line":59,"column":36}},"9":{"start":{"line":71,"column":55},"end":{"line":71,"column":72}},"10":{"start":{"line":84,"column":51},"end":{"line":84,"column":75}}},"fnMap":{"0":{"name":"(anonymous_0)","decl":{"start":{"line":9,"column":13},"end":{"line":9,"column":14}},"loc":{"start":{"line":9,"column":19},"end":{"line":95,"column":1}},"line":9},"1":{"name":"(anonymous_1)","decl":{"start":{"line":21,"column":31},"end":{"line":21,"column":32}},"loc":{"start":{"line":21,"column":41},"end":{"line":60,"column":21}},"line":21},"2":{"name":"(anonymous_2)","decl":{"start":{"line":38,"column":73},"end":{"line":38,"column":74}},"loc":{"start":{"line":38,"column":79},"end":{"line":38,"column":128}},"line":38},"3":{"name":"(anonymous_3)","decl":{"start":{"line":42,"column":73},"end":{"line":42,"column":74}},"loc":{"start":{"line":42,"column":79},"end":{"line":42,"column":128}},"line":42},"4":{"name":"(anonymous_4)","decl":{"start":{"line":49,"column":69},"end":{"line":49,"column":70}},"loc":{"start":{"line":49,"column":75},"end":{"line":49,"column":102}},"line":49},"5":{"name":"(anonymous_5)","decl":{"start":{"line":71,"column":49},"end":{"line":71,"column":50}},"loc":{"start":{"line":71,"column":55},"end":{"line":71,"column":72}},"line":71},"6":{"name":"(anonymous_6)","decl":{"start":{"line":84,"column":45},"end":{"line":84,"column":46}},"loc":{"start":{"line":84,"column":51},"end":{"line":84,"column":75}},"line":84}},"branchMap":{"0":{"loc":{"start":{"line":22,"column":24},"end":{"line":58,"column":25}},"type":"if","locations":[{"start":{"line":22,"column":24},"end":{"line":58,"column":25}},{"start":{},"end":{}}],"line":22},"1":{"loc":{"start":{"line":63,"column":21},"end":{"line":76,"column":21}},"type":"binary-expr","locations":[{"start":{"line":63,"column":21},"end":{"line":63,"column":42}},{"start":{"line":64,"column":24},"end":{"line":75,"column":30}}],"line":63},"2":{"loc":{"start":{"line":80,"column":17},"end":{"line":89,"column":17}},"type":"binary-expr","locations":[{"start":{"line":80,"column":17},"end":{"line":80,"column":36}},{"start":{"line":81,"column":20},"end":{"line":88,"column":26}}],"line":80}},"s":{"0":5,"1":17,"2":17,"3":35,"4":26,"5":0,"6":0,"7":1,"8":9,"9":1,"10":1},"f":{"0":17,"1":35,"2":0,"3":0,"4":1,"5":1,"6":1},"b":{"0":[26,9],"1":[17,3],"2":[17,14]},"_coverageSchema":"1a1c01bbd47fc00a2c39e90264f33305004495a9","hash":"c8740db10f7b4e396bd5bea055c680aab2d6aa39"}
,"C:\\Users\\consenso\\Downloads\\Coisa\\projeto-livraria\\frontend\\src\\pages\\Contact.jsx": {"path":"C:\\Users\\consenso\\Downloads\\Coisa\\projeto-livraria\\frontend\\src\\pages\\Contact.jsx","statementMap":{"0":{"start":{"line":7,"column":16},"end":{"line":172,"column":1}},"1":{"start":{"line":8,"column":34},"end":{"line":13,"column":4}},"2":{"start":{"line":15,"column":23},"end":{"line":20,"column":3}},"3":{"start":{"line":16,"column":4},"end":{"line":19,"column":6}},"4":{"start":{"line":22,"column":23},"end":{"line":33,"column":3}},"5":{"start":{"line":23,"column":4},"end":{"line":23,"column":22}},"6":{"start":{"line":25,"column":4},"end":{"line":25,"column":44}},"7":{"start":{"line":27,"column":4},"end":{"line":32,"column":6}},"8":{"start":{"line":35,"column":2},"end":{"line":171,"column":3}},"9":{"start":{"line":94,"column":18},"end":{"line":96,"column":27}}},"fnMap":{"0":{"name":"(anonymous_0)","decl":{"start":{"line":7,"column":16},"end":{"line":7,"column":17}},"loc":{"start":{"line":7,"column":22},"end":{"line":172,"column":1}},"line":7},"1":{"name":"(anonymous_1)","decl":{"start":{"line":15,"column":23},"end":{"line":15,"column":24}},"loc":{"start":{"line":15,"column":30},"end":{"line":20,"column":3}},"line":15},"2":{"name":"(anonymous_2)","decl":{"start":{"line":22,"column":23},"end":{"line":22,"column":24}},"loc":{"start":{"line":22,"column":30},"end":{"line":33,"column":3}},"line":22},"3":{"name":"(anonymous_3)","decl":{"start":{"line":93,"column":22},"end":{"line":93,"column":23}},"loc":{"start":{"line":94,"column":18},"end":{"line":96,"column":27}},"line":94}},"branchMap":{},"s":{"0":5,"1":130,"2":130,"3":120,"4":130,"5":2,"6":2,"7":2,"8":130,"9":520},"f":{"0":130,"1":120,"2":2,"3":520},"b":{},"_coverageSchema":"1a1c01bbd47fc00a2c39e90264f33305004495a9","hash":"9ff16d43568ee7462614ce36ac35c2bdb0f9ad38"}
,"C:\\Users\\consenso\\Downloads\\Coisa\\projeto-livraria\\frontend\\src\\pages\\Home.jsx": {"path":"C:\\Users\\consenso\\Downloads\\Coisa\\projeto-livraria\\frontend\\src\\pages\\Home.jsx","statementMap":{"0":{"start":{"line":9,"column":13},"end":{"line":40,"column":1}},"1":{"start":{"line":10,"column":2},"end":{"line":39,"column":3}}},"fnMap":{"0":{"name":"(anonymous_0)","decl":{"start":{"line":9,"column":13},"end":{"line":9,"column":14}},"loc":{"start":{"line":9,"column":19},"end":{"line":40,"column":1}},"line":9}},"branchMap":{},"s":{"0":4,"1":6},"f":{"0":6},"b":{},"_coverageSchema":"1a1c01bbd47fc00a2c39e90264f33305004495a9","hash":"4916bc8073f3d0acebd58a58ef31f4a3523b0cac"}
,"C:\\Users\\consenso\\Downloads\\Coisa\\projeto-livraria\\frontend\\src\\pages\\Login.jsx": {"path":"C:\\Users\\consenso\\Downloads\\Coisa\\projeto-livraria\\frontend\\src\\pages\\Login.jsx","statementMap":{"0":{"start":{"line":7,"column":14},"end":{"line":148,"column":1}},"1":{"start":{"line":9,"column":52},"end":{"line":9,"column":75}},"2":{"start":{"line":10,"column":36},"end":{"line":10,"column":53}},"3":{"start":{"line":11,"column":26},"end":{"line":11,"column":38}},"4":{"start":{"line":12,"column":28},"end":{"line":12,"column":40}},"5":{"start":{"line":13,"column":34},"end":{"line":13,"column":46}},"6":{"start":{"line":15,"column":26},"end":{"line":40,"column":3}},"7":{"start":{"line":16,"column":4},"end":{"line":16,"column":22}},"8":{"start":{"line":17,"column":4},"end":{"line":39,"column":5}},"9":{"start":{"line":18,"column":6},"end":{"line":35,"column":7}},"10":{"start":{"line":19,"column":25},"end":{"line":19,"column":103}},"11":{"start":{"line":20,"column":8},"end":{"line":25,"column":9}},"12":{"start":{"line":21,"column":10},"end":{"line":21,"column":39}},"13":{"start":{"line":22,"column":10},"end":{"line":22,"column":60}},"14":{"start":{"line":24,"column":10},"end":{"line":24,"column":44}},"15":{"start":{"line":28,"column":25},"end":{"line":28,"column":94}},"16":{"start":{"line":29,"column":8},"end":{"line":34,"column":9}},"17":{"start":{"line":30,"column":10},"end":{"line":30,"column":39}},"18":{"start":{"line":31,"column":10},"end":{"line":31,"column":60}},"19":{"start":{"line":33,"column":10},"end":{"line":33,"column":44}},"20":{"start":{"line":37,"column":6},"end":{"line":37,"column":24}},"21":{"start":{"line":38,"column":6},"end":{"line":38,"column":32}},"22":{"start":{"line":42,"column":2},"end":{"line":46,"column":12}},"23":{"start":{"line":43,"column":4},"end":{"line":45,"column":5}},"24":{"start":{"line":44,"column":6},"end":{"line":44,"column":19}},"25":{"start":{"line":48,"column":2},"end":{"line":147,"column":3}},"26":{"start":{"line":86,"column":37},"end":{"line":86,"column":60}},"27":{"start":{"line":101,"column":35},"end":{"line":101,"column":59}},"28":{"start":{"line":115,"column":35},"end":{"line":115,"column":62}},"29":{"start":{"line":134,"column":60},"end":{"line":134,"column":83}},"30":{"start":{"line":138,"column":59},"end":{"line":138,"column":80}}},"fnMap":{"0":{"name":"(anonymous_0)","decl":{"start":{"line":7,"column":14},"end":{"line":7,"column":15}},"loc":{"start":{"line":7,"column":20},"end":{"line":148,"column":1}},"line":7},"1":{"name":"(anonymous_1)","decl":{"start":{"line":15,"column":26},"end":{"line":15,"column":27}},"loc":{"start":{"line":15,"column":39},"end":{"line":40,"column":3}},"line":15},"2":{"name":"(anonymous_2)","decl":{"start":{"line":42,"column":12},"end":{"line":42,"column":13}},"loc":{"start":{"line":42,"column":16},"end":{"line":46,"column":3}},"line":42},"3":{"name":"(anonymous_3)","decl":{"start":{"line":86,"column":30},"end":{"line":86,"column":31}},"loc":{"start":{"line":86,"column":37},"end":{"line":86,"column":60}},"line":86},"4":{"name":"(anonymous_4)","decl":{"start":{"line":101,"column":28},"end":{"line":101,"column":29}},"loc":{"start":{"line":101,"column":35},"end":{"line":101,"column":59}},"line":101},"5":{"name":"(anonymous_5)","decl":{"start":{"line":115,"column":28},"end":{"line":115,"column":29}},"loc":{"start":{"line":115,"column":35},"end":{"line":115,"column":62}},"line":115},"6":{"name":"(anonymous_6)","decl":{"start":{"line":134,"column":54},"end":{"line":134,"column":55}},"loc":{"start":{"line":134,"column":60},"end":{"line":134,"column":83}},"line":134},"7":{"name":"(anonymous_7)","decl":{"start":{"line":138,"column":53},"end":{"line":138,"column":54}},"loc":{"start":{"line":138,"column":59},"end":{"line":138,"column":80}},"line":138}},"branchMap":{"0":{"loc":{"start":{"line":18,"column":6},"end":{"line":35,"column":7}},"type":"if","locations":[{"start":{"line":18,"column":6},"end":{"line":35,"column":7}},{"start":{"line":27,"column":11},"end":{"line":35,"column":7}}],"line":18},"1":{"loc":{"start":{"line":20,"column":8},"end":{"line":25,"column":9}},"type":"if","locations":[{"start":{"line":20,"column":8},"end":{"line":25,"column":9}},{"start":{"line":23,"column":15},"end":{"line":25,"column":9}}],"line":20},"2":{"loc":{"start":{"line":29,"column":8},"end":{"line":34,"column":9}},"type":"if","locations":[{"start":{"line":29,"column":8},"end":{"line":34,"column":9}},{"start":{"line":32,"column":15},"end":{"line":34,"column":9}}],"line":29},"3":{"loc":{"start":{"line":43,"column":4},"end":{"line":45,"column":5}},"type":"if","locations":[{"start":{"line":43,"column":4},"end":{"line":45,"column":5}},{"start":{},"end":{}}],"line":43},"4":{"loc":{"start":{"line":70,"column":19},"end":{"line":70,"column":66}},"type":"cond-expr","locations":[{"start":{"line":70,"column":45},"end":{"line":70,"column":55}},{"start":{"line":70,"column":58},"end":{"line":70,"column":66}}],"line":70},"5":{"loc":{"start":{"line":73,"column":19},"end":{"line":75,"column":57}},"type":"cond-expr","locations":[{"start":{"line":74,"column":22},"end":{"line":74,"column":63}},{"start":{"line":75,"column":22},"end":{"line":75,"column":57}}],"line":73},"6":{"loc":{"start":{"line":80,"column":15},"end":{"line":94,"column":15}},"type":"binary-expr","locations":[{"start":{"line":80,"column":15},"end":{"line":80,"column":38}},{"start":{"line":81,"column":16},"end":{"line":93,"column":22}}],"line":80},"7":{"loc":{"start":{"line":125,"column":17},"end":{"line":125,"column":65}},"type":"cond-expr","locations":[{"start":{"line":125,"column":43},"end":{"line":125,"column":54}},{"start":{"line":125,"column":57},"end":{"line":125,"column":65}}],"line":125},"8":{"loc":{"start":{"line":132,"column":17},"end":{"line":140,"column":17}},"type":"cond-expr","locations":[{"start":{"line":133,"column":18},"end":{"line":135,"column":24}},{"start":{"line":137,"column":18},"end":{"line":139,"column":24}}],"line":132}},"s":{"0":5,"1":60,"2":60,"3":60,"4":60,"5":60,"6":60,"7":7,"8":7,"9":7,"10":1,"11":1,"12":1,"13":1,"14":0,"15":6,"16":4,"17":3,"18":3,"19":1,"20":2,"21":2,"22":60,"23":14,"24":1,"25":60,"26":1,"27":23,"28":18,"29":3,"30":1},"f":{"0":60,"1":7,"2":14,"3":1,"4":23,"5":18,"6":3,"7":1},"b":{"0":[1,6],"1":[1,0],"2":[3,1],"3":[1,13],"4":[6,54],"5":[6,54],"6":[60,6],"7":[6,54],"8":[54,6]},"_coverageSchema":"1a1c01bbd47fc00a2c39e90264f33305004495a9","hash":"e59ffef04bd4ef95c650bd73454e5e53a0834cd3"}
,"C:\\Users\\consenso\\Downloads\\Coisa\\projeto-livraria\\frontend\\src\\pages\\Orders.jsx": {"path":"C:\\Users\\consenso\\Downloads\\Coisa\\projeto-livraria\\frontend\\src\\pages\\Orders.jsx","statementMap":{"0":{"start":{"line":7,"column":15},"end":{"line":129,"column":1}},"1":{"start":{"line":9,"column":42},"end":{"line":9,"column":65}},"2":{"start":{"line":10,"column":36},"end":{"line":10,"column":48}},"3":{"start":{"line":12,"column":24},"end":{"line":34,"column":3}},"4":{"start":{"line":13,"column":4},"end":{"line":33,"column":5}},"5":{"start":{"line":14,"column":6},"end":{"line":16,"column":7}},"6":{"start":{"line":15,"column":8},"end":{"line":15,"column":19}},"7":{"start":{"line":17,"column":23},"end":{"line":17,"column":105}},"8":{"start":{"line":18,"column":6},"end":{"line":30,"column":7}},"9":{"start":{"line":19,"column":28},"end":{"line":19,"column":30}},"10":{"start":{"line":20,"column":8},"end":{"line":28,"column":10}},"11":{"start":{"line":21,"column":10},"end":{"line":27,"column":12}},"12":{"start":{"line":22,"column":12},"end":{"line":22,"column":41}},"13":{"start":{"line":23,"column":12},"end":{"line":23,"column":43}},"14":{"start":{"line":24,"column":12},"end":{"line":24,"column":55}},"15":{"start":{"line":25,"column":12},"end":{"line":25,"column":37}},"16":{"start":{"line":26,"column":12},"end":{"line":26,"column":36}},"17":{"start":{"line":29,"column":8},"end":{"line":29,"column":45}},"18":{"start":{"line":32,"column":6},"end":{"line":32,"column":24}},"19":{"start":{"line":36,"column":2},"end":{"line":38,"column":13}},"20":{"start":{"line":37,"column":4},"end":{"line":37,"column":19}},"21":{"start":{"line":39,"column":2},"end":{"line":128,"column":3}},"22":{"start":{"line":49,"column":14},"end":{"line":107,"column":20}},"23":{"start":{"line":117,"column":39},"end":{"line":117,"column":69}}},"fnMap":{"0":{"name":"(anonymous_0)","decl":{"start":{"line":7,"column":15},"end":{"line":7,"column":16}},"loc":{"start":{"line":7,"column":21},"end":{"line":129,"column":1}},"line":7},"1":{"name":"(anonymous_1)","decl":{"start":{"line":12,"column":24},"end":{"line":12,"column":25}},"loc":{"start":{"line":12,"column":36},"end":{"line":34,"column":3}},"line":12},"2":{"name":"(anonymous_2)","decl":{"start":{"line":20,"column":33},"end":{"line":20,"column":34}},"loc":{"start":{"line":20,"column":44},"end":{"line":28,"column":9}},"line":20},"3":{"name":"(anonymous_3)","decl":{"start":{"line":21,"column":26},"end":{"line":21,"column":27}},"loc":{"start":{"line":21,"column":36},"end":{"line":27,"column":11}},"line":21},"4":{"name":"(anonymous_4)","decl":{"start":{"line":36,"column":12},"end":{"line":36,"column":13}},"loc":{"start":{"line":36,"column":18},"end":{"line":38,"column":3}},"line":36},"5":{"name":"(anonymous_5)","decl":{"start":{"line":48,"column":26},"end":{"line":48,"column":27}},"loc":{"start":{"line":49,"column":14},"end":{"line":107,"column":20}},"line":49},"6":{"name":"(anonymous_6)","decl":{"start":{"line":117,"column":33},"end":{"line":117,"column":34}},"loc":{"start":{"line":117,"column":39},"end":{"line":117,"column":69}},"line":117}},"branchMap":{"0":{"loc":{"start":{"line":14,"column":6},"end":{"line":16,"column":7}},"type":"if","locations":[{"start":{"line":14,"column":6},"end":{"line":16,"column":7}},{"start":{},"end":{}}],"line":14},"1":{"loc":{"start":{"line":18,"column":6},"end":{"line":30,"column":7}},"type":"if","locations":[{"start":{"line":18,"column":6},"end":{"line":30,"column":7}},{"start":{},"end":{}}],"line":18},"2":{"loc":{"start":{"line":47,"column":11},"end":{"line":122,"column":11}},"type":"cond-expr","locations":[{"start":{"line":48,"column":12},"end":{"line":108,"column":14}},{"start":{"line":110,"column":12},"end":{"line":121,"column":18}}],"line":47},"3":{"loc":{"start":{"line":92,"column":24},"end":{"line":95,"column":84}},"type":"cond-expr","locations":[{"start":{"line":92,"column":53},"end":{"line":92,"column":68}},{"start":{"line":93,"column":24},"end":{"line":95,"column":84}}],"line":92},"4":{"loc":{"start":{"line":93,"column":24},"end":{"line":95,"column":84}},"type":"cond-expr","locations":[{"start":{"line":93,"column":56},"end":{"line":93,"column":69}},{"start":{"line":94,"column":24},"end":{"line":95,"column":84}}],"line":93},"5":{"loc":{"start":{"line":94,"column":24},"end":{"line":95,"column":84}},"type":"cond-expr","locations":[{"start":{"line":94,"column":52},"end":{"line":94,"column":67}},{"start":{"line":95,"column":24},"end":{"line":95,"column":84}}],"line":94},"6":{"loc":{"start":{"line":95,"column":24},"end":{"line":95,"column":84}},"type":"cond-expr","locations":[{"start":{"line":95,"column":53},"end":{"line":95,"column":67}},{"start":{"line":95,"column":70},"end":{"line":95,"column":84}}],"line":95}},"s":{"0":3,"1":0,"2":0,"3":0,"4":0,"5":0,"6":0,"7":0,"8":0,"9":0,"10":0,"11":0,"12":0,"13":0,"14":0,"15":0,"16":0,"17":0,"18":0,"19":0,"20":0,"21":0,"22":0,"23":0},"f":{"0":0,"1":0,"2":0,"3":0,"4":0,"5":0,"6":0},"b":{"0":[0,0],"1":[0,0],"2":[0,0],"3":[0,0],"4":[0,0],"5":[0,0],"6":[0,0]},"_coverageSchema":"1a1c01bbd47fc00a2c39e90264f33305004495a9","hash":"1c85cb76d503e752567253ab9e1ead7ae3589c60"}
,"C:\\Users\\consenso\\Downloads\\Coisa\\projeto-livraria\\frontend\\src\\pages\\PlaceOrder.jsx": {"path":"C:\\Users\\consenso\\Downloads\\Coisa\\projeto-livraria\\frontend\\src\\pages\\PlaceOrder.jsx","statementMap":{"0":{"start":{"line":9,"column":19},"end":{"line":284,"column":1}},"1":{"start":{"line":11,"column":107},"end":{"line":11,"column":130}},"2":{"start":{"line":12,"column":30},"end":{"line":12,"column":45}},"3":{"start":{"line":13,"column":34},"end":{"line":23,"column":4}},"4":{"start":{"line":25,"column":26},"end":{"line":30,"column":3}},"5":{"start":{"line":26,"column":17},"end":{"line":26,"column":30}},"6":{"start":{"line":27,"column":18},"end":{"line":27,"column":32}},"7":{"start":{"line":29,"column":4},"end":{"line":29,"column":53}},"8":{"start":{"line":29,"column":25},"end":{"line":29,"column":51}},"9":{"start":{"line":32,"column":26},"end":{"line":85,"column":3}},"10":{"start":{"line":33,"column":4},"end":{"line":33,"column":26}},"11":{"start":{"line":34,"column":4},"end":{"line":84,"column":5}},"12":{"start":{"line":35,"column":23},"end":{"line":35,"column":25}},"13":{"start":{"line":37,"column":6},"end":{"line":47,"column":7}},"14":{"start":{"line":38,"column":8},"end":{"line":46,"column":9}},"15":{"start":{"line":39,"column":27},"end":{"line":39,"column":68}},"16":{"start":{"line":39,"column":48},"end":{"line":39,"column":67}},"17":{"start":{"line":40,"column":10},"end":{"line":45,"column":11}},"18":{"start":{"line":41,"column":12},"end":{"line":44,"column":14}},"19":{"start":{"line":48,"column":22},"end":{"line":52,"column":7}},"20":{"start":{"line":54,"column":6},"end":{"line":79,"column":7}},"21":{"start":{"line":57,"column":27},"end":{"line":57,"column":111}},"22":{"start":{"line":58,"column":10},"end":{"line":58,"column":36}},"23":{"start":{"line":59,"column":10},"end":{"line":64,"column":11}},"24":{"start":{"line":60,"column":12},"end":{"line":60,"column":28}},"25":{"start":{"line":61,"column":12},"end":{"line":61,"column":31}},"26":{"start":{"line":63,"column":12},"end":{"line":63,"column":46}},"27":{"start":{"line":65,"column":10},"end":{"line":65,"column":16}},"28":{"start":{"line":69,"column":33},"end":{"line":69,"column":118}},"29":{"start":{"line":70,"column":10},"end":{"line":75,"column":11}},"30":{"start":{"line":71,"column":36},"end":{"line":71,"column":55}},"31":{"start":{"line":72,"column":12},"end":{"line":72,"column":48}},"32":{"start":{"line":74,"column":12},"end":{"line":74,"column":52}},"33":{"start":{"line":76,"column":10},"end":{"line":76,"column":15}},"34":{"start":{"line":78,"column":10},"end":{"line":78,"column":16}},"35":{"start":{"line":82,"column":6},"end":{"line":82,"column":24}},"36":{"start":{"line":83,"column":6},"end":{"line":83,"column":32}},"37":{"start":{"line":87,"column":2},"end":{"line":283,"column":3}},"38":{"start":{"line":228,"column":33},"end":{"line":228,"column":52}},"39":{"start":{"line":249,"column":33},"end":{"line":249,"column":49}}},"fnMap":{"0":{"name":"(anonymous_0)","decl":{"start":{"line":9,"column":19},"end":{"line":9,"column":20}},"loc":{"start":{"line":9,"column":25},"end":{"line":284,"column":1}},"line":9},"1":{"name":"(anonymous_1)","decl":{"start":{"line":25,"column":26},"end":{"line":25,"column":27}},"loc":{"start":{"line":25,"column":33},"end":{"line":30,"column":3}},"line":25},"2":{"name":"(anonymous_2)","decl":{"start":{"line":29,"column":16},"end":{"line":29,"column":17}},"loc":{"start":{"line":29,"column":25},"end":{"line":29,"column":51}},"line":29},"3":{"name":"(anonymous_3)","decl":{"start":{"line":32,"column":26},"end":{"line":32,"column":27}},"loc":{"start":{"line":32,"column":43},"end":{"line":85,"column":3}},"line":32},"4":{"name":"(anonymous_4)","decl":{"start":{"line":39,"column":38},"end":{"line":39,"column":39}},"loc":{"start":{"line":39,"column":48},"end":{"line":39,"column":67}},"line":39},"5":{"name":"(anonymous_5)","decl":{"start":{"line":228,"column":27},"end":{"line":228,"column":28}},"loc":{"start":{"line":228,"column":33},"end":{"line":228,"column":52}},"line":228},"6":{"name":"(anonymous_6)","decl":{"start":{"line":249,"column":27},"end":{"line":249,"column":28}},"loc":{"start":{"line":249,"column":33},"end":{"line":249,"column":49}},"line":249}},"branchMap":{"0":{"loc":{"start":{"line":38,"column":8},"end":{"line":46,"column":9}},"type":"if","locations":[{"start":{"line":38,"column":8},"end":{"line":46,"column":9}},{"start":{},"end":{}}],"line":38},"1":{"loc":{"start":{"line":40,"column":10},"end":{"line":45,"column":11}},"type":"if","locations":[{"start":{"line":40,"column":10},"end":{"line":45,"column":11}},{"start":{},"end":{}}],"line":40},"2":{"loc":{"start":{"line":54,"column":6},"end":{"line":79,"column":7}},"type":"switch","locations":[{"start":{"line":56,"column":8},"end":{"line":65,"column":16}},{"start":{"line":68,"column":8},"end":{"line":76,"column":15}},{"start":{"line":77,"column":8},"end":{"line":78,"column":16}}],"line":54},"3":{"loc":{"start":{"line":59,"column":10},"end":{"line":64,"column":11}},"type":"if","locations":[{"start":{"line":59,"column":10},"end":{"line":64,"column":11}},{"start":{"line":62,"column":17},"end":{"line":64,"column":11}}],"line":59},"4":{"loc":{"start":{"line":70,"column":10},"end":{"line":75,"column":11}},"type":"if","locations":[{"start":{"line":70,"column":10},"end":{"line":75,"column":11}},{"start":{"line":73,"column":17},"end":{"line":75,"column":11}}],"line":70},"5":{"loc":{"start":{"line":230,"column":20},"end":{"line":232,"column":103}},"type":"cond-expr","locations":[{"start":{"line":231,"column":24},"end":{"line":231,"column":102}},{"start":{"line":232,"column":24},"end":{"line":232,"column":103}}],"line":230},"6":{"loc":{"start":{"line":237,"column":22},"end":{"line":237,"column":95}},"type":"cond-expr","locations":[{"start":{"line":237,"column":44},"end":{"line":237,"column":75}},{"start":{"line":237,"column":78},"end":{"line":237,"column":95}}],"line":237},"7":{"loc":{"start":{"line":239,"column":23},"end":{"line":239,"column":114}},"type":"binary-expr","locations":[{"start":{"line":239,"column":23},"end":{"line":239,"column":42}},{"start":{"line":239,"column":46},"end":{"line":239,"column":114}}],"line":239},"8":{"loc":{"start":{"line":242,"column":22},"end":{"line":242,"column":78}},"type":"cond-expr","locations":[{"start":{"line":242,"column":44},"end":{"line":242,"column":60}},{"start":{"line":242,"column":63},"end":{"line":242,"column":78}}],"line":242},"9":{"loc":{"start":{"line":251,"column":20},"end":{"line":253,"column":103}},"type":"cond-expr","locations":[{"start":{"line":252,"column":24},"end":{"line":252,"column":102}},{"start":{"line":253,"column":24},"end":{"line":253,"column":103}}],"line":251},"10":{"loc":{"start":{"line":258,"column":22},"end":{"line":258,"column":92}},"type":"cond-expr","locations":[{"start":{"line":258,"column":41},"end":{"line":258,"column":72}},{"start":{"line":258,"column":75},"end":{"line":258,"column":92}}],"line":258},"11":{"loc":{"start":{"line":260,"column":23},"end":{"line":260,"column":111}},"type":"binary-expr","locations":[{"start":{"line":260,"column":23},"end":{"line":260,"column":39}},{"start":{"line":260,"column":43},"end":{"line":260,"column":111}}],"line":260},"12":{"loc":{"start":{"line":263,"column":22},"end":{"line":263,"column":75}},"type":"cond-expr","locations":[{"start":{"line":263,"column":41},"end":{"line":263,"column":57}},{"start":{"line":263,"column":60},"end":{"line":263,"column":75}}],"line":263}},"s":{"0":3,"1":0,"2":0,"3":0,"4":0,"5":0,"6":0,"7":0,"8":0,"9":0,"10":0,"11":0,"12":0,"13":0,"14":0,"15":0,"16":0,"17":0,"18":0,"19":0,"20":0,"21":0,"22":0,"23":0,"24":0,"25":0,"26":0,"27":0,"28":0,"29":0,"30":0,"31":0,"32":0,"33":0,"34":0,"35":0,"36":0,"37":0,"38":0,"39":0},"f":{"0":0,"1":0,"2":0,"3":0,"4":0,"5":0,"6":0},"b":{"0":[0,0],"1":[0,0],"2":[0,0,0],"3":[0,0],"4":[0,0],"5":[0,0],"6":[0,0],"7":[0,0],"8":[0,0],"9":[0,0],"10":[0,0],"11":[0,0],"12":[0,0]},"_coverageSchema":"1a1c01bbd47fc00a2c39e90264f33305004495a9","hash":"898f5514b3cc7eb9818c9505b35c35b9e756fa69"}
,"C:\\Users\\consenso\\Downloads\\Coisa\\projeto-livraria\\frontend\\src\\pages\\Shop.jsx": {"path":"C:\\Users\\consenso\\Downloads\\Coisa\\projeto-livraria\\frontend\\src\\pages\\Shop.jsx","statementMap":{"0":{"start":{"line":10,"column":13},"end":{"line":165,"column":1}},"1":{"start":{"line":12,"column":20},"end":{"line":12,"column":43}},"2":{"start":{"line":13,"column":34},"end":{"line":13,"column":46}},"3":{"start":{"line":14,"column":34},"end":{"line":14,"column":54}},"4":{"start":{"line":15,"column":44},"end":{"line":15,"column":56}},"5":{"start":{"line":16,"column":30},"end":{"line":16,"column":42}},"6":{"start":{"line":17,"column":40},"end":{"line":17,"column":51}},"7":{"start":{"line":18,"column":23},"end":{"line":18,"column":25}},"8":{"start":{"line":20,"column":23},"end":{"line":22,"column":3}},"9":{"start":{"line":21,"column":4},"end":{"line":21,"column":103}},"10":{"start":{"line":21,"column":23},"end":{"line":21,"column":102}},"11":{"start":{"line":21,"column":68},"end":{"line":21,"column":82}},"12":{"start":{"line":24,"column":23},"end":{"line":34,"column":3}},"13":{"start":{"line":25,"column":19},"end":{"line":25,"column":29}},"14":{"start":{"line":27,"column":4},"end":{"line":29,"column":5}},"15":{"start":{"line":28,"column":6},"end":{"line":28,"column":98}},"16":{"start":{"line":28,"column":43},"end":{"line":28,"column":97}},"17":{"start":{"line":30,"column":4},"end":{"line":32,"column":5}},"18":{"start":{"line":31,"column":6},"end":{"line":31,"column":76}},"19":{"start":{"line":31,"column":43},"end":{"line":31,"column":75}},"20":{"start":{"line":33,"column":4},"end":{"line":33,"column":19}},"21":{"start":{"line":36,"column":23},"end":{"line":45,"column":3}},"22":{"start":{"line":37,"column":4},"end":{"line":44,"column":5}},"23":{"start":{"line":39,"column":8},"end":{"line":39,"column":58}},"24":{"start":{"line":39,"column":40},"end":{"line":39,"column":57}},"25":{"start":{"line":41,"column":8},"end":{"line":41,"column":58}},"26":{"start":{"line":41,"column":40},"end":{"line":41,"column":57}},"27":{"start":{"line":43,"column":8},"end":{"line":43,"column":24}},"28":{"start":{"line":47,"column":2},"end":{"line":52,"column":41}},"29":{"start":{"line":48,"column":19},"end":{"line":48,"column":33}},"30":{"start":{"line":49,"column":17},"end":{"line":49,"column":39}},"31":{"start":{"line":50,"column":4},"end":{"line":50,"column":28}},"32":{"start":{"line":51,"column":4},"end":{"line":51,"column":21}},"33":{"start":{"line":55,"column":28},"end":{"line":59,"column":3}},"34":{"start":{"line":56,"column":23},"end":{"line":56,"column":55}},"35":{"start":{"line":57,"column":21},"end":{"line":57,"column":46}},"36":{"start":{"line":58,"column":4},"end":{"line":58,"column":52}},"37":{"start":{"line":62,"column":21},"end":{"line":62,"column":67}},"38":{"start":{"line":63,"column":2},"end":{"line":164,"column":3}},"39":{"start":{"line":70,"column":36},"end":{"line":70,"column":61}},"40":{"start":{"line":80,"column":14},"end":{"line":88,"column":22}},"41":{"start":{"line":81,"column":57},"end":{"line":81,"column":98}},"42":{"start":{"line":100,"column":39},"end":{"line":100,"column":66}},"43":{"start":{"line":112,"column":16},"end":{"line":114,"column":22}},"44":{"start":{"line":122,"column":40},"end":{"line":122,"column":56}},"45":{"start":{"line":122,"column":57},"end":{"line":122,"column":70}},"46":{"start":{"line":133,"column":27},"end":{"line":133,"column":61}},"47":{"start":{"line":133,"column":52},"end":{"line":133,"column":60}},"48":{"start":{"line":141,"column":16},"end":{"line":148,"column":25}},"49":{"start":{"line":141,"column":53},"end":{"line":141,"column":78}},"50":{"start":{"line":154,"column":27},"end":{"line":154,"column":61}},"51":{"start":{"line":154,"column":52},"end":{"line":154,"column":60}}},"fnMap":{"0":{"name":"(anonymous_0)","decl":{"start":{"line":10,"column":13},"end":{"line":10,"column":14}},"loc":{"start":{"line":10,"column":19},"end":{"line":165,"column":1}},"line":10},"1":{"name":"(anonymous_1)","decl":{"start":{"line":20,"column":23},"end":{"line":20,"column":24}},"loc":{"start":{"line":20,"column":44},"end":{"line":22,"column":3}},"line":20},"2":{"name":"(anonymous_2)","decl":{"start":{"line":21,"column":13},"end":{"line":21,"column":14}},"loc":{"start":{"line":21,"column":23},"end":{"line":21,"column":102}},"line":21},"3":{"name":"(anonymous_3)","decl":{"start":{"line":21,"column":58},"end":{"line":21,"column":59}},"loc":{"start":{"line":21,"column":68},"end":{"line":21,"column":82}},"line":21},"4":{"name":"(anonymous_4)","decl":{"start":{"line":24,"column":23},"end":{"line":24,"column":24}},"loc":{"start":{"line":24,"column":29},"end":{"line":34,"column":3}},"line":24},"5":{"name":"(anonymous_5)","decl":{"start":{"line":28,"column":33},"end":{"line":28,"column":34}},"loc":{"start":{"line":28,"column":43},"end":{"line":28,"column":97}},"line":28},"6":{"name":"(anonymous_6)","decl":{"start":{"line":31,"column":33},"end":{"line":31,"column":34}},"loc":{"start":{"line":31,"column":43},"end":{"line":31,"column":75}},"line":31},"7":{"name":"(anonymous_7)","decl":{"start":{"line":36,"column":23},"end":{"line":36,"column":24}},"loc":{"start":{"line":36,"column":38},"end":{"line":45,"column":3}},"line":36},"8":{"name":"(anonymous_8)","decl":{"start":{"line":39,"column":30},"end":{"line":39,"column":31}},"loc":{"start":{"line":39,"column":40},"end":{"line":39,"column":57}},"line":39},"9":{"name":"(anonymous_9)","decl":{"start":{"line":41,"column":30},"end":{"line":41,"column":31}},"loc":{"start":{"line":41,"column":40},"end":{"line":41,"column":57}},"line":41},"10":{"name":"(anonymous_10)","decl":{"start":{"line":47,"column":12},"end":{"line":47,"column":13}},"loc":{"start":{"line":47,"column":18},"end":{"line":52,"column":3}},"line":47},"11":{"name":"(anonymous_11)","decl":{"start":{"line":55,"column":28},"end":{"line":55,"column":29}},"loc":{"start":{"line":55,"column":34},"end":{"line":59,"column":3}},"line":55},"12":{"name":"(anonymous_12)","decl":{"start":{"line":70,"column":29},"end":{"line":70,"column":30}},"loc":{"start":{"line":70,"column":36},"end":{"line":70,"column":61}},"line":70},"13":{"name":"(anonymous_13)","decl":{"start":{"line":79,"column":28},"end":{"line":79,"column":29}},"loc":{"start":{"line":80,"column":14},"end":{"line":88,"column":22}},"line":80},"14":{"name":"(anonymous_14)","decl":{"start":{"line":81,"column":50},"end":{"line":81,"column":51}},"loc":{"start":{"line":81,"column":57},"end":{"line":81,"column":98}},"line":81},"15":{"name":"(anonymous_15)","decl":{"start":{"line":100,"column":32},"end":{"line":100,"column":33}},"loc":{"start":{"line":100,"column":39},"end":{"line":100,"column":66}},"line":100},"16":{"name":"(anonymous_16)","decl":{"start":{"line":111,"column":38},"end":{"line":111,"column":39}},"loc":{"start":{"line":112,"column":16},"end":{"line":114,"column":22}},"line":112},"17":{"name":"(anonymous_17)","decl":{"start":{"line":122,"column":33},"end":{"line":122,"column":34}},"loc":{"start":{"line":122,"column":39},"end":{"line":122,"column":71}},"line":122},"18":{"name":"(anonymous_18)","decl":{"start":{"line":133,"column":21},"end":{"line":133,"column":22}},"loc":{"start":{"line":133,"column":27},"end":{"line":133,"column":61}},"line":133},"19":{"name":"(anonymous_19)","decl":{"start":{"line":133,"column":42},"end":{"line":133,"column":43}},"loc":{"start":{"line":133,"column":52},"end":{"line":133,"column":60}},"line":133},"20":{"name":"(anonymous_20)","decl":{"start":{"line":140,"column":50},"end":{"line":140,"column":51}},"loc":{"start":{"line":141,"column":16},"end":{"line":148,"column":25}},"line":141},"21":{"name":"(anonymous_21)","decl":{"start":{"line":141,"column":49},"end":{"line":141,"column":50}},"loc":{"start":{"line":141,"column":53},"end":{"line":141,"column":78}},"line":141},"22":{"name":"(anonymous_22)","decl":{"start":{"line":154,"column":21},"end":{"line":154,"column":22}},"loc":{"start":{"line":154,"column":27},"end":{"line":154,"column":61}},"line":154},"23":{"name":"(anonymous_23)","decl":{"start":{"line":154,"column":42},"end":{"line":154,"column":43}},"loc":{"start":{"line":154,"column":52},"end":{"line":154,"column":60}},"line":154}},"branchMap":{"0":{"loc":{"start":{"line":21,"column":23},"end":{"line":21,"column":102}},"type":"cond-expr","locations":[{"start":{"line":21,"column":46},"end":{"line":21,"column":83}},{"start":{"line":21,"column":86},"end":{"line":21,"column":102}}],"line":21},"1":{"loc":{"start":{"line":27,"column":4},"end":{"line":29,"column":5}},"type":"if","locations":[{"start":{"line":27,"column":4},"end":{"line":29,"column":5}},{"start":{},"end":{}}],"line":27},"2":{"loc":{"start":{"line":30,"column":4},"end":{"line":32,"column":5}},"type":"if","locations":[{"start":{"line":30,"column":4},"end":{"line":32,"column":5}},{"start":{},"end":{}}],"line":30},"3":{"loc":{"start":{"line":37,"column":4},"end":{"line":44,"column":5}},"type":"switch","locations":[{"start":{"line":38,"column":6},"end":{"line":39,"column":58}},{"start":{"line":40,"column":6},"end":{"line":41,"column":58}},{"start":{"line":42,"column":6},"end":{"line":43,"column":24}}],"line":37},"4":{"loc":{"start":{"line":110,"column":13},"end":{"line":124,"column":13}},"type":"cond-expr","locations":[{"start":{"line":111,"column":14},"end":{"line":115,"column":16}},{"start":{"line":117,"column":14},"end":{"line":123,"column":20}}],"line":110},"5":{"loc":{"start":{"line":129,"column":9},"end":{"line":159,"column":9}},"type":"binary-expr","locations":[{"start":{"line":129,"column":9},"end":{"line":129,"column":23}},{"start":{"line":130,"column":10},"end":{"line":158,"column":16}}],"line":129},"6":{"loc":{"start":{"line":134,"column":206},"end":{"line":134,"column":296}},"type":"binary-expr","locations":[{"start":{"line":134,"column":206},"end":{"line":134,"column":223}},{"start":{"line":134,"column":227},"end":{"line":134,"column":296}}],"line":134},"7":{"loc":{"start":{"line":143,"column":18},"end":{"line":145,"column":112}},"type":"cond-expr","locations":[{"start":{"line":144,"column":22},"end":{"line":144,"column":79}},{"start":{"line":145,"column":22},"end":{"line":145,"column":112}}],"line":143},"8":{"loc":{"start":{"line":155,"column":206},"end":{"line":155,"column":305}},"type":"binary-expr","locations":[{"start":{"line":155,"column":206},"end":{"line":155,"column":232}},{"start":{"line":155,"column":236},"end":{"line":155,"column":305}}],"line":155}},"s":{"0":8,"1":98,"2":98,"3":98,"4":98,"5":98,"6":98,"7":98,"8":98,"9":5,"10":5,"11":1,"12":98,"13":49,"14":49,"15":14,"16":56,"17":49,"18":5,"19":16,"20":49,"21":98,"22":49,"23":3,"24":16,"25":2,"26":13,"27":44,"28":98,"29":49,"30":49,"31":49,"32":49,"33":98,"34":172,"35":172,"36":172,"37":98,"38":98,"39":17,"40":426,"41":5,"42":5,"43":226,"44":0,"45":0,"46":0,"47":0,"48":0,"49":0,"50":0,"51":0},"f":{"0":98,"1":5,"2":5,"3":1,"4":49,"5":56,"6":16,"7":49,"8":16,"9":13,"10":49,"11":172,"12":17,"13":426,"14":5,"15":5,"16":226,"17":0,"18":0,"19":0,"20":0,"21":0,"22":0,"23":0},"b":{"0":[1,4],"1":[14,35],"2":[5,44],"3":[3,2,44],"4":[74,24],"5":[98,0],"6":[0,0],"7":[0,0],"8":[0,0]},"_coverageSchema":"1a1c01bbd47fc00a2c39e90264f33305004495a9","hash":"34927dd5055318d762b0f6d61149b1407899120f"}
,"C:\\Users\\consenso\\Downloads\\Coisa\\projeto-livraria\\frontend\\src\\pages\\Verify.jsx": {"path":"C:\\Users\\consenso\\Downloads\\Coisa\\projeto-livraria\\frontend\\src\\pages\\Verify.jsx","statementMap":{"0":{"start":{"line":7,"column":15},"end":{"line":105,"column":1}},"1":{"start":{"line":9,"column":56},"end":{"line":9,"column":79}},"2":{"start":{"line":10,"column":42},"end":{"line":10,"column":59}},"3":{"start":{"line":11,"column":40},"end":{"line":11,"column":54}},"4":{"start":{"line":12,"column":54},"end":{"line":12,"column":76}},"5":{"start":{"line":14,"column":18},"end":{"line":14,"column":45}},"6":{"start":{"line":15,"column":18},"end":{"line":15,"column":45}},"7":{"start":{"line":18,"column":24},"end":{"line":50,"column":3}},"8":{"start":{"line":19,"column":4},"end":{"line":49,"column":5}},"9":{"start":{"line":20,"column":6},"end":{"line":24,"column":7}},"10":{"start":{"line":21,"column":8},"end":{"line":21,"column":38}},"11":{"start":{"line":22,"column":8},"end":{"line":22,"column":29}},"12":{"start":{"line":23,"column":8},"end":{"line":23,"column":19}},"13":{"start":{"line":26,"column":23},"end":{"line":26,"column":125}},"14":{"start":{"line":28,"column":6},"end":{"line":39,"column":7}},"15":{"start":{"line":29,"column":8},"end":{"line":29,"column":40}},"16":{"start":{"line":30,"column":8},"end":{"line":30,"column":24}},"17":{"start":{"line":31,"column":8},"end":{"line":33,"column":16}},"18":{"start":{"line":32,"column":10},"end":{"line":32,"column":29}},"19":{"start":{"line":35,"column":8},"end":{"line":35,"column":38}},"20":{"start":{"line":36,"column":8},"end":{"line":38,"column":16}},"21":{"start":{"line":37,"column":10},"end":{"line":37,"column":23}},"22":{"start":{"line":41,"column":6},"end":{"line":41,"column":24}},"23":{"start":{"line":42,"column":6},"end":{"line":42,"column":36}},"24":{"start":{"line":43,"column":6},"end":{"line":43,"column":32}},"25":{"start":{"line":44,"column":6},"end":{"line":46,"column":14}},"26":{"start":{"line":45,"column":8},"end":{"line":45,"column":21}},"27":{"start":{"line":48,"column":6},"end":{"line":48,"column":27}},"28":{"start":{"line":52,"column":2},"end":{"line":54,"column":13}},"29":{"start":{"line":53,"column":4},"end":{"line":53,"column":19}},"30":{"start":{"line":56,"column":2},"end":{"line":104,"column":3}}},"fnMap":{"0":{"name":"(anonymous_0)","decl":{"start":{"line":7,"column":15},"end":{"line":7,"column":16}},"loc":{"start":{"line":7,"column":21},"end":{"line":105,"column":1}},"line":7},"1":{"name":"(anonymous_1)","decl":{"start":{"line":18,"column":24},"end":{"line":18,"column":25}},"loc":{"start":{"line":18,"column":36},"end":{"line":50,"column":3}},"line":18},"2":{"name":"(anonymous_2)","decl":{"start":{"line":31,"column":19},"end":{"line":31,"column":20}},"loc":{"start":{"line":31,"column":25},"end":{"line":33,"column":9}},"line":31},"3":{"name":"(anonymous_3)","decl":{"start":{"line":36,"column":19},"end":{"line":36,"column":20}},"loc":{"start":{"line":36,"column":25},"end":{"line":38,"column":9}},"line":36},"4":{"name":"(anonymous_4)","decl":{"start":{"line":44,"column":17},"end":{"line":44,"column":18}},"loc":{"start":{"line":44,"column":23},"end":{"line":46,"column":7}},"line":44},"5":{"name":"(anonymous_5)","decl":{"start":{"line":52,"column":12},"end":{"line":52,"column":13}},"loc":{"start":{"line":52,"column":16},"end":{"line":54,"column":3}},"line":52}},"branchMap":{"0":{"loc":{"start":{"line":20,"column":6},"end":{"line":24,"column":7}},"type":"if","locations":[{"start":{"line":20,"column":6},"end":{"line":24,"column":7}},{"start":{},"end":{}}],"line":20},"1":{"loc":{"start":{"line":28,"column":6},"end":{"line":39,"column":7}},"type":"if","locations":[{"start":{"line":28,"column":6},"end":{"line":39,"column":7}},{"start":{"line":34,"column":13},"end":{"line":39,"column":7}}],"line":28},"2":{"loc":{"start":{"line":60,"column":11},"end":{"line":100,"column":11}},"type":"cond-expr","locations":[{"start":{"line":61,"column":12},"end":{"line":69,"column":15}},{"start":{"line":70,"column":14},"end":{"line":100,"column":11}}],"line":60},"3":{"loc":{"start":{"line":60,"column":11},"end":{"line":60,"column":61}},"type":"binary-expr","locations":[{"start":{"line":60,"column":11},"end":{"line":60,"column":22}},{"start":{"line":60,"column":26},"end":{"line":60,"column":61}}],"line":60},"4":{"loc":{"start":{"line":70,"column":14},"end":{"line":100,"column":11}},"type":"cond-expr","locations":[{"start":{"line":71,"column":12},"end":{"line":84,"column":15}},{"start":{"line":86,"column":12},"end":{"line":99,"column":15}}],"line":70}},"s":{"0":3,"1":0,"2":0,"3":0,"4":0,"5":0,"6":0,"7":0,"8":0,"9":0,"10":0,"11":0,"12":0,"13":0,"14":0,"15":0,"16":0,"17":0,"18":0,"19":0,"20":0,"21":0,"22":0,"23":0,"24":0,"25":0,"26":0,"27":0,"28":0,"29":0,"30":0},"f":{"0":0,"1":0,"2":0,"3":0,"4":0,"5":0},"b":{"0":[0,0],"1":[0,0],"2":[0,0],"3":[0,0],"4":[0,0]},"_coverageSchema":"1a1c01bbd47fc00a2c39e90264f33305004495a9","hash":"14ade3df55478e415603010d23277fdc42d0e196"}
,"C:\\Users\\consenso\\Downloads\\Coisa\\projeto-livraria\\frontend\\src\\utils\\testUtils.js": {"path":"C:\\Users\\consenso\\Downloads\\Coisa\\projeto-livraria\\frontend\\src\\utils\\testUtils.js","statementMap":{"0":{"start":{"line":7,"column":25},"end":{"line":32,"column":1}},"1":{"start":{"line":34,"column":24},"end":{"line":38,"column":1}},"2":{"start":{"line":41,"column":35},"end":{"line":57,"column":1}},"3":{"start":{"line":47,"column":31},"end":{"line":47,"column":32}},"4":{"start":{"line":48,"column":30},"end":{"line":48,"column":31}},"5":{"start":{"line":60,"column":35},"end":{"line":77,"column":1}},"6":{"start":{"line":68,"column":18},"end":{"line":74,"column":3}},"7":{"start":{"line":69,"column":4},"end":{"line":73,"column":19}},"8":{"start":{"line":76,"column":2},"end":{"line":76,"column":67}},"9":{"start":{"line":80,"column":37},"end":{"line":90,"column":2}},"10":{"start":{"line":80,"column":58},"end":{"line":90,"column":1}},"11":{"start":{"line":84,"column":18},"end":{"line":87,"column":9}},"12":{"start":{"line":85,"column":19},"end":{"line":85,"column":52}},"13":{"start":{"line":85,"column":39},"end":{"line":85,"column":51}},"14":{"start":{"line":86,"column":6},"end":{"line":86,"column":54}},"15":{"start":{"line":88,"column":4},"end":{"line":88,"column":17}},"16":{"start":{"line":93,"column":37},"end":{"line":97,"column":2}},"17":{"start":{"line":93,"column":85},"end":{"line":97,"column":1}},"18":{"start":{"line":100,"column":29},"end":{"line":107,"column":1}},"19":{"start":{"line":110,"column":26},"end":{"line":116,"column":1}},"20":{"start":{"line":111,"column":2},"end":{"line":115,"column":5}},"21":{"start":{"line":112,"column":4},"end":{"line":114,"column":5}},"22":{"start":{"line":113,"column":6},"end":{"line":113,"column":23}},"23":{"start":{"line":119,"column":24},"end":{"line":125,"column":1}}},"fnMap":{"0":{"name":"(anonymous_0)","decl":{"start":{"line":47,"column":25},"end":{"line":47,"column":26}},"loc":{"start":{"line":47,"column":31},"end":{"line":47,"column":32}},"line":47},"1":{"name":"(anonymous_1)","decl":{"start":{"line":48,"column":24},"end":{"line":48,"column":25}},"loc":{"start":{"line":48,"column":30},"end":{"line":48,"column":31}},"line":48},"2":{"name":"(anonymous_2)","decl":{"start":{"line":60,"column":35},"end":{"line":60,"column":36}},"loc":{"start":{"line":67,"column":5},"end":{"line":77,"column":1}},"line":67},"3":{"name":"(anonymous_3)","decl":{"start":{"line":68,"column":18},"end":{"line":68,"column":19}},"loc":{"start":{"line":69,"column":4},"end":{"line":73,"column":19}},"line":69},"4":{"name":"(anonymous_4)","decl":{"start":{"line":80,"column":37},"end":{"line":80,"column":38}},"loc":{"start":{"line":80,"column":58},"end":{"line":90,"column":1}},"line":80},"5":{"name":"(anonymous_5)","decl":{"start":{"line":83,"column":25},"end":{"line":83,"column":26}},"loc":{"start":{"line":83,"column":31},"end":{"line":89,"column":3}},"line":83},"6":{"name":"(anonymous_6)","decl":{"start":{"line":84,"column":51},"end":{"line":84,"column":52}},"loc":{"start":{"line":84,"column":76},"end":{"line":87,"column":5}},"line":84},"7":{"name":"(anonymous_7)","decl":{"start":{"line":85,"column":34},"end":{"line":85,"column":35}},"loc":{"start":{"line":85,"column":39},"end":{"line":85,"column":51}},"line":85},"8":{"name":"(anonymous_8)","decl":{"start":{"line":93,"column":37},"end":{"line":93,"column":38}},"loc":{"start":{"line":93,"column":85},"end":{"line":97,"column":1}},"line":93},"9":{"name":"(anonymous_9)","decl":{"start":{"line":110,"column":26},"end":{"line":110,"column":27}},"loc":{"start":{"line":110,"column":32},"end":{"line":116,"column":1}},"line":110},"10":{"name":"(anonymous_10)","decl":{"start":{"line":111,"column":39},"end":{"line":111,"column":40}},"loc":{"start":{"line":111,"column":47},"end":{"line":115,"column":3}},"line":111}},"branchMap":{"0":{"loc":{"start":{"line":62,"column":2},"end":{"line":66,"column":8}},"type":"default-arg","locations":[{"start":{"line":66,"column":6},"end":{"line":66,"column":8}}],"line":62},"1":{"loc":{"start":{"line":63,"column":4},"end":{"line":63,"column":38}},"type":"default-arg","locations":[{"start":{"line":63,"column":19},"end":{"line":63,"column":38}}],"line":63},"2":{"loc":{"start":{"line":64,"column":4},"end":{"line":64,"column":26}},"type":"default-arg","locations":[{"start":{"line":64,"column":21},"end":{"line":64,"column":26}}],"line":64},"3":{"loc":{"start":{"line":80,"column":38},"end":{"line":80,"column":52}},"type":"default-arg","locations":[{"start":{"line":80,"column":50},"end":{"line":80,"column":52}}],"line":80},"4":{"loc":{"start":{"line":86,"column":20},"end":{"line":86,"column":52}},"type":"cond-expr","locations":[{"start":{"line":86,"column":27},"end":{"line":86,"column":48}},{"start":{"line":86,"column":51},"end":{"line":86,"column":52}}],"line":86},"5":{"loc":{"start":{"line":93,"column":38},"end":{"line":93,"column":58}},"type":"default-arg","locations":[{"start":{"line":93,"column":46},"end":{"line":93,"column":58}}],"line":93},"6":{"loc":{"start":{"line":93,"column":60},"end":{"line":93,"column":79}},"type":"default-arg","locations":[{"start":{"line":93,"column":71},"end":{"line":93,"column":79}}],"line":93},"7":{"loc":{"start":{"line":112,"column":4},"end":{"line":114,"column":5}},"type":"if","locations":[{"start":{"line":112,"column":4},"end":{"line":114,"column":5}},{"start":{},"end":{}}],"line":112}},"s":{"0":4,"1":4,"2":4,"3":0,"4":6,"5":4,"6":9,"7":9,"8":9,"9":4,"10":0,"11":0,"12":0,"13":0,"14":0,"15":0,"16":4,"17":0,"18":4,"19":4,"20":0,"21":0,"22":0,"23":4},"f":{"0":0,"1":6,"2":9,"3":9,"4":0,"5":0,"6":0,"7":0,"8":0,"9":0,"10":0},"b":{"0":[0],"1":[1],"2":[5],"3":[0],"4":[0,0],"5":[0],"6":[0],"7":[0,0]},"_coverageSchema":"1a1c01bbd47fc00a2c39e90264f33305004495a9","hash":"bc35a3678ab9e99680b3fd4299cbcf09b099729f"}
}
