TN:
SF:src/App.jsx
FN:15,(anonymous_0)
FNF:1
FNH:1
FNDA:4,(anonymous_0)
DA:15,3
DA:16,4
LF:2
LH:2
BRF:0
BRH:0
end_of_record
TN:
SF:src/assets/data.jsx
FNF:0
FNH:0
DA:48,8
DA:75,8
DA:448,8
DA:470,8
DA:478,8
LF:5
LH:5
BRF:0
BRH:0
end_of_record
TN:
SF:src/components/About.jsx
FN:6,(anonymous_0)
FNF:1
FNH:1
FNDA:6,(anonymous_0)
DA:6,4
DA:7,6
LF:2
LH:2
BRF:0
BRH:0
end_of_record
TN:
SF:src/components/CartTotal.jsx
FN:5,(anonymous_0)
FNF:1
FNH:1
FNDA:12,(anonymous_0)
DA:5,5
DA:7,12
DA:9,12
LF:3
LH:3
BRDA:22,0,0,2
BRDA:22,0,1,10
BRDA:27,1,0,2
BRDA:27,1,1,10
BRF:4
BRH:4
end_of_record
TN:
SF:src/components/Features.jsx
FN:7,(anonymous_0)
FNF:1
FNH:1
FNDA:13,(anonymous_0)
DA:7,4
DA:8,13
LF:2
LH:2
BRF:0
BRH:0
end_of_record
TN:
SF:src/components/Footer.jsx
FN:6,(anonymous_0)
FN:62,(anonymous_1)
FN:65,(anonymous_2)
FN:74,(anonymous_3)
FN:86,(anonymous_4)
FN:114,(anonymous_5)
FNF:6
FNH:6
FNDA:173,(anonymous_0)
FNDA:344,(anonymous_1)
FNDA:1543,(anonymous_2)
FNDA:346,(anonymous_3)
FNDA:859,(anonymous_4)
FNDA:690,(anonymous_5)
DA:6,9
DA:7,173
DA:63,344
DA:66,1543
DA:75,346
DA:87,859
DA:114,9
DA:115,690
LF:8
LH:8
BRF:0
BRH:0
end_of_record
TN:
SF:src/components/Header.jsx
FN:11,(anonymous_0)
FN:17,(anonymous_1)
FN:18,(anonymous_2)
FN:21,(anonymous_3)
FN:28,(anonymous_4)
FN:29,(anonymous_5)
FN:41,(anonymous_6)
FN:71,(anonymous_7)
FN:76,(anonymous_8)
FNF:9
FNH:4
FNDA:13,(anonymous_0)
FNDA:0,(anonymous_1)
FNDA:0,(anonymous_2)
FNDA:0,(anonymous_3)
FNDA:12,(anonymous_4)
FNDA:0,(anonymous_5)
FNDA:12,(anonymous_6)
FNDA:1,(anonymous_7)
FNDA:0,(anonymous_8)
DA:11,6
DA:13,13
DA:14,13
DA:15,13
DA:17,13
DA:18,0
DA:21,13
DA:22,0
DA:23,0
DA:24,0
DA:25,0
DA:28,13
DA:29,12
DA:30,0
DA:32,0
DA:33,0
DA:37,0
DA:39,12
DA:41,12
DA:42,12
DA:46,13
DA:71,1
DA:76,0
LF:23
LH:13
BRDA:30,0,0,0
BRDA:30,0,1,0
BRDA:32,1,0,0
BRDA:32,1,1,0
BRDA:48,2,0,0
BRDA:48,2,1,13
BRDA:57,3,0,0
BRDA:57,3,1,13
BRDA:68,4,0,3
BRDA:68,4,1,10
BRDA:74,5,0,13
BRDA:74,5,1,3
BRF:12
BRH:6
end_of_record
TN:
SF:src/components/Hero.jsx
FN:6,(anonymous_0)
FNF:1
FNH:1
FNDA:2,(anonymous_0)
DA:6,4
DA:7,2
LF:2
LH:2
BRF:0
BRH:0
end_of_record
TN:
SF:src/components/Item.jsx
FN:5,(anonymous_0)
FN:17,(anonymous_1)
FN:41,(anonymous_2)
FNF:3
FNH:3
FNDA:122,(anonymous_0)
FNDA:3,(anonymous_1)
FNDA:610,(anonymous_2)
DA:5,9
DA:7,122
DA:9,122
DA:17,3
DA:42,610
LF:5
LH:5
BRF:0
BRH:0
end_of_record
TN:
SF:src/components/Navbar.jsx
FN:7,(anonymous_0)
FN:26,(anonymous_1)
FN:35,(anonymous_2)
FNF:3
FNH:3
FNDA:26,(anonymous_0)
FNDA:78,(anonymous_1)
FNDA:52,(anonymous_2)
DA:7,7
DA:8,26
DA:14,26
DA:27,78
DA:36,52
LF:5
LH:5
BRDA:17,0,0,26
BRDA:17,0,1,4
BRDA:29,1,0,26
BRDA:29,1,1,52
BRDA:30,2,0,4
BRDA:30,2,1,22
BRDA:36,3,0,0
BRDA:36,3,1,52
BRF:8
BRH:7
end_of_record
TN:
SF:src/components/NewArrivals.jsx
FN:12,(anonymous_0)
FN:18,(anonymous_1)
FN:63,(anonymous_2)
FNF:3
FNH:3
FNDA:16,(anonymous_0)
FNDA:8,(anonymous_1)
FNDA:48,(anonymous_2)
DA:12,4
DA:14,16
DA:15,16
DA:18,16
DA:19,8
DA:20,8
DA:23,16
DA:64,48
LF:8
LH:8
BRF:0
BRH:0
end_of_record
TN:
SF:src/components/PopularBooks.jsx
FN:6,(anonymous_0)
FN:11,(anonymous_1)
FN:12,(anonymous_2)
FN:25,(anonymous_3)
FNF:4
FNH:4
FNDA:4,(anonymous_0)
FNDA:2,(anonymous_1)
FNDA:8,(anonymous_2)
FNDA:6,(anonymous_3)
DA:6,4
DA:8,4
DA:9,4
DA:11,4
DA:12,8
DA:13,2
DA:16,4
DA:26,6
LF:8
LH:8
BRF:0
BRH:0
end_of_record
TN:
SF:src/components/Title.jsx
FN:3,(anonymous_0)
FNF:1
FNH:1
FNDA:289,(anonymous_0)
DA:3,16
DA:4,289
LF:2
LH:2
BRF:0
BRH:0
end_of_record
TN:
SF:src/context/ShopContext.jsx
FN:9,getBackendUrl
FN:24,(anonymous_1)
FN:35,(anonymous_2)
FN:58,(anonymous_3)
FN:74,(anonymous_4)
FN:78,(anonymous_5)
FN:89,(anonymous_6)
FN:106,(anonymous_7)
FN:121,(anonymous_8)
FN:134,(anonymous_9)
FNF:10
FNH:10
FNDA:68,getBackendUrl
FNDA:68,(anonymous_1)
FNDA:6,(anonymous_2)
FNDA:30,(anonymous_3)
FNDA:12,(anonymous_4)
FNDA:13,(anonymous_5)
FNDA:4,(anonymous_6)
FNDA:22,(anonymous_7)
FNDA:7,(anonymous_8)
FNDA:22,(anonymous_9)
DA:6,21
DA:11,68
DA:12,68
DA:16,0
DA:17,0
DA:20,0
DA:24,21
DA:26,68
DA:27,68
DA:28,68
DA:29,68
DA:30,68
DA:31,67
DA:32,67
DA:35,67
DA:36,6
DA:38,6
DA:39,4
DA:41,2
DA:43,6
DA:45,6
DA:46,5
DA:47,5
DA:50,1
DA:51,1
DA:58,67
DA:59,30
DA:60,30
DA:61,23
DA:62,23
DA:63,22
DA:66,0
DA:69,30
DA:74,67
DA:75,12
DA:76,12
DA:77,9
DA:78,13
DA:79,9
DA:80,8
DA:84,12
DA:89,67
DA:90,4
DA:91,4
DA:92,4
DA:94,4
DA:95,4
DA:96,4
DA:98,1
DA:99,1
DA:106,67
DA:107,22
DA:108,22
DA:109,21
DA:110,20
DA:112,1
DA:115,1
DA:116,1
DA:121,67
DA:122,7
DA:123,7
DA:124,7
DA:125,7
DA:128,0
DA:129,0
DA:134,67
DA:135,22
DA:136,7
DA:137,7
DA:140,22
DA:144,67
DA:146,67
LF:72
LH:66
BRDA:11,0,0,68
BRDA:11,0,1,0
BRDA:11,1,0,68
BRDA:11,1,1,68
BRDA:17,2,0,0
BRDA:17,2,1,0
BRDA:38,3,0,4
BRDA:38,3,1,2
BRDA:45,4,0,5
BRDA:45,4,1,1
BRDA:62,5,0,22
BRDA:62,5,1,1
BRDA:77,6,0,9
BRDA:77,6,1,0
BRDA:79,7,0,8
BRDA:79,7,1,1
BRDA:94,8,0,4
BRDA:94,8,1,0
BRDA:109,9,0,20
BRDA:109,9,1,1
BRDA:124,10,0,7
BRDA:124,10,1,0
BRDA:135,11,0,7
BRDA:135,11,1,15
BRDA:135,12,0,22
BRDA:135,12,1,22
BRF:26
BRH:20
end_of_record
TN:
SF:src/pages/Cart.jsx
FN:9,(anonymous_0)
FN:21,(anonymous_1)
FN:38,(anonymous_2)
FN:42,(anonymous_3)
FN:49,(anonymous_4)
FN:71,(anonymous_5)
FN:84,(anonymous_6)
FNF:7
FNH:5
FNDA:17,(anonymous_0)
FNDA:35,(anonymous_1)
FNDA:0,(anonymous_2)
FNDA:0,(anonymous_3)
FNDA:1,(anonymous_4)
FNDA:1,(anonymous_5)
FNDA:1,(anonymous_6)
DA:9,5
DA:11,17
DA:13,17
DA:22,35
DA:23,26
DA:38,0
DA:42,0
DA:49,1
DA:59,9
DA:71,1
DA:84,1
LF:11
LH:9
BRDA:22,0,0,26
BRDA:22,0,1,9
BRDA:63,1,0,17
BRDA:63,1,1,3
BRDA:80,2,0,17
BRDA:80,2,1,14
BRF:6
BRH:6
end_of_record
TN:
SF:src/pages/Contact.jsx
FN:7,(anonymous_0)
FN:15,(anonymous_1)
FN:22,(anonymous_2)
FN:93,(anonymous_3)
FNF:4
FNH:4
FNDA:130,(anonymous_0)
FNDA:120,(anonymous_1)
FNDA:2,(anonymous_2)
FNDA:520,(anonymous_3)
DA:7,5
DA:8,130
DA:15,130
DA:16,120
DA:22,130
DA:23,2
DA:25,2
DA:27,2
DA:35,130
DA:94,520
LF:10
LH:10
BRF:0
BRH:0
end_of_record
TN:
SF:src/pages/Home.jsx
FN:9,(anonymous_0)
FNF:1
FNH:1
FNDA:6,(anonymous_0)
DA:9,4
DA:10,6
LF:2
LH:2
BRF:0
BRH:0
end_of_record
TN:
SF:src/pages/Login.jsx
FN:7,(anonymous_0)
FN:15,(anonymous_1)
FN:42,(anonymous_2)
FN:86,(anonymous_3)
FN:101,(anonymous_4)
FN:115,(anonymous_5)
FN:134,(anonymous_6)
FN:138,(anonymous_7)
FNF:8
FNH:8
FNDA:60,(anonymous_0)
FNDA:7,(anonymous_1)
FNDA:14,(anonymous_2)
FNDA:1,(anonymous_3)
FNDA:23,(anonymous_4)
FNDA:18,(anonymous_5)
FNDA:3,(anonymous_6)
FNDA:1,(anonymous_7)
DA:7,5
DA:9,60
DA:10,60
DA:11,60
DA:12,60
DA:13,60
DA:15,60
DA:16,7
DA:17,7
DA:18,7
DA:19,1
DA:20,1
DA:21,1
DA:22,1
DA:24,0
DA:28,6
DA:29,4
DA:30,3
DA:31,3
DA:33,1
DA:37,2
DA:38,2
DA:42,60
DA:43,14
DA:44,1
DA:48,60
DA:86,1
DA:101,23
DA:115,18
DA:134,3
DA:138,1
LF:31
LH:30
BRDA:18,0,0,1
BRDA:18,0,1,6
BRDA:20,1,0,1
BRDA:20,1,1,0
BRDA:29,2,0,3
BRDA:29,2,1,1
BRDA:43,3,0,1
BRDA:43,3,1,13
BRDA:70,4,0,6
BRDA:70,4,1,54
BRDA:73,5,0,6
BRDA:73,5,1,54
BRDA:80,6,0,60
BRDA:80,6,1,6
BRDA:125,7,0,6
BRDA:125,7,1,54
BRDA:132,8,0,54
BRDA:132,8,1,6
BRF:18
BRH:17
end_of_record
TN:
SF:src/pages/Orders.jsx
FN:7,(anonymous_0)
FN:12,(anonymous_1)
FN:20,(anonymous_2)
FN:21,(anonymous_3)
FN:36,(anonymous_4)
FN:48,(anonymous_5)
FN:117,(anonymous_6)
FNF:7
FNH:0
FNDA:0,(anonymous_0)
FNDA:0,(anonymous_1)
FNDA:0,(anonymous_2)
FNDA:0,(anonymous_3)
FNDA:0,(anonymous_4)
FNDA:0,(anonymous_5)
FNDA:0,(anonymous_6)
DA:7,3
DA:9,0
DA:10,0
DA:12,0
DA:13,0
DA:14,0
DA:15,0
DA:17,0
DA:18,0
DA:19,0
DA:20,0
DA:21,0
DA:22,0
DA:23,0
DA:24,0
DA:25,0
DA:26,0
DA:29,0
DA:32,0
DA:36,0
DA:37,0
DA:39,0
DA:49,0
DA:117,0
LF:24
LH:1
BRDA:14,0,0,0
BRDA:14,0,1,0
BRDA:18,1,0,0
BRDA:18,1,1,0
BRDA:47,2,0,0
BRDA:47,2,1,0
BRDA:92,3,0,0
BRDA:92,3,1,0
BRDA:93,4,0,0
BRDA:93,4,1,0
BRDA:94,5,0,0
BRDA:94,5,1,0
BRDA:95,6,0,0
BRDA:95,6,1,0
BRF:14
BRH:0
end_of_record
TN:
SF:src/pages/PlaceOrder.jsx
FN:9,(anonymous_0)
FN:25,(anonymous_1)
FN:29,(anonymous_2)
FN:32,(anonymous_3)
FN:39,(anonymous_4)
FN:228,(anonymous_5)
FN:249,(anonymous_6)
FNF:7
FNH:0
FNDA:0,(anonymous_0)
FNDA:0,(anonymous_1)
FNDA:0,(anonymous_2)
FNDA:0,(anonymous_3)
FNDA:0,(anonymous_4)
FNDA:0,(anonymous_5)
FNDA:0,(anonymous_6)
DA:9,3
DA:11,0
DA:12,0
DA:13,0
DA:25,0
DA:26,0
DA:27,0
DA:29,0
DA:32,0
DA:33,0
DA:34,0
DA:35,0
DA:37,0
DA:38,0
DA:39,0
DA:40,0
DA:41,0
DA:48,0
DA:54,0
DA:57,0
DA:58,0
DA:59,0
DA:60,0
DA:61,0
DA:63,0
DA:65,0
DA:69,0
DA:70,0
DA:71,0
DA:72,0
DA:74,0
DA:76,0
DA:78,0
DA:82,0
DA:83,0
DA:87,0
DA:228,0
DA:249,0
LF:38
LH:1
BRDA:38,0,0,0
BRDA:38,0,1,0
BRDA:40,1,0,0
BRDA:40,1,1,0
BRDA:54,2,0,0
BRDA:54,2,1,0
BRDA:54,2,2,0
BRDA:59,3,0,0
BRDA:59,3,1,0
BRDA:70,4,0,0
BRDA:70,4,1,0
BRDA:230,5,0,0
BRDA:230,5,1,0
BRDA:237,6,0,0
BRDA:237,6,1,0
BRDA:239,7,0,0
BRDA:239,7,1,0
BRDA:242,8,0,0
BRDA:242,8,1,0
BRDA:251,9,0,0
BRDA:251,9,1,0
BRDA:258,10,0,0
BRDA:258,10,1,0
BRDA:260,11,0,0
BRDA:260,11,1,0
BRDA:263,12,0,0
BRDA:263,12,1,0
BRF:27
BRH:0
end_of_record
TN:
SF:src/pages/Shop.jsx
FN:10,(anonymous_0)
FN:20,(anonymous_1)
FN:21,(anonymous_2)
FN:21,(anonymous_3)
FN:24,(anonymous_4)
FN:28,(anonymous_5)
FN:31,(anonymous_6)
FN:36,(anonymous_7)
FN:39,(anonymous_8)
FN:41,(anonymous_9)
FN:47,(anonymous_10)
FN:55,(anonymous_11)
FN:70,(anonymous_12)
FN:79,(anonymous_13)
FN:81,(anonymous_14)
FN:100,(anonymous_15)
FN:111,(anonymous_16)
FN:122,(anonymous_17)
FN:133,(anonymous_18)
FN:133,(anonymous_19)
FN:140,(anonymous_20)
FN:141,(anonymous_21)
FN:154,(anonymous_22)
FN:154,(anonymous_23)
FNF:24
FNH:17
FNDA:98,(anonymous_0)
FNDA:5,(anonymous_1)
FNDA:5,(anonymous_2)
FNDA:1,(anonymous_3)
FNDA:49,(anonymous_4)
FNDA:56,(anonymous_5)
FNDA:16,(anonymous_6)
FNDA:49,(anonymous_7)
FNDA:16,(anonymous_8)
FNDA:13,(anonymous_9)
FNDA:49,(anonymous_10)
FNDA:172,(anonymous_11)
FNDA:17,(anonymous_12)
FNDA:426,(anonymous_13)
FNDA:5,(anonymous_14)
FNDA:5,(anonymous_15)
FNDA:226,(anonymous_16)
FNDA:0,(anonymous_17)
FNDA:0,(anonymous_18)
FNDA:0,(anonymous_19)
FNDA:0,(anonymous_20)
FNDA:0,(anonymous_21)
FNDA:0,(anonymous_22)
FNDA:0,(anonymous_23)
DA:10,8
DA:12,98
DA:13,98
DA:14,98
DA:15,98
DA:16,98
DA:17,98
DA:18,98
DA:20,98
DA:21,5
DA:24,98
DA:25,49
DA:27,49
DA:28,56
DA:30,49
DA:31,16
DA:33,49
DA:36,98
DA:37,49
DA:39,16
DA:41,13
DA:43,44
DA:47,98
DA:48,49
DA:49,49
DA:50,49
DA:51,49
DA:55,98
DA:56,172
DA:57,172
DA:58,172
DA:62,98
DA:63,98
DA:70,17
DA:80,426
DA:81,5
DA:100,5
DA:112,226
DA:122,0
DA:133,0
DA:141,0
DA:154,0
LF:42
LH:38
BRDA:21,0,0,1
BRDA:21,0,1,4
BRDA:27,1,0,14
BRDA:27,1,1,35
BRDA:30,2,0,5
BRDA:30,2,1,44
BRDA:37,3,0,3
BRDA:37,3,1,2
BRDA:37,3,2,44
BRDA:110,4,0,74
BRDA:110,4,1,24
BRDA:129,5,0,98
BRDA:129,5,1,0
BRDA:134,6,0,0
BRDA:134,6,1,0
BRDA:143,7,0,0
BRDA:143,7,1,0
BRDA:155,8,0,0
BRDA:155,8,1,0
BRF:19
BRH:12
end_of_record
TN:
SF:src/pages/Verify.jsx
FN:7,(anonymous_0)
FN:18,(anonymous_1)
FN:31,(anonymous_2)
FN:36,(anonymous_3)
FN:44,(anonymous_4)
FN:52,(anonymous_5)
FNF:6
FNH:0
FNDA:0,(anonymous_0)
FNDA:0,(anonymous_1)
FNDA:0,(anonymous_2)
FNDA:0,(anonymous_3)
FNDA:0,(anonymous_4)
FNDA:0,(anonymous_5)
DA:7,3
DA:9,0
DA:10,0
DA:11,0
DA:12,0
DA:14,0
DA:15,0
DA:18,0
DA:19,0
DA:20,0
DA:21,0
DA:22,0
DA:23,0
DA:26,0
DA:28,0
DA:29,0
DA:30,0
DA:31,0
DA:32,0
DA:35,0
DA:36,0
DA:37,0
DA:41,0
DA:42,0
DA:43,0
DA:44,0
DA:45,0
DA:48,0
DA:52,0
DA:53,0
DA:56,0
LF:31
LH:1
BRDA:20,0,0,0
BRDA:20,0,1,0
BRDA:28,1,0,0
BRDA:28,1,1,0
BRDA:60,2,0,0
BRDA:60,2,1,0
BRDA:60,3,0,0
BRDA:60,3,1,0
BRDA:70,4,0,0
BRDA:70,4,1,0
BRF:10
BRH:0
end_of_record
TN:
SF:src/utils/testUtils.js
FN:47,(anonymous_0)
FN:48,(anonymous_1)
FN:60,(anonymous_2)
FN:68,(anonymous_3)
FN:80,(anonymous_4)
FN:83,(anonymous_5)
FN:84,(anonymous_6)
FN:85,(anonymous_7)
FN:93,(anonymous_8)
FN:110,(anonymous_9)
FN:111,(anonymous_10)
FNF:11
FNH:3
FNDA:0,(anonymous_0)
FNDA:6,(anonymous_1)
FNDA:9,(anonymous_2)
FNDA:9,(anonymous_3)
FNDA:0,(anonymous_4)
FNDA:0,(anonymous_5)
FNDA:0,(anonymous_6)
FNDA:0,(anonymous_7)
FNDA:0,(anonymous_8)
FNDA:0,(anonymous_9)
FNDA:0,(anonymous_10)
DA:7,4
DA:34,4
DA:41,4
DA:47,0
DA:48,6
DA:60,4
DA:68,9
DA:69,9
DA:76,9
DA:80,4
DA:84,0
DA:85,0
DA:86,0
DA:88,0
DA:93,4
DA:100,4
DA:110,4
DA:111,0
DA:112,0
DA:113,0
DA:119,4
LF:21
LH:13
BRDA:62,0,0,0
BRDA:63,1,0,1
BRDA:64,2,0,5
BRDA:80,3,0,0
BRDA:86,4,0,0
BRDA:86,4,1,0
BRDA:93,5,0,0
BRDA:93,6,0,0
BRDA:112,7,0,0
BRDA:112,7,1,0
BRF:10
BRH:2
end_of_record
