{"C:\\Users\\consenso\\Downloads\\Coisa\\projeto-livraria\\backend\\controllers\\cartController.js": {"path":"C:\\Users\\consenso\\Downloads\\Coisa\\projeto-livraria\\backend\\controllers\\cartController.js","statementMap":{"0":{"start":{"line":5,"column":18},"end":{"line":25,"column":1}},"1":{"start":{"line":6,"column":4},"end":{"line":24,"column":5}},"2":{"start":{"line":7,"column":35},"end":{"line":7,"column":43}},"3":{"start":{"line":9,"column":25},"end":{"line":9,"column":57}},"4":{"start":{"line":10,"column":25},"end":{"line":10,"column":48}},"5":{"start":{"line":12,"column":8},"end":{"line":16,"column":9}},"6":{"start":{"line":13,"column":12},"end":{"line":13,"column":33}},"7":{"start":{"line":15,"column":12},"end":{"line":15,"column":32}},"8":{"start":{"line":18,"column":8},"end":{"line":18,"column":63}},"9":{"start":{"line":19,"column":8},"end":{"line":19,"column":61}},"10":{"start":{"line":22,"column":8},"end":{"line":22,"column":26}},"11":{"start":{"line":23,"column":8},"end":{"line":23,"column":60}},"12":{"start":{"line":29,"column":19},"end":{"line":45,"column":1}},"13":{"start":{"line":30,"column":4},"end":{"line":44,"column":5}},"14":{"start":{"line":31,"column":45},"end":{"line":31,"column":53}},"15":{"start":{"line":33,"column":25},"end":{"line":33,"column":57}},"16":{"start":{"line":34,"column":25},"end":{"line":34,"column":48}},"17":{"start":{"line":36,"column":8},"end":{"line":36,"column":35}},"18":{"start":{"line":38,"column":8},"end":{"line":38,"column":63}},"19":{"start":{"line":39,"column":8},"end":{"line":39,"column":65}},"20":{"start":{"line":42,"column":8},"end":{"line":42,"column":26}},"21":{"start":{"line":43,"column":8},"end":{"line":43,"column":60}},"22":{"start":{"line":49,"column":20},"end":{"line":62,"column":1}},"23":{"start":{"line":50,"column":4},"end":{"line":61,"column":5}},"24":{"start":{"line":51,"column":27},"end":{"line":51,"column":35}},"25":{"start":{"line":53,"column":25},"end":{"line":53,"column":57}},"26":{"start":{"line":54,"column":25},"end":{"line":54,"column":48}},"27":{"start":{"line":56,"column":8},"end":{"line":56,"column":45}},"28":{"start":{"line":59,"column":8},"end":{"line":59,"column":26}},"29":{"start":{"line":60,"column":8},"end":{"line":60,"column":60}}},"fnMap":{"0":{"name":"(anonymous_0)","decl":{"start":{"line":5,"column":18},"end":{"line":5,"column":19}},"loc":{"start":{"line":5,"column":38},"end":{"line":25,"column":1}},"line":5},"1":{"name":"(anonymous_1)","decl":{"start":{"line":29,"column":19},"end":{"line":29,"column":20}},"loc":{"start":{"line":29,"column":39},"end":{"line":45,"column":1}},"line":29},"2":{"name":"(anonymous_2)","decl":{"start":{"line":49,"column":20},"end":{"line":49,"column":21}},"loc":{"start":{"line":49,"column":40},"end":{"line":62,"column":1}},"line":49}},"branchMap":{"0":{"loc":{"start":{"line":12,"column":8},"end":{"line":16,"column":9}},"type":"if","locations":[{"start":{"line":12,"column":8},"end":{"line":16,"column":9}},{"start":{"line":14,"column":15},"end":{"line":16,"column":9}}],"line":12}},"s":{"0":2,"1":2,"2":2,"3":2,"4":2,"5":2,"6":0,"7":2,"8":2,"9":2,"10":0,"11":0,"12":2,"13":2,"14":2,"15":2,"16":2,"17":2,"18":2,"19":2,"20":0,"21":0,"22":2,"23":2,"24":2,"25":2,"26":2,"27":2,"28":0,"29":0},"f":{"0":2,"1":2,"2":2},"b":{"0":[0,2]},"_coverageSchema":"1a1c01bbd47fc00a2c39e90264f33305004495a9","hash":"f49132a7f61b2b492e0ab0d4804aeda251e922fc"}
,"C:\\Users\\consenso\\Downloads\\Coisa\\projeto-livraria\\backend\\controllers\\orderController.js": {"path":"C:\\Users\\consenso\\Downloads\\Coisa\\projeto-livraria\\backend\\controllers\\orderController.js","statementMap":{"0":{"start":{"line":4,"column":19},"end":{"line":28,"column":1}},"1":{"start":{"line":5,"column":4},"end":{"line":27,"column":5}},"2":{"start":{"line":6,"column":51},"end":{"line":6,"column":59}},"3":{"start":{"line":8,"column":26},"end":{"line":16,"column":9}},"4":{"start":{"line":17,"column":25},"end":{"line":17,"column":50}},"5":{"start":{"line":18,"column":8},"end":{"line":18,"column":29}},"6":{"start":{"line":20,"column":8},"end":{"line":20,"column":67}},"7":{"start":{"line":22,"column":8},"end":{"line":22,"column":60}},"8":{"start":{"line":25,"column":8},"end":{"line":25,"column":26}},"9":{"start":{"line":26,"column":8},"end":{"line":26,"column":60}},"10":{"start":{"line":30,"column":18},"end":{"line":38,"column":1}},"11":{"start":{"line":31,"column":4},"end":{"line":37,"column":5}},"12":{"start":{"line":32,"column":23},"end":{"line":32,"column":48}},"13":{"start":{"line":33,"column":8},"end":{"line":33,"column":43}},"14":{"start":{"line":35,"column":8},"end":{"line":35,"column":26}},"15":{"start":{"line":36,"column":8},"end":{"line":36,"column":60}},"16":{"start":{"line":40,"column":19},"end":{"line":49,"column":1}},"17":{"start":{"line":41,"column":4},"end":{"line":48,"column":5}},"18":{"start":{"line":42,"column":27},"end":{"line":42,"column":35}},"19":{"start":{"line":43,"column":23},"end":{"line":43,"column":56}},"20":{"start":{"line":44,"column":8},"end":{"line":44,"column":43}},"21":{"start":{"line":46,"column":8},"end":{"line":46,"column":26}},"22":{"start":{"line":47,"column":8},"end":{"line":47,"column":60}},"23":{"start":{"line":51,"column":21},"end":{"line":60,"column":1}},"24":{"start":{"line":52,"column":4},"end":{"line":59,"column":5}},"25":{"start":{"line":53,"column":36},"end":{"line":53,"column":44}},"26":{"start":{"line":54,"column":8},"end":{"line":54,"column":63}},"27":{"start":{"line":55,"column":8},"end":{"line":55,"column":62}},"28":{"start":{"line":57,"column":8},"end":{"line":57,"column":26}},"29":{"start":{"line":58,"column":8},"end":{"line":58,"column":60}}},"fnMap":{"0":{"name":"(anonymous_0)","decl":{"start":{"line":4,"column":19},"end":{"line":4,"column":20}},"loc":{"start":{"line":4,"column":39},"end":{"line":28,"column":1}},"line":4},"1":{"name":"(anonymous_1)","decl":{"start":{"line":30,"column":18},"end":{"line":30,"column":19}},"loc":{"start":{"line":30,"column":38},"end":{"line":38,"column":1}},"line":30},"2":{"name":"(anonymous_2)","decl":{"start":{"line":40,"column":19},"end":{"line":40,"column":20}},"loc":{"start":{"line":40,"column":39},"end":{"line":49,"column":1}},"line":40},"3":{"name":"(anonymous_3)","decl":{"start":{"line":51,"column":21},"end":{"line":51,"column":22}},"loc":{"start":{"line":51,"column":41},"end":{"line":60,"column":1}},"line":51}},"branchMap":{},"s":{"0":2,"1":3,"2":3,"3":3,"4":3,"5":3,"6":3,"7":2,"8":1,"9":1,"10":2,"11":3,"12":3,"13":2,"14":1,"15":1,"16":2,"17":3,"18":3,"19":3,"20":2,"21":1,"22":1,"23":2,"24":3,"25":3,"26":3,"27":2,"28":1,"29":1},"f":{"0":3,"1":3,"2":3,"3":3},"b":{},"_coverageSchema":"1a1c01bbd47fc00a2c39e90264f33305004495a9","hash":"0faf364050bb5541f513876bc6068172fb637f6d"}
,"C:\\Users\\consenso\\Downloads\\Coisa\\projeto-livraria\\backend\\controllers\\productController.js": {"path":"C:\\Users\\consenso\\Downloads\\Coisa\\projeto-livraria\\backend\\controllers\\productController.js","statementMap":{"0":{"start":{"line":5,"column":22},"end":{"line":30,"column":1}},"1":{"start":{"line":6,"column":4},"end":{"line":29,"column":5}},"2":{"start":{"line":7,"column":64},"end":{"line":7,"column":72}},"3":{"start":{"line":9,"column":25},"end":{"line":9,"column":58}},"4":{"start":{"line":11,"column":28},"end":{"line":19,"column":9}},"5":{"start":{"line":21,"column":8},"end":{"line":21,"column":50}},"6":{"start":{"line":23,"column":24},"end":{"line":23,"column":53}},"7":{"start":{"line":24,"column":8},"end":{"line":24,"column":28}},"8":{"start":{"line":25,"column":8},"end":{"line":25,"column":63}},"9":{"start":{"line":27,"column":8},"end":{"line":27,"column":26}},"10":{"start":{"line":28,"column":8},"end":{"line":28,"column":60}},"11":{"start":{"line":33,"column":22},"end":{"line":41,"column":1}},"12":{"start":{"line":34,"column":4},"end":{"line":40,"column":5}},"13":{"start":{"line":35,"column":8},"end":{"line":35,"column":57}},"14":{"start":{"line":36,"column":8},"end":{"line":36,"column":63}},"15":{"start":{"line":38,"column":8},"end":{"line":38,"column":26}},"16":{"start":{"line":39,"column":8},"end":{"line":39,"column":60}},"17":{"start":{"line":44,"column":23},"end":{"line":52,"column":1}},"18":{"start":{"line":45,"column":4},"end":{"line":51,"column":5}},"19":{"start":{"line":46,"column":25},"end":{"line":46,"column":52}},"20":{"start":{"line":47,"column":8},"end":{"line":47,"column":45}},"21":{"start":{"line":49,"column":8},"end":{"line":49,"column":26}},"22":{"start":{"line":50,"column":8},"end":{"line":50,"column":60}},"23":{"start":{"line":55,"column":23},"end":{"line":64,"column":1}},"24":{"start":{"line":56,"column":4},"end":{"line":63,"column":5}},"25":{"start":{"line":57,"column":30},"end":{"line":57,"column":38}},"26":{"start":{"line":58,"column":24},"end":{"line":58,"column":62}},"27":{"start":{"line":59,"column":8},"end":{"line":59,"column":44}},"28":{"start":{"line":61,"column":8},"end":{"line":61,"column":26}},"29":{"start":{"line":62,"column":8},"end":{"line":62,"column":60}}},"fnMap":{"0":{"name":"(anonymous_0)","decl":{"start":{"line":5,"column":22},"end":{"line":5,"column":23}},"loc":{"start":{"line":5,"column":42},"end":{"line":30,"column":1}},"line":5},"1":{"name":"(anonymous_1)","decl":{"start":{"line":33,"column":22},"end":{"line":33,"column":23}},"loc":{"start":{"line":33,"column":42},"end":{"line":41,"column":1}},"line":33},"2":{"name":"(anonymous_2)","decl":{"start":{"line":44,"column":23},"end":{"line":44,"column":24}},"loc":{"start":{"line":44,"column":43},"end":{"line":52,"column":1}},"line":44},"3":{"name":"(anonymous_3)","decl":{"start":{"line":55,"column":23},"end":{"line":55,"column":24}},"loc":{"start":{"line":55,"column":43},"end":{"line":64,"column":1}},"line":55}},"branchMap":{"0":{"loc":{"start":{"line":16,"column":21},"end":{"line":16,"column":54}},"type":"cond-expr","locations":[{"start":{"line":16,"column":42},"end":{"line":16,"column":46}},{"start":{"line":16,"column":49},"end":{"line":16,"column":54}}],"line":16}},"s":{"0":2,"1":2,"2":2,"3":2,"4":2,"5":2,"6":2,"7":2,"8":2,"9":0,"10":0,"11":2,"12":2,"13":2,"14":2,"15":0,"16":0,"17":2,"18":2,"19":2,"20":2,"21":0,"22":0,"23":2,"24":2,"25":2,"26":2,"27":2,"28":0,"29":0},"f":{"0":2,"1":2,"2":2,"3":2},"b":{"0":[2,0]},"_coverageSchema":"1a1c01bbd47fc00a2c39e90264f33305004495a9","hash":"bbf6c4907a31228204fd4cbb92cb598e9a1d0b87"}
,"C:\\Users\\consenso\\Downloads\\Coisa\\projeto-livraria\\backend\\controllers\\userController.js": {"path":"C:\\Users\\consenso\\Downloads\\Coisa\\projeto-livraria\\backend\\controllers\\userController.js","statementMap":{"0":{"start":{"line":8,"column":20},"end":{"line":10,"column":1}},"1":{"start":{"line":9,"column":4},"end":{"line":9,"column":51}},"2":{"start":{"line":13,"column":24},"end":{"line":31,"column":1}},"3":{"start":{"line":14,"column":4},"end":{"line":30,"column":5}},"4":{"start":{"line":15,"column":36},"end":{"line":15,"column":44}},"5":{"start":{"line":16,"column":21},"end":{"line":16,"column":55}},"6":{"start":{"line":17,"column":8},"end":{"line":19,"column":9}},"7":{"start":{"line":18,"column":12},"end":{"line":18,"column":78}},"8":{"start":{"line":20,"column":24},"end":{"line":20,"column":69}},"9":{"start":{"line":21,"column":8},"end":{"line":26,"column":9}},"10":{"start":{"line":22,"column":26},"end":{"line":22,"column":47}},"11":{"start":{"line":23,"column":12},"end":{"line":23,"column":46}},"12":{"start":{"line":25,"column":12},"end":{"line":25,"column":72}},"13":{"start":{"line":28,"column":8},"end":{"line":28,"column":26}},"14":{"start":{"line":29,"column":8},"end":{"line":29,"column":60}},"15":{"start":{"line":35,"column":27},"end":{"line":69,"column":1}},"16":{"start":{"line":36,"column":4},"end":{"line":67,"column":5}},"17":{"start":{"line":37,"column":42},"end":{"line":37,"column":50}},"18":{"start":{"line":39,"column":23},"end":{"line":39,"column":57}},"19":{"start":{"line":40,"column":8},"end":{"line":42,"column":9}},"20":{"start":{"line":41,"column":12},"end":{"line":41,"column":78}},"21":{"start":{"line":44,"column":8},"end":{"line":46,"column":9}},"22":{"start":{"line":45,"column":12},"end":{"line":45,"column":92}},"23":{"start":{"line":47,"column":8},"end":{"line":49,"column":9}},"24":{"start":{"line":48,"column":12},"end":{"line":48,"column":88}},"25":{"start":{"line":51,"column":21},"end":{"line":51,"column":45}},"26":{"start":{"line":52,"column":31},"end":{"line":52,"column":64}},"27":{"start":{"line":55,"column":24},"end":{"line":59,"column":10}},"28":{"start":{"line":61,"column":21},"end":{"line":61,"column":41}},"29":{"start":{"line":62,"column":22},"end":{"line":62,"column":43}},"30":{"start":{"line":63,"column":8},"end":{"line":63,"column":42}},"31":{"start":{"line":65,"column":8},"end":{"line":65,"column":26}},"32":{"start":{"line":66,"column":8},"end":{"line":66,"column":60}},"33":{"start":{"line":73,"column":25},"end":{"line":86,"column":1}},"34":{"start":{"line":74,"column":4},"end":{"line":85,"column":4}},"35":{"start":{"line":75,"column":29},"end":{"line":75,"column":37}},"36":{"start":{"line":76,"column":4},"end":{"line":81,"column":5}},"37":{"start":{"line":77,"column":22},"end":{"line":77,"column":72}},"38":{"start":{"line":78,"column":8},"end":{"line":78,"column":39}},"39":{"start":{"line":80,"column":8},"end":{"line":80,"column":64}},"40":{"start":{"line":83,"column":7},"end":{"line":83,"column":25}},"41":{"start":{"line":84,"column":7},"end":{"line":84,"column":59}}},"fnMap":{"0":{"name":"(anonymous_0)","decl":{"start":{"line":8,"column":20},"end":{"line":8,"column":21}},"loc":{"start":{"line":8,"column":28},"end":{"line":10,"column":1}},"line":8},"1":{"name":"(anonymous_1)","decl":{"start":{"line":13,"column":24},"end":{"line":13,"column":25}},"loc":{"start":{"line":13,"column":44},"end":{"line":31,"column":1}},"line":13},"2":{"name":"(anonymous_2)","decl":{"start":{"line":35,"column":27},"end":{"line":35,"column":28}},"loc":{"start":{"line":35,"column":47},"end":{"line":69,"column":1}},"line":35},"3":{"name":"(anonymous_3)","decl":{"start":{"line":73,"column":25},"end":{"line":73,"column":26}},"loc":{"start":{"line":73,"column":45},"end":{"line":86,"column":1}},"line":73}},"branchMap":{"0":{"loc":{"start":{"line":17,"column":8},"end":{"line":19,"column":9}},"type":"if","locations":[{"start":{"line":17,"column":8},"end":{"line":19,"column":9}},{"start":{},"end":{}}],"line":17},"1":{"loc":{"start":{"line":21,"column":8},"end":{"line":26,"column":9}},"type":"if","locations":[{"start":{"line":21,"column":8},"end":{"line":26,"column":9}},{"start":{"line":24,"column":15},"end":{"line":26,"column":9}}],"line":21},"2":{"loc":{"start":{"line":40,"column":8},"end":{"line":42,"column":9}},"type":"if","locations":[{"start":{"line":40,"column":8},"end":{"line":42,"column":9}},{"start":{},"end":{}}],"line":40},"3":{"loc":{"start":{"line":44,"column":8},"end":{"line":46,"column":9}},"type":"if","locations":[{"start":{"line":44,"column":8},"end":{"line":46,"column":9}},{"start":{},"end":{}}],"line":44},"4":{"loc":{"start":{"line":47,"column":8},"end":{"line":49,"column":9}},"type":"if","locations":[{"start":{"line":47,"column":8},"end":{"line":49,"column":9}},{"start":{},"end":{}}],"line":47},"5":{"loc":{"start":{"line":76,"column":4},"end":{"line":81,"column":5}},"type":"if","locations":[{"start":{"line":76,"column":4},"end":{"line":81,"column":5}},{"start":{"line":79,"column":9},"end":{"line":81,"column":5}}],"line":76},"6":{"loc":{"start":{"line":76,"column":7},"end":{"line":76,"column":79}},"type":"binary-expr","locations":[{"start":{"line":76,"column":7},"end":{"line":76,"column":40}},{"start":{"line":76,"column":44},"end":{"line":76,"column":79}}],"line":76}},"s":{"0":5,"1":6,"2":5,"3":6,"4":6,"5":6,"6":6,"7":2,"8":4,"9":4,"10":2,"11":2,"12":2,"13":0,"14":0,"15":5,"16":10,"17":10,"18":10,"19":10,"20":2,"21":8,"22":2,"23":6,"24":2,"25":4,"26":4,"27":4,"28":4,"29":4,"30":4,"31":0,"32":0,"33":5,"34":6,"35":6,"36":6,"37":4,"38":4,"39":2,"40":0,"41":0},"f":{"0":6,"1":6,"2":10,"3":6},"b":{"0":[2,4],"1":[2,2],"2":[2,8],"3":[2,6],"4":[2,4],"5":[4,2],"6":[6,4]},"_coverageSchema":"1a1c01bbd47fc00a2c39e90264f33305004495a9","hash":"0263b1cf2236a3b363d83eb55a40db48121f7406"}
,"C:\\Users\\consenso\\Downloads\\Coisa\\projeto-livraria\\backend\\middleware\\adminAuth.js": {"path":"C:\\Users\\consenso\\Downloads\\Coisa\\projeto-livraria\\backend\\middleware\\adminAuth.js","statementMap":{"0":{"start":{"line":3,"column":18},"end":{"line":18,"column":1}},"1":{"start":{"line":4,"column":4},"end":{"line":17,"column":5}},"2":{"start":{"line":5,"column":26},"end":{"line":5,"column":37}},"3":{"start":{"line":6,"column":8},"end":{"line":8,"column":9}},"4":{"start":{"line":7,"column":12},"end":{"line":7,"column":93}},"5":{"start":{"line":9,"column":29},"end":{"line":9,"column":70}},"6":{"start":{"line":10,"column":8},"end":{"line":12,"column":9}},"7":{"start":{"line":11,"column":12},"end":{"line":11,"column":93}},"8":{"start":{"line":13,"column":8},"end":{"line":13,"column":14}},"9":{"start":{"line":15,"column":8},"end":{"line":15,"column":26}},"10":{"start":{"line":16,"column":8},"end":{"line":16,"column":60}}},"fnMap":{"0":{"name":"(anonymous_0)","decl":{"start":{"line":3,"column":18},"end":{"line":3,"column":19}},"loc":{"start":{"line":3,"column":44},"end":{"line":18,"column":1}},"line":3}},"branchMap":{"0":{"loc":{"start":{"line":6,"column":8},"end":{"line":8,"column":9}},"type":"if","locations":[{"start":{"line":6,"column":8},"end":{"line":8,"column":9}},{"start":{},"end":{}}],"line":6},"1":{"loc":{"start":{"line":10,"column":8},"end":{"line":12,"column":9}},"type":"if","locations":[{"start":{"line":10,"column":8},"end":{"line":12,"column":9}},{"start":{},"end":{}}],"line":10}},"s":{"0":3,"1":8,"2":8,"3":8,"4":1,"5":7,"6":6,"7":1,"8":5,"9":1,"10":1},"f":{"0":8},"b":{"0":[1,7],"1":[1,5]},"_coverageSchema":"1a1c01bbd47fc00a2c39e90264f33305004495a9","hash":"4a7514da80be437d1d3e48b6717f3ae59bfe3d22"}
,"C:\\Users\\consenso\\Downloads\\Coisa\\projeto-livraria\\backend\\middleware\\auth.js": {"path":"C:\\Users\\consenso\\Downloads\\Coisa\\projeto-livraria\\backend\\middleware\\auth.js","statementMap":{"0":{"start":{"line":3,"column":17},"end":{"line":17,"column":1}},"1":{"start":{"line":4,"column":22},"end":{"line":4,"column":33}},"2":{"start":{"line":5,"column":4},"end":{"line":7,"column":5}},"3":{"start":{"line":6,"column":8},"end":{"line":6,"column":89}},"4":{"start":{"line":9,"column":4},"end":{"line":16,"column":5}},"5":{"start":{"line":10,"column":29},"end":{"line":10,"column":70}},"6":{"start":{"line":11,"column":8},"end":{"line":11,"column":41}},"7":{"start":{"line":12,"column":8},"end":{"line":12,"column":14}},"8":{"start":{"line":14,"column":8},"end":{"line":14,"column":26}},"9":{"start":{"line":15,"column":8},"end":{"line":15,"column":60}}},"fnMap":{"0":{"name":"(anonymous_0)","decl":{"start":{"line":3,"column":17},"end":{"line":3,"column":18}},"loc":{"start":{"line":3,"column":43},"end":{"line":17,"column":1}},"line":3}},"branchMap":{"0":{"loc":{"start":{"line":5,"column":4},"end":{"line":7,"column":5}},"type":"if","locations":[{"start":{"line":5,"column":4},"end":{"line":7,"column":5}},{"start":{},"end":{}}],"line":5}},"s":{"0":3,"1":8,"2":8,"3":1,"4":7,"5":7,"6":6,"7":6,"8":1,"9":1},"f":{"0":8},"b":{"0":[1,7]},"_coverageSchema":"1a1c01bbd47fc00a2c39e90264f33305004495a9","hash":"313466a7ce5bad604870cee00cca853467b7535f"}
,"C:\\Users\\consenso\\Downloads\\Coisa\\projeto-livraria\\backend\\middleware\\multer.js": {"path":"C:\\Users\\consenso\\Downloads\\Coisa\\projeto-livraria\\backend\\middleware\\multer.js","statementMap":{"0":{"start":{"line":3,"column":16},"end":{"line":7,"column":2}},"1":{"start":{"line":5,"column":8},"end":{"line":5,"column":41}},"2":{"start":{"line":9,"column":15},"end":{"line":9,"column":34}}},"fnMap":{"0":{"name":"(anonymous_0)","decl":{"start":{"line":4,"column":14},"end":{"line":4,"column":15}},"loc":{"start":{"line":4,"column":45},"end":{"line":6,"column":5}},"line":4}},"branchMap":{},"s":{"0":1,"1":0,"2":1},"f":{"0":0},"b":{},"_coverageSchema":"1a1c01bbd47fc00a2c39e90264f33305004495a9","hash":"8d143dd8842b967e506d14edec3f2439f59be12c"}
,"C:\\Users\\consenso\\Downloads\\Coisa\\projeto-livraria\\backend\\models\\orderModel.js": {"path":"C:\\Users\\consenso\\Downloads\\Coisa\\projeto-livraria\\backend\\models\\orderModel.js","statementMap":{"0":{"start":{"line":3,"column":20},"end":{"line":12,"column":2}},"1":{"start":{"line":14,"column":19},"end":{"line":14,"column":80}}},"fnMap":{},"branchMap":{"0":{"loc":{"start":{"line":14,"column":19},"end":{"line":14,"column":80}},"type":"binary-expr","locations":[{"start":{"line":14,"column":19},"end":{"line":14,"column":40}},{"start":{"line":14,"column":44},"end":{"line":14,"column":80}}],"line":14}},"s":{"0":1,"1":1},"f":{},"b":{"0":[1,1]},"_coverageSchema":"1a1c01bbd47fc00a2c39e90264f33305004495a9","hash":"d0279e4c15441eed2ec97ce9789df4166eb18952"}
,"C:\\Users\\consenso\\Downloads\\Coisa\\projeto-livraria\\backend\\models\\productModel.js": {"path":"C:\\Users\\consenso\\Downloads\\Coisa\\projeto-livraria\\backend\\models\\productModel.js","statementMap":{"0":{"start":{"line":3,"column":22},"end":{"line":11,"column":2}},"1":{"start":{"line":13,"column":21},"end":{"line":13,"column":88}}},"fnMap":{},"branchMap":{"0":{"loc":{"start":{"line":13,"column":21},"end":{"line":13,"column":88}},"type":"binary-expr","locations":[{"start":{"line":13,"column":21},"end":{"line":13,"column":44}},{"start":{"line":13,"column":48},"end":{"line":13,"column":88}}],"line":13}},"s":{"0":1,"1":1},"f":{},"b":{"0":[1,1]},"_coverageSchema":"1a1c01bbd47fc00a2c39e90264f33305004495a9","hash":"26d5faf18d0ff9f8c69a5e16c80ca84c5b4c06ce"}
,"C:\\Users\\consenso\\Downloads\\Coisa\\projeto-livraria\\backend\\models\\userModel.js": {"path":"C:\\Users\\consenso\\Downloads\\Coisa\\projeto-livraria\\backend\\models\\userModel.js","statementMap":{"0":{"start":{"line":3,"column":19},"end":{"line":8,"column":20}},"1":{"start":{"line":10,"column":18},"end":{"line":10,"column":76}}},"fnMap":{},"branchMap":{"0":{"loc":{"start":{"line":10,"column":18},"end":{"line":10,"column":76}},"type":"binary-expr","locations":[{"start":{"line":10,"column":18},"end":{"line":10,"column":38}},{"start":{"line":10,"column":42},"end":{"line":10,"column":76}}],"line":10}},"s":{"0":4,"1":4},"f":{},"b":{"0":[4,4]},"_coverageSchema":"1a1c01bbd47fc00a2c39e90264f33305004495a9","hash":"a1a3e4cfb5d78aa53a9cddc2e9751e7619a587ff"}
,"C:\\Users\\consenso\\Downloads\\Coisa\\projeto-livraria\\backend\\routes\\cartRoute.js": {"path":"C:\\Users\\consenso\\Downloads\\Coisa\\projeto-livraria\\backend\\routes\\cartRoute.js","statementMap":{"0":{"start":{"line":6,"column":19},"end":{"line":6,"column":35}},"1":{"start":{"line":8,"column":0},"end":{"line":8,"column":44}},"2":{"start":{"line":9,"column":0},"end":{"line":9,"column":46}},"3":{"start":{"line":10,"column":0},"end":{"line":10,"column":48}}},"fnMap":{},"branchMap":{},"s":{"0":1,"1":1,"2":1,"3":1},"f":{},"b":{},"_coverageSchema":"1a1c01bbd47fc00a2c39e90264f33305004495a9","hash":"81e56b84959d4425675c1d40b6bc3baba206bde7"}
,"C:\\Users\\consenso\\Downloads\\Coisa\\projeto-livraria\\backend\\routes\\orderRoute.js": {"path":"C:\\Users\\consenso\\Downloads\\Coisa\\projeto-livraria\\backend\\routes\\orderRoute.js","statementMap":{"0":{"start":{"line":6,"column":20},"end":{"line":6,"column":36}},"1":{"start":{"line":9,"column":0},"end":{"line":9,"column":47}},"2":{"start":{"line":10,"column":0},"end":{"line":10,"column":52}},"3":{"start":{"line":13,"column":0},"end":{"line":13,"column":48}},"4":{"start":{"line":16,"column":0},"end":{"line":16,"column":53}}},"fnMap":{},"branchMap":{},"s":{"0":1,"1":1,"2":1,"3":1,"4":1},"f":{},"b":{},"_coverageSchema":"1a1c01bbd47fc00a2c39e90264f33305004495a9","hash":"a88421a40e711190cf1bfa30f086913be7d948c9"}
,"C:\\Users\\consenso\\Downloads\\Coisa\\projeto-livraria\\backend\\routes\\productRoute.js": {"path":"C:\\Users\\consenso\\Downloads\\Coisa\\projeto-livraria\\backend\\routes\\productRoute.js","statementMap":{"0":{"start":{"line":6,"column":22},"end":{"line":6,"column":38}},"1":{"start":{"line":8,"column":0},"end":{"line":8,"column":79}},"2":{"start":{"line":9,"column":0},"end":{"line":9,"column":55}},"3":{"start":{"line":10,"column":0},"end":{"line":10,"column":45}},"4":{"start":{"line":11,"column":0},"end":{"line":11,"column":42}}},"fnMap":{},"branchMap":{},"s":{"0":1,"1":1,"2":1,"3":1,"4":1},"f":{},"b":{},"_coverageSchema":"1a1c01bbd47fc00a2c39e90264f33305004495a9","hash":"8269802e9dc6e43d26caa6de1f26c6ab9a2e4c06"}
,"C:\\Users\\consenso\\Downloads\\Coisa\\projeto-livraria\\backend\\routes\\userRoute.js": {"path":"C:\\Users\\consenso\\Downloads\\Coisa\\projeto-livraria\\backend\\routes\\userRoute.js","statementMap":{"0":{"start":{"line":4,"column":19},"end":{"line":4,"column":35}},"1":{"start":{"line":6,"column":0},"end":{"line":6,"column":48}},"2":{"start":{"line":7,"column":0},"end":{"line":7,"column":42}},"3":{"start":{"line":8,"column":0},"end":{"line":8,"column":43}}},"fnMap":{},"branchMap":{},"s":{"0":4,"1":4,"2":4,"3":4},"f":{},"b":{},"_coverageSchema":"1a1c01bbd47fc00a2c39e90264f33305004495a9","hash":"fd2c0f8ad4b604efaff29c6cc3ee62a0f359458b"}
}
