TN:
SF:controllers\cartController.js
FN:5,(anonymous_0)
FN:29,(anonymous_1)
FN:49,(anonymous_2)
FNF:3
FNH:3
FNDA:2,(anonymous_0)
FNDA:2,(anonymous_1)
FNDA:2,(anonymous_2)
DA:5,2
DA:6,2
DA:7,2
DA:9,2
DA:10,2
DA:12,2
DA:13,0
DA:15,2
DA:18,2
DA:19,2
DA:22,0
DA:23,0
DA:29,2
DA:30,2
DA:31,2
DA:33,2
DA:34,2
DA:36,2
DA:38,2
DA:39,2
DA:42,0
DA:43,0
DA:49,2
DA:50,2
DA:51,2
DA:53,2
DA:54,2
DA:56,2
DA:59,0
DA:60,0
LF:30
LH:23
BRDA:12,0,0,0
BRDA:12,0,1,2
BRF:2
BRH:1
end_of_record
TN:
SF:controllers\orderController.js
FN:4,(anonymous_0)
FN:30,(anonymous_1)
FN:40,(anonymous_2)
FN:51,(anonymous_3)
FNF:4
FNH:4
FNDA:3,(anonymous_0)
FNDA:3,(anonymous_1)
FNDA:3,(anonymous_2)
FNDA:3,(anonymous_3)
DA:4,2
DA:5,3
DA:6,3
DA:8,3
DA:17,3
DA:18,3
DA:20,3
DA:22,2
DA:25,1
DA:26,1
DA:30,2
DA:31,3
DA:32,3
DA:33,2
DA:35,1
DA:36,1
DA:40,2
DA:41,3
DA:42,3
DA:43,3
DA:44,2
DA:46,1
DA:47,1
DA:51,2
DA:52,3
DA:53,3
DA:54,3
DA:55,2
DA:57,1
DA:58,1
LF:30
LH:30
BRF:0
BRH:0
end_of_record
TN:
SF:controllers\productController.js
FN:5,(anonymous_0)
FN:33,(anonymous_1)
FN:44,(anonymous_2)
FN:55,(anonymous_3)
FNF:4
FNH:4
FNDA:2,(anonymous_0)
FNDA:2,(anonymous_1)
FNDA:2,(anonymous_2)
FNDA:2,(anonymous_3)
DA:5,2
DA:6,2
DA:7,2
DA:9,2
DA:11,2
DA:21,2
DA:23,2
DA:24,2
DA:25,2
DA:27,0
DA:28,0
DA:33,2
DA:34,2
DA:35,2
DA:36,2
DA:38,0
DA:39,0
DA:44,2
DA:45,2
DA:46,2
DA:47,2
DA:49,0
DA:50,0
DA:55,2
DA:56,2
DA:57,2
DA:58,2
DA:59,2
DA:61,0
DA:62,0
LF:30
LH:22
BRDA:16,0,0,2
BRDA:16,0,1,0
BRF:2
BRH:1
end_of_record
TN:
SF:controllers\userController.js
FN:8,(anonymous_0)
FN:13,(anonymous_1)
FN:35,(anonymous_2)
FN:73,(anonymous_3)
FNF:4
FNH:4
FNDA:6,(anonymous_0)
FNDA:6,(anonymous_1)
FNDA:10,(anonymous_2)
FNDA:6,(anonymous_3)
DA:8,5
DA:9,6
DA:13,5
DA:14,6
DA:15,6
DA:16,6
DA:17,6
DA:18,2
DA:20,4
DA:21,4
DA:22,2
DA:23,2
DA:25,2
DA:28,0
DA:29,0
DA:35,5
DA:36,10
DA:37,10
DA:39,10
DA:40,10
DA:41,2
DA:44,8
DA:45,2
DA:47,6
DA:48,2
DA:51,4
DA:52,4
DA:55,4
DA:61,4
DA:62,4
DA:63,4
DA:65,0
DA:66,0
DA:73,5
DA:74,6
DA:75,6
DA:76,6
DA:77,4
DA:78,4
DA:80,2
DA:83,0
DA:84,0
LF:42
LH:36
BRDA:17,0,0,2
BRDA:17,0,1,4
BRDA:21,1,0,2
BRDA:21,1,1,2
BRDA:40,2,0,2
BRDA:40,2,1,8
BRDA:44,3,0,2
BRDA:44,3,1,6
BRDA:47,4,0,2
BRDA:47,4,1,4
BRDA:76,5,0,4
BRDA:76,5,1,2
BRDA:76,6,0,6
BRDA:76,6,1,4
BRF:14
BRH:14
end_of_record
TN:
SF:middleware\adminAuth.js
FN:3,(anonymous_0)
FNF:1
FNH:1
FNDA:8,(anonymous_0)
DA:3,3
DA:4,8
DA:5,8
DA:6,8
DA:7,1
DA:9,7
DA:10,6
DA:11,1
DA:13,5
DA:15,1
DA:16,1
LF:11
LH:11
BRDA:6,0,0,1
BRDA:6,0,1,7
BRDA:10,1,0,1
BRDA:10,1,1,5
BRF:4
BRH:4
end_of_record
TN:
SF:middleware\auth.js
FN:3,(anonymous_0)
FNF:1
FNH:1
FNDA:8,(anonymous_0)
DA:3,3
DA:4,8
DA:5,8
DA:6,1
DA:9,7
DA:10,7
DA:11,6
DA:12,6
DA:14,1
DA:15,1
LF:10
LH:10
BRDA:5,0,0,1
BRDA:5,0,1,7
BRF:2
BRH:2
end_of_record
TN:
SF:middleware\multer.js
FN:4,(anonymous_0)
FNF:1
FNH:0
FNDA:0,(anonymous_0)
DA:3,1
DA:5,0
DA:9,1
LF:3
LH:2
BRF:0
BRH:0
end_of_record
TN:
SF:models\orderModel.js
FNF:0
FNH:0
DA:3,1
DA:14,1
LF:2
LH:2
BRDA:14,0,0,1
BRDA:14,0,1,1
BRF:2
BRH:2
end_of_record
TN:
SF:models\productModel.js
FNF:0
FNH:0
DA:3,1
DA:13,1
LF:2
LH:2
BRDA:13,0,0,1
BRDA:13,0,1,1
BRF:2
BRH:2
end_of_record
TN:
SF:models\userModel.js
FNF:0
FNH:0
DA:3,4
DA:10,4
LF:2
LH:2
BRDA:10,0,0,4
BRDA:10,0,1,4
BRF:2
BRH:2
end_of_record
TN:
SF:routes\cartRoute.js
FNF:0
FNH:0
DA:6,1
DA:8,1
DA:9,1
DA:10,1
LF:4
LH:4
BRF:0
BRH:0
end_of_record
TN:
SF:routes\orderRoute.js
FNF:0
FNH:0
DA:6,1
DA:9,1
DA:10,1
DA:13,1
DA:16,1
LF:5
LH:5
BRF:0
BRH:0
end_of_record
TN:
SF:routes\productRoute.js
FNF:0
FNH:0
DA:6,1
DA:8,1
DA:9,1
DA:10,1
DA:11,1
LF:5
LH:5
BRF:0
BRH:0
end_of_record
TN:
SF:routes\userRoute.js
FNF:0
FNH:0
DA:4,4
DA:6,4
DA:7,4
DA:8,4
LF:4
LH:4
BRF:0
BRH:0
end_of_record
