TN:
SF:controllers/cartController.js
FN:5,(anonymous_0)
FN:29,(anonymous_1)
FN:49,(anonymous_2)
FNF:3
FNH:0
FNDA:0,(anonymous_0)
FNDA:0,(anonymous_1)
FNDA:0,(anonymous_2)
DA:5,2
DA:6,0
DA:7,0
DA:9,0
DA:10,0
DA:12,0
DA:13,0
DA:15,0
DA:18,0
DA:19,0
DA:22,0
DA:23,0
DA:29,2
DA:30,0
DA:31,0
DA:33,0
DA:34,0
DA:36,0
DA:38,0
DA:39,0
DA:42,0
DA:43,0
DA:49,2
DA:50,0
DA:51,0
DA:53,0
DA:54,0
DA:56,0
DA:59,0
DA:60,0
LF:30
LH:3
BRDA:12,0,0,0
BRDA:12,0,1,0
BRF:2
BRH:0
end_of_record
TN:
SF:controllers/orderController.js
FN:4,(anonymous_0)
FN:30,(anonymous_1)
FN:40,(anonymous_2)
FN:51,(anonymous_3)
FNF:4
FNH:0
FNDA:0,(anonymous_0)
FNDA:0,(anonymous_1)
FNDA:0,(anonymous_2)
FNDA:0,(anonymous_3)
DA:4,1
DA:5,0
DA:6,0
DA:8,0
DA:17,0
DA:18,0
DA:20,0
DA:22,0
DA:25,0
DA:26,0
DA:30,1
DA:31,0
DA:32,0
DA:33,0
DA:35,0
DA:36,0
DA:40,1
DA:41,0
DA:42,0
DA:43,0
DA:44,0
DA:46,0
DA:47,0
DA:51,1
DA:52,0
DA:53,0
DA:54,0
DA:55,0
DA:57,0
DA:58,0
LF:30
LH:4
BRF:0
BRH:0
end_of_record
TN:
SF:controllers/productController.js
FN:5,(anonymous_0)
FN:33,(anonymous_1)
FN:44,(anonymous_2)
FN:55,(anonymous_3)
FNF:4
FNH:0
FNDA:0,(anonymous_0)
FNDA:0,(anonymous_1)
FNDA:0,(anonymous_2)
FNDA:0,(anonymous_3)
DA:5,2
DA:6,0
DA:7,0
DA:9,0
DA:11,0
DA:21,0
DA:23,0
DA:24,0
DA:25,0
DA:27,0
DA:28,0
DA:33,2
DA:34,0
DA:35,0
DA:36,0
DA:38,0
DA:39,0
DA:44,2
DA:45,0
DA:46,0
DA:47,0
DA:49,0
DA:50,0
DA:55,2
DA:56,0
DA:57,0
DA:58,0
DA:59,0
DA:61,0
DA:62,0
LF:30
LH:4
BRDA:16,0,0,0
BRDA:16,0,1,0
BRF:2
BRH:0
end_of_record
TN:
SF:controllers/userController.js
FN:8,(anonymous_0)
FN:13,(anonymous_1)
FN:35,(anonymous_2)
FN:73,(anonymous_3)
FNF:4
FNH:1
FNDA:0,(anonymous_0)
FNDA:0,(anonymous_1)
FNDA:0,(anonymous_2)
FNDA:2,(anonymous_3)
DA:8,5
DA:9,0
DA:13,5
DA:14,0
DA:15,0
DA:16,0
DA:17,0
DA:18,0
DA:20,0
DA:21,0
DA:22,0
DA:23,0
DA:25,0
DA:28,0
DA:29,0
DA:35,5
DA:36,0
DA:37,0
DA:39,0
DA:40,0
DA:41,0
DA:44,0
DA:45,0
DA:47,0
DA:48,0
DA:51,0
DA:52,0
DA:55,0
DA:61,0
DA:62,0
DA:63,0
DA:65,0
DA:66,0
DA:73,5
DA:74,2
DA:75,2
DA:76,2
DA:77,2
DA:78,2
DA:80,0
DA:83,0
DA:84,0
LF:42
LH:9
BRDA:17,0,0,0
BRDA:17,0,1,0
BRDA:21,1,0,0
BRDA:21,1,1,0
BRDA:40,2,0,0
BRDA:40,2,1,0
BRDA:44,3,0,0
BRDA:44,3,1,0
BRDA:47,4,0,0
BRDA:47,4,1,0
BRDA:76,5,0,2
BRDA:76,5,1,0
BRDA:76,6,0,2
BRDA:76,6,1,2
BRF:14
BRH:3
end_of_record
TN:
SF:middleware/adminAuth.js
FN:3,(anonymous_0)
FNF:1
FNH:1
FNDA:4,(anonymous_0)
DA:3,3
DA:4,4
DA:5,4
DA:6,4
DA:7,1
DA:9,3
DA:10,0
DA:11,0
DA:13,0
DA:15,3
DA:16,3
LF:11
LH:8
BRDA:6,0,0,1
BRDA:6,0,1,3
BRDA:10,1,0,0
BRDA:10,1,1,0
BRF:4
BRH:2
end_of_record
TN:
SF:middleware/auth.js
FN:3,(anonymous_0)
FNF:1
FNH:1
FNDA:3,(anonymous_0)
DA:3,3
DA:4,3
DA:5,3
DA:6,1
DA:9,2
DA:10,2
DA:11,0
DA:12,0
DA:14,2
DA:15,2
LF:10
LH:8
BRDA:5,0,0,1
BRDA:5,0,1,2
BRF:2
BRH:2
end_of_record
TN:
SF:middleware/multer.js
FN:4,(anonymous_0)
FNF:1
FNH:0
FNDA:0,(anonymous_0)
DA:3,1
DA:5,0
DA:9,1
LF:3
LH:2
BRF:0
BRH:0
end_of_record
TN:
SF:models/orderModel.js
FNF:0
FNH:0
DA:3,1
DA:14,1
LF:2
LH:2
BRDA:14,0,0,1
BRDA:14,0,1,1
BRF:2
BRH:2
end_of_record
TN:
SF:models/productModel.js
FNF:0
FNH:0
DA:3,2
DA:13,2
LF:2
LH:2
BRDA:13,0,0,2
BRDA:13,0,1,2
BRF:2
BRH:2
end_of_record
TN:
SF:models/userModel.js
FNF:0
FNH:0
DA:3,6
DA:10,6
LF:2
LH:2
BRDA:10,0,0,6
BRDA:10,0,1,6
BRF:2
BRH:2
end_of_record
TN:
SF:routes/cartRoute.js
FNF:0
FNH:0
DA:6,1
DA:8,1
DA:9,1
DA:10,1
LF:4
LH:4
BRF:0
BRH:0
end_of_record
TN:
SF:routes/orderRoute.js
FNF:0
FNH:0
DA:6,1
DA:9,1
DA:10,1
DA:13,1
DA:16,1
LF:5
LH:5
BRF:0
BRH:0
end_of_record
TN:
SF:routes/productRoute.js
FNF:0
FNH:0
DA:6,1
DA:8,1
DA:9,1
DA:10,1
DA:11,1
LF:5
LH:5
BRF:0
BRH:0
end_of_record
TN:
SF:routes/userRoute.js
FNF:0
FNH:0
DA:4,4
DA:6,4
DA:7,4
DA:8,4
LF:4
LH:4
BRF:0
BRH:0
end_of_record
